2019/09/20 19:55:08 [conf.go:34][D] 网关配置文件初始化结束...%!(EXTRA main.Config={0 127.0.0.1 11 1 6 8500 1000 2 http://10.0.0.88:8089 http://10.0.0.88:8088 http://10.0.0.222:8087})
2019/09/20 19:55:08 [hall.go:72][D] 大厅初始化结束
2019/09/20 19:55:08 [hall.go:74][D] 游服初始化结束
2019/09/20 19:55:08 [mgrdesk.go:410][D] 获取游戏服务器信息成功%!(EXTRA main.DbGetGameServerData={100 true true 11 抢庄二八杠 6 体验厅 140 999999999999 0 true 0 198 300 100 0 0 1 匹配房间 qzebg {[] 0 0 0 0 0 0}})
2019/09/20 19:55:08 [mgrdesk.go:436][D] 获取玩家层级胜率成功%!(EXTRA []main.DbHierarchyGameRate=[{-0.16 9} {-0.35 10} {-0.12 11} {-1 36} {0.8 38} {0.12 39} {0.12 40} {0.12 41} {0.12 42} {0.12 43} {0.12 44} {0.12 45} {0.12 46} {0.12 47} {0.12 48} {0.12 49}])
2019/09/20 19:55:08 [main.go:19][D] 服务器运行开始
2019/09/20 19:56:20 [ext_desk.go:69][D] 阶段：%!(EXTRA int=1)
2019/09/20 19:56:22 [ext_desk.go:69][D] 阶段：%!(EXTRA int=11)
2019/09/20 19:56:32 [ext_desk.go:69][D] 阶段：%!(EXTRA int=12)
2019/09/20 19:56:44 [ext_desk.go:69][D] 阶段：%!(EXTRA int=13)
2019/09/20 19:56:49 [ext_desk.go:69][D] 阶段：%!(EXTRA int=14)
2019/09/20 19:56:59 [ext_desk.go:69][D] 阶段：%!(EXTRA int=15)
2019/09/20 19:57:04 [ext_desk.go:69][D] 阶段：%!(EXTRA int=1)
2019/09/20 19:57:07 [ext_desk.go:69][D] 阶段：%!(EXTRA int=11)
2019/09/20 19:57:17 [ext_desk.go:69][D] 阶段：%!(EXTRA int=12)
2019/09/20 19:57:29 [ext_desk.go:69][D] 阶段：%!(EXTRA int=13)
2019/09/20 19:57:34 [ext_desk.go:69][D] 阶段：%!(EXTRA int=14)
2019/09/20 19:57:44 [ext_desk.go:69][D] 阶段：%!(EXTRA int=15)
2019/09/20 19:57:49 [ext_desk.go:69][D] 阶段：%!(EXTRA int=1)
2019/09/20 19:57:52 [ext_desk.go:69][D] 阶段：%!(EXTRA int=11)
2019/09/20 19:58:02 [ext_desk.go:69][D] 阶段：%!(EXTRA int=12)
2019/09/20 19:58:14 [ext_desk.go:69][D] 阶段：%!(EXTRA int=13)
2019/09/20 19:58:19 [ext_desk.go:69][D] 阶段：%!(EXTRA int=14)
2019/09/20 19:58:29 [ext_desk.go:69][D] 阶段：%!(EXTRA int=15)
2019/09/20 19:58:34 [ext_desk.go:69][D] 阶段：%!(EXTRA int=1)
2019/09/20 19:58:37 [ext_desk.go:69][D] 阶段：%!(EXTRA int=11)
2019/09/20 19:58:47 [ext_desk.go:69][D] 阶段：%!(EXTRA int=12)
2019/09/20 19:58:59 [ext_desk.go:69][D] 阶段：%!(EXTRA int=13)
2019/09/20 19:59:04 [ext_desk.go:69][D] 阶段：%!(EXTRA int=14)
2019/09/20 19:59:14 [ext_desk.go:69][D] 阶段：%!(EXTRA int=15)
2019/09/20 19:59:19 [ext_desk.go:69][D] 阶段：%!(EXTRA int=1)
2019/09/20 19:59:22 [ext_desk.go:69][D] 阶段：%!(EXTRA int=11)
2019/09/20 19:59:32 [ext_desk.go:69][D] 阶段：%!(EXTRA int=12)
2019/09/20 19:59:44 [ext_desk.go:69][D] 阶段：%!(EXTRA int=13)
2019/09/20 19:59:49 [ext_desk.go:69][D] 阶段：%!(EXTRA int=14)
2019/09/23 17:33:59 [conf.go:34][D] 网关配置文件初始化结束...%!(EXTRA main.Config={0 127.0.0.1 11 1 6 8500 1000 2 http://10.0.0.148:8089 http://10.0.0.148:8088 http://10.0.0.222:8087})
2019/09/23 17:33:59 [hall.go:72][D] 大厅初始化结束
2019/09/23 17:33:59 [hall.go:74][D] 游服初始化结束
2019/09/23 17:34:20 [mgrdesk.go:399][D] 获取游戏服务器信息失败%!(EXTRA *url.Error=Get http://10.0.0.148:8088/web/gameInfo/gameinfo?gradeId=6&gameId=11&roomId=1: dial tcp 10.0.0.148:8088: connectex: 由于连接方在一段时间后没有正确答复或连接的主机没有反应，连接尝试失败。)
2019/09/23 17:37:41 [conf.go:34][D] 网关配置文件初始化结束...%!(EXTRA main.Config={0 127.0.0.1 11 1 6 8500 1000 2 http://10.0.0.88:8089 http://10.0.0.88:8088 http://10.0.0.222:8087})
2019/09/23 17:37:41 [hall.go:72][D] 大厅初始化结束
2019/09/23 17:37:41 [hall.go:74][D] 游服初始化结束
2019/09/23 17:37:41 [mgrdesk.go:410][D] 获取游戏服务器信息成功%!(EXTRA main.DbGetGameServerData={100 true true 11 抢庄二八杠 6 体验厅 140 999999999999 0 true 0 198 300 100 0 0 1 匹配房间 qzebg {[] 0 0 0 0 0 0}})
2019/09/23 17:37:41 [mgrdesk.go:436][D] 获取玩家层级胜率成功%!(EXTRA []main.DbHierarchyGameRate=[{-0.16 9} {-0.35 10} {-0.12 11} {-1 36} {0.8 38} {0.12 39} {0.12 40} {0.12 41} {0.12 42} {0.12 43} {0.12 44} {0.12 45} {0.12 46} {0.12 47} {0.12 48} {0.12 49}])
2019/09/23 17:37:41 [main.go:19][D] 服务器运行开始
2019/09/23 17:41:31 [ext_desk.go:69][D] 阶段：%!(EXTRA int=1)
2019/09/23 17:41:34 [ext_desk.go:69][D] 阶段：%!(EXTRA int=11)
2019/09/23 17:41:44 [ext_desk.go:69][D] 阶段：%!(EXTRA int=12)
2019/09/23 17:41:56 [ext_desk.go:69][D] 阶段：%!(EXTRA int=13)
2019/09/23 17:42:01 [ext_desk.go:69][D] 阶段：%!(EXTRA int=14)
2019/09/23 17:42:11 [conf.go:34][D] 网关配置文件初始化结束...%!(EXTRA main.Config={0 127.0.0.1 11 1 6 8500 1000 3 http://10.0.0.88:8089 http://10.0.0.88:8088 http://10.0.0.222:8087})
2019/09/23 17:42:11 [hall.go:72][D] 大厅初始化结束
2019/09/23 17:42:11 [hall.go:74][D] 游服初始化结束
2019/09/23 17:42:11 [mgrdesk.go:410][D] 获取游戏服务器信息成功%!(EXTRA main.DbGetGameServerData={100 true true 11 抢庄二八杠 6 体验厅 140 999999999999 0 true 0 198 300 100 0 0 1 匹配房间 qzebg {[] 0 0 0 0 0 0}})
2019/09/23 17:42:11 [mgrdesk.go:436][D] 获取玩家层级胜率成功%!(EXTRA []main.DbHierarchyGameRate=[{-0.16 9} {-0.35 10} {-0.12 11} {-1 36} {0.8 38} {0.12 39} {0.12 40} {0.12 41} {0.12 42} {0.12 43} {0.12 44} {0.12 45} {0.12 46} {0.12 47} {0.12 48} {0.12 49}])
2019/09/23 17:42:11 [main.go:19][D] 服务器运行开始
2019/09/23 17:44:18 [ext_desk.go:69][D] 阶段：%!(EXTRA int=1)
2019/09/23 17:44:20 [ext_desk.go:69][D] 阶段：%!(EXTRA int=11)
2019/09/23 17:44:30 [ext_desk.go:69][D] 阶段：%!(EXTRA int=12)
2019/09/23 17:44:41 [ext_desk.go:69][D] 阶段：%!(EXTRA int=13)
2019/09/23 17:44:45 [ext_desk.go:69][D] 阶段：%!(EXTRA int=14)
2019/09/23 17:44:55 [ext_desk.go:69][D] 阶段：%!(EXTRA int=15)
2019/09/23 17:45:00 [ext_desk.go:69][D] 阶段：%!(EXTRA int=1)
2019/09/23 17:45:03 [ext_desk.go:69][D] 阶段：%!(EXTRA int=11)
2019/09/23 17:45:13 [ext_desk.go:69][D] 阶段：%!(EXTRA int=12)
2019/09/23 17:45:25 [ext_desk.go:69][D] 阶段：%!(EXTRA int=13)
2019/09/23 17:45:30 [ext_desk.go:69][D] 阶段：%!(EXTRA int=14)
2019/09/23 17:45:40 [ext_desk.go:69][D] 阶段：%!(EXTRA int=15)
2019/09/23 17:45:45 [ext_desk.go:69][D] 阶段：%!(EXTRA int=1)
2019/09/23 17:45:48 [ext_desk.go:69][D] 阶段：%!(EXTRA int=11)
2019/09/23 17:45:57 [ext_desk.go:69][D] 阶段：%!(EXTRA int=12)
2019/09/23 17:46:08 [ext_desk.go:69][D] 阶段：%!(EXTRA int=13)
2019/09/23 17:46:13 [ext_desk.go:69][D] 阶段：%!(EXTRA int=14)
2019/09/23 17:46:23 [ext_desk.go:69][D] 阶段：%!(EXTRA int=15)
2019/09/23 17:46:28 [ext_desk.go:69][D] 阶段：%!(EXTRA int=1)
2019/09/23 17:46:31 [ext_desk.go:69][D] 阶段：%!(EXTRA int=11)
2019/09/23 17:46:41 [ext_desk.go:69][D] 阶段：%!(EXTRA int=12)
2019/09/23 17:46:53 [ext_desk.go:69][D] 阶段：%!(EXTRA int=13)
2019/09/23 17:46:58 [ext_desk.go:69][D] 阶段：%!(EXTRA int=14)
2019/09/23 17:47:08 [ext_desk.go:69][D] 阶段：%!(EXTRA int=15)
2019/09/23 17:47:13 [ext_desk.go:69][D] 阶段：%!(EXTRA int=1)
2019/09/23 17:47:16 [ext_desk.go:69][D] 阶段：%!(EXTRA int=11)
2019/09/23 17:47:22 [ext_desk.go:69][D] 阶段：%!(EXTRA int=12)
2019/09/23 17:47:33 [ext_desk.go:69][D] 阶段：%!(EXTRA int=13)
2019/09/23 17:47:38 [ext_desk.go:69][D] 阶段：%!(EXTRA int=14)
2019/09/23 17:49:48 [ext_desk.go:69][D] 阶段：%!(EXTRA int=1)
2019/09/23 17:49:50 [ext_desk.go:69][D] 阶段：%!(EXTRA int=11)
2019/09/23 17:50:00 [ext_desk.go:69][D] 阶段：%!(EXTRA int=12)
2019/09/23 17:50:12 [ext_desk.go:69][D] 阶段：%!(EXTRA int=13)
2019/09/23 17:50:17 [ext_desk.go:69][D] 阶段：%!(EXTRA int=14)
2019/09/23 17:50:27 [ext_desk.go:69][D] 阶段：%!(EXTRA int=15)
2019/09/23 17:50:32 [ext_desk.go:69][D] 阶段：%!(EXTRA int=1)
2019/09/23 17:50:35 [ext_desk.go:69][D] 阶段：%!(EXTRA int=11)
2019/09/23 17:50:45 [ext_desk.go:69][D] 阶段：%!(EXTRA int=12)
2019/09/23 17:50:57 [ext_desk.go:69][D] 阶段：%!(EXTRA int=13)
2019/09/23 17:51:02 [ext_desk.go:69][D] 阶段：%!(EXTRA int=14)
2019/09/23 17:51:12 [ext_desk.go:69][D] 阶段：%!(EXTRA int=15)
2019/09/23 17:51:17 [ext_desk.go:69][D] 阶段：%!(EXTRA int=1)
2019/09/23 17:51:20 [ext_desk.go:69][D] 阶段：%!(EXTRA int=11)
2019/09/23 17:51:30 [ext_desk.go:69][D] 阶段：%!(EXTRA int=12)
2019/09/23 17:51:42 [ext_desk.go:69][D] 阶段：%!(EXTRA int=13)
2019/09/23 17:51:47 [ext_desk.go:69][D] 阶段：%!(EXTRA int=14)
2019/09/23 17:51:57 [ext_desk.go:69][D] 阶段：%!(EXTRA int=15)
2019/09/23 17:52:02 [ext_desk.go:69][D] 阶段：%!(EXTRA int=1)
2019/09/23 17:52:05 [ext_desk.go:69][D] 阶段：%!(EXTRA int=11)
2019/09/23 17:52:15 [ext_desk.go:69][D] 阶段：%!(EXTRA int=12)
2019/09/23 17:52:27 [ext_desk.go:69][D] 阶段：%!(EXTRA int=13)
2019/09/23 17:52:32 [ext_desk.go:69][D] 阶段：%!(EXTRA int=14)
2019/09/23 17:52:42 [ext_desk.go:69][D] 阶段：%!(EXTRA int=15)
2019/09/23 17:52:47 [ext_desk.go:69][D] 阶段：%!(EXTRA int=1)
2019/09/23 17:52:50 [ext_desk.go:69][D] 阶段：%!(EXTRA int=11)
2019/09/23 17:53:00 [ext_desk.go:69][D] 阶段：%!(EXTRA int=12)
2019/09/23 17:53:12 [ext_desk.go:69][D] 阶段：%!(EXTRA int=13)
2019/09/23 17:53:17 [ext_desk.go:69][D] 阶段：%!(EXTRA int=14)
2019/09/23 17:53:48 [ext_desk.go:69][D] 阶段：%!(EXTRA int=1)
2019/09/23 17:53:50 [ext_desk.go:69][D] 阶段：%!(EXTRA int=11)
2019/09/23 17:54:00 [ext_desk.go:69][D] 阶段：%!(EXTRA int=12)
2019/09/23 17:54:12 [ext_desk.go:69][D] 阶段：%!(EXTRA int=13)
2019/09/23 17:54:17 [ext_desk.go:69][D] 阶段：%!(EXTRA int=14)
2019/09/23 17:54:27 [ext_desk.go:69][D] 阶段：%!(EXTRA int=15)
2019/09/23 17:54:32 [ext_desk.go:69][D] 阶段：%!(EXTRA int=1)
2019/09/23 17:54:35 [ext_desk.go:69][D] 阶段：%!(EXTRA int=11)
2019/09/23 17:54:41 [ext_desk.go:69][D] 阶段：%!(EXTRA int=12)
2019/09/23 17:54:49 [ext_desk.go:69][D] 阶段：%!(EXTRA int=13)
2019/09/23 17:54:54 [ext_desk.go:69][D] 阶段：%!(EXTRA int=14)
2019/09/23 17:55:04 [ext_desk.go:69][D] 阶段：%!(EXTRA int=15)
2019/09/23 17:55:09 [ext_desk.go:69][D] 阶段：%!(EXTRA int=1)
2019/09/23 17:55:12 [ext_desk.go:69][D] 阶段：%!(EXTRA int=11)
2019/09/23 17:55:22 [ext_desk.go:69][D] 阶段：%!(EXTRA int=12)
2019/09/23 17:55:34 [ext_desk.go:69][D] 阶段：%!(EXTRA int=13)
2019/09/23 17:55:39 [ext_desk.go:69][D] 阶段：%!(EXTRA int=14)
2019/09/23 17:55:49 [ext_desk.go:69][D] 阶段：%!(EXTRA int=15)
2019/09/23 17:55:54 [ext_desk.go:69][D] 阶段：%!(EXTRA int=1)
2019/09/23 17:55:57 [ext_desk.go:69][D] 阶段：%!(EXTRA int=11)
2019/09/23 17:56:03 [ext_desk.go:69][D] 阶段：%!(EXTRA int=12)
2019/09/23 17:56:15 [ext_desk.go:69][D] 阶段：%!(EXTRA int=13)
2019/09/23 17:56:20 [ext_desk.go:69][D] 阶段：%!(EXTRA int=14)
2019/09/23 17:56:30 [ext_desk.go:69][D] 阶段：%!(EXTRA int=15)
2019/09/23 17:56:35 [ext_desk.go:69][D] 阶段：%!(EXTRA int=1)
2019/09/23 17:56:38 [ext_desk.go:69][D] 阶段：%!(EXTRA int=11)
2019/09/23 17:56:48 [ext_desk.go:69][D] 阶段：%!(EXTRA int=12)
2019/09/23 17:57:00 [ext_desk.go:69][D] 阶段：%!(EXTRA int=13)
2019/09/23 17:57:05 [ext_desk.go:69][D] 阶段：%!(EXTRA int=14)
2019/09/23 17:58:49 [mgrdesk.go:309][D] 用户不在匹配和游戏中
2019/09/23 17:58:50 [mgrdesk.go:309][D] 用户不在匹配和游戏中
2019/09/23 17:58:53 [mgrdesk.go:309][D] 用户不在匹配和游戏中
2019/09/23 17:59:32 [ext_desk.go:69][D] 阶段：%!(EXTRA int=1)
2019/09/23 17:59:34 [ext_desk.go:69][D] 阶段：%!(EXTRA int=11)
2019/09/23 17:59:44 [ext_desk.go:69][D] 阶段：%!(EXTRA int=12)
2019/09/23 17:59:56 [ext_desk.go:69][D] 阶段：%!(EXTRA int=13)
2019/09/23 18:00:01 [ext_desk.go:69][D] 阶段：%!(EXTRA int=14)
2019/09/23 18:00:11 [ext_desk.go:69][D] 阶段：%!(EXTRA int=15)
2019/09/23 18:00:16 [ext_desk.go:69][D] 阶段：%!(EXTRA int=1)
2019/09/23 18:00:19 [ext_desk.go:69][D] 阶段：%!(EXTRA int=11)
2019/09/23 18:00:29 [ext_desk.go:69][D] 阶段：%!(EXTRA int=12)
2019/09/23 18:00:41 [ext_desk.go:69][D] 阶段：%!(EXTRA int=13)
2019/09/23 18:00:46 [ext_desk.go:69][D] 阶段：%!(EXTRA int=14)
2019/09/23 18:00:56 [ext_desk.go:69][D] 阶段：%!(EXTRA int=15)
2019/09/23 18:01:01 [ext_desk.go:69][D] 阶段：%!(EXTRA int=1)
2019/09/23 18:01:04 [ext_desk.go:69][D] 阶段：%!(EXTRA int=11)
2019/09/23 18:01:14 [ext_desk.go:69][D] 阶段：%!(EXTRA int=12)
2019/09/23 18:01:26 [ext_desk.go:69][D] 阶段：%!(EXTRA int=13)
2019/09/23 18:01:31 [ext_desk.go:69][D] 阶段：%!(EXTRA int=14)
2019/09/23 18:01:41 [ext_desk.go:69][D] 阶段：%!(EXTRA int=15)
2019/09/23 18:01:46 [ext_desk.go:69][D] 阶段：%!(EXTRA int=1)
2019/09/23 18:01:49 [ext_desk.go:69][D] 阶段：%!(EXTRA int=11)
2019/09/23 18:01:59 [ext_desk.go:69][D] 阶段：%!(EXTRA int=12)
2019/09/23 18:02:11 [ext_desk.go:69][D] 阶段：%!(EXTRA int=13)
2019/09/23 18:02:16 [ext_desk.go:69][D] 阶段：%!(EXTRA int=14)
2019/09/23 18:02:26 [ext_desk.go:69][D] 阶段：%!(EXTRA int=15)
2019/09/23 18:02:31 [ext_desk.go:69][D] 阶段：%!(EXTRA int=1)
2019/09/23 18:02:34 [ext_desk.go:69][D] 阶段：%!(EXTRA int=11)
2019/09/23 18:02:44 [ext_desk.go:69][D] 阶段：%!(EXTRA int=12)
2019/09/23 18:02:56 [ext_desk.go:69][D] 阶段：%!(EXTRA int=13)
2019/09/23 18:03:01 [ext_desk.go:69][D] 阶段：%!(EXTRA int=14)
2019/09/24 09:24:35 [conf.go:34][D] 网关配置文件初始化结束...%!(EXTRA main.Config={0 127.0.0.1 11 1 6 8500 1000 3 http://10.0.0.88:8089 http://10.0.0.88:8088 http://10.0.0.222:8087})
2019/09/24 09:24:35 [hall.go:72][D] 大厅初始化结束
2019/09/24 09:24:35 [hall.go:74][D] 游服初始化结束
2019/09/24 09:24:35 [mgrdesk.go:410][D] 获取游戏服务器信息成功%!(EXTRA main.DbGetGameServerData={100 true true 11 抢庄二八杠 6 体验厅 140 999999999999 0 true 0 198 300 100 0 0 1 匹配房间 qzebg {[] 0 0 0 0 0 0}})
2019/09/24 09:24:35 [mgrdesk.go:436][D] 获取玩家层级胜率成功%!(EXTRA []main.DbHierarchyGameRate=[{-0.16 9} {-0.35 10} {-0.12 11} {-1 36} {0.8 38} {0.12 39} {0.12 40} {0.12 41} {0.12 42} {0.12 43} {0.12 44} {0.12 45} {0.12 46} {0.12 47} {0.12 48} {0.12 49}])
2019/09/24 09:24:35 [main.go:19][D] 服务器运行开始
2019/09/24 10:23:20 [conf.go:34][D] 网关配置文件初始化结束...%!(EXTRA main.Config={0 127.0.0.1 11 1 6 8500 1000 3 http://10.0.0.88:8089 http://10.0.0.88:8088 http://10.0.0.222:8087})
2019/09/24 10:23:20 [hall.go:72][D] 大厅初始化结束
2019/09/24 10:23:20 [hall.go:74][D] 游服初始化结束
2019/09/24 10:23:20 [mgrdesk.go:410][D] 获取游戏服务器信息成功%!(EXTRA main.DbGetGameServerData={100 true true 11 抢庄二八杠 6 体验厅 140 999999999999 0 true 0 198 300 100 0 0 1 匹配房间 qzebg {[] 0 0 0 0 0 0}})
2019/09/24 10:23:20 [mgrdesk.go:436][D] 获取玩家层级胜率成功%!(EXTRA []main.DbHierarchyGameRate=[{-0.16 9} {-0.35 10} {-0.12 11} {-1 36} {0.8 38} {0.12 39} {0.12 40} {0.12 41} {0.12 42} {0.12 43} {0.12 44} {0.12 45} {0.12 46} {0.12 47} {0.12 48} {0.12 49}])
2019/09/24 10:23:20 [main.go:19][D] 服务器运行开始
