2019/08/23 17:27:50.393 [D] [conf.go:34]  网关配置文件初始化结束...%!(EXTRA main.Config={0 192.168.0.139 9 3 6 8700 1 500 http://10.0.0.148:8089 http://10.0.0.148:8088 http://192.168.0.181:8087})
2019/08/23 17:27:50.393 [D] [ext_timer.go:15]  洗牌中
2019/08/23 17:27:50.408 [D] [hall.go:72]  大厅初始化结束
2019/08/23 17:27:50.408 [D] [hall.go:74]  游服初始化结束
2019/08/23 17:27:53.408 [D] [ext_timer.go:39]  准备中
2019/08/23 17:27:53.467 [D] [mgrdesk.go:442]  获取游戏服务器信息失败%!(EXTRA *url.Error=Get http://10.0.0.148:8088/web/gameInfo/gameinfo?gradeId=6&gameId=9&roomId=3: dial tcp 10.0.0.148:8088: connectex: 由于目标计算机积极拒绝，无法连接。)
2019/08/23 17:28:18.567 [D] [conf.go:34]  网关配置文件初始化结束...%!(EXTRA main.Config={0 192.168.0.139 9 3 6 8700 1 500 http://10.0.0.88:8089 http://10.0.0.88:8088 http://192.168.0.181:8087})
2019/08/23 17:28:18.568 [D] [ext_timer.go:15]  洗牌中
2019/08/23 17:28:18.576 [D] [hall.go:72]  大厅初始化结束
2019/08/23 17:28:18.576 [D] [hall.go:74]  游服初始化结束
2019/08/23 17:28:18.715 [D] [mgrdesk.go:453]  获取游戏服务器信息成功%!(EXTRA main.DbGetGameServerData={100 true true 9 龙虎斗 6 体验厅 133 999999999999 0 true 0 0 300 100 0.05 0 3 百人房间 lhd {[] 0 0 0 0 0 0}})
2019/08/23 17:28:18.881 [D] [mgrdesk.go:479]  获取玩家层级胜率成功%!(EXTRA []main.DbHierarchyGameRate=[{-0.16 9} {-0.35 10} {-0.12 11} {-1 36} {0.8 38} {0.12 39} {0.12 40} {0.12 41} {0.12 42} {0.12 43} {0.12 44} {0.12 45} {0.12 46} {0.12 47} {0.12 48} {0.12 49}])
2019/08/23 17:28:18.881 [D] [main.go:19]  服务器运行开始
2019/08/23 17:28:18.885 [D] [main.go:30]  main Serve:%!(EXTRA *net.OpError=listen tcp :8700: bind: 通常每个套接字地址(协议/网络地址/端口)只允许使用一次。)
2019/08/23 17:28:30.883 [D] [conf.go:34]  网关配置文件初始化结束...%!(EXTRA main.Config={0 192.168.0.139 9 3 6 8500 1 500 http://10.0.0.88:8089 http://10.0.0.88:8088 http://192.168.0.181:8087})
2019/08/23 17:28:30.884 [D] [ext_timer.go:15]  洗牌中
2019/08/23 17:28:30.892 [D] [hall.go:72]  大厅初始化结束
2019/08/23 17:28:30.892 [D] [hall.go:74]  游服初始化结束
2019/08/23 17:28:30.942 [D] [mgrdesk.go:453]  获取游戏服务器信息成功%!(EXTRA main.DbGetGameServerData={100 true true 9 龙虎斗 6 体验厅 133 999999999999 0 true 0 0 300 100 0.05 0 3 百人房间 lhd {[] 0 0 0 0 0 0}})
2019/08/23 17:28:30.960 [D] [mgrdesk.go:479]  获取玩家层级胜率成功%!(EXTRA []main.DbHierarchyGameRate=[{-0.16 9} {-0.35 10} {-0.12 11} {-1 36} {0.8 38} {0.12 39} {0.12 40} {0.12 41} {0.12 42} {0.12 43} {0.12 44} {0.12 45} {0.12 46} {0.12 47} {0.12 48} {0.12 49}])
2019/08/23 17:28:30.960 [D] [main.go:19]  服务器运行开始
2019/08/23 17:28:33.892 [D] [ext_timer.go:39]  准备中
2019/08/23 17:28:36.892 [D] [ext_timer.go:86]  发牌中
2019/08/23 17:28:39.892 [D] [ext_timer.go:106]  下注中
2019/08/23 17:28:59.893 [D] [ext_timer.go:139]  停止下注
2019/08/23 17:28:59.893 [D] [ext_timer.go:213]  点杀概率%!(EXTRA float64=0)
2019/08/23 17:29:03.892 [D] [ext_timer.go:277]  开牌
2019/08/23 17:29:09.894 [D] [ext_timer.go:345]  派奖中
2019/08/23 17:29:09.894 [D] [ext_timer.go:538]  结算中
2019/08/23 17:29:09.894 [D] [ext_timer.go:520]  Count:%!(EXTRA int=293)
2019/08/23 17:29:18.892 [D] [ext_timer.go:39]  准备中
2019/08/23 17:29:21.892 [D] [ext_timer.go:86]  发牌中
2019/08/23 17:29:24.892 [D] [ext_timer.go:106]  下注中
2019/08/23 17:29:44.893 [D] [ext_timer.go:139]  停止下注
2019/08/23 17:29:44.893 [D] [ext_timer.go:213]  点杀概率%!(EXTRA float64=0)
2019/08/23 17:29:51.509 [D] [conf.go:34]  网关配置文件初始化结束...%!(EXTRA main.Config={0 192.168.0.139 9 3 2 8500 1 500 http://10.0.0.88:8089 http://10.0.0.88:8088 http://192.168.0.181:8087})
2019/08/23 17:29:51.509 [D] [ext_timer.go:15]  洗牌中
2019/08/23 17:29:51.518 [D] [hall.go:72]  大厅初始化结束
2019/08/23 17:29:51.518 [D] [hall.go:74]  游服初始化结束
2019/08/23 17:29:51.583 [D] [mgrdesk.go:453]  获取游戏服务器信息成功%!(EXTRA main.DbGetGameServerData={100 true true 9 龙虎斗 2 王牌厅 26 9223372036854776 0 true 0 0 300 100 0 1000000 3 百人房间 lhd {[{0.45 5000000 0} {0.35 20000000 5000000} {0.25 999999999990000 20000000}] 118400001 1 10000 0.5 1 5}})
2019/08/23 17:29:51.647 [D] [mgrdesk.go:479]  获取玩家层级胜率成功%!(EXTRA []main.DbHierarchyGameRate=[{-0.16 9} {-0.35 10} {-0.12 11} {-1 36} {0.8 38} {0.12 39} {0.12 40} {0.12 41} {0.12 42} {0.12 43} {0.12 44} {0.12 45} {0.12 46} {0.12 47} {0.12 48} {0.12 49}])
2019/08/23 17:29:51.647 [D] [main.go:19]  服务器运行开始
2019/08/23 17:29:54.518 [D] [ext_timer.go:39]  准备中
2019/08/23 17:29:57.518 [D] [ext_timer.go:86]  发牌中
2019/08/23 17:30:00.519 [D] [ext_timer.go:106]  下注中
2019/08/23 17:30:20.519 [D] [ext_timer.go:139]  停止下注
2019/08/23 17:30:20.519 [D] [ext_timer.go:214]  点杀概率%!(EXTRA float64=0.5)
2019/08/23 17:30:24.520 [D] [ext_timer.go:278]  开牌
2019/08/23 17:30:30.520 [D] [ext_timer.go:346]  派奖中
2019/08/23 17:30:30.520 [D] [ext_timer.go:539]  结算中
2019/08/23 17:30:30.520 [D] [ext_timer.go:521]  Count:%!(EXTRA int=289)
2019/08/23 17:30:39.518 [D] [ext_timer.go:39]  准备中
2019/08/23 17:30:42.518 [D] [ext_timer.go:86]  发牌中
2019/08/23 17:30:45.518 [D] [ext_timer.go:106]  下注中
2019/08/23 17:30:54.009 [D] [ext_handlerAuto.go:28]  正在匹配
2019/08/23 17:31:05.518 [D] [ext_timer.go:139]  停止下注
2019/08/23 17:31:05.518 [D] [ext_timer.go:199]  获取玩家胜率：%!(EXTRA float32=-0.12)
2019/08/23 17:31:05.518 [D] [ext_timer.go:214]  点杀概率%!(EXTRA float64=0.5)
2019/08/23 17:31:09.518 [D] [ext_timer.go:278]  开牌
2019/08/23 17:31:15.518 [D] [ext_timer.go:346]  派奖中
2019/08/23 17:31:15.518 [D] [ext_timer.go:539]  结算中
2019/08/23 17:31:15.518 [D] [ext_timer.go:458]  真是输赢:%!(EXTRA int64=0)
2019/08/23 17:31:15.518 [D] [ext_timer.go:510]  该玩家没有下注，不存本局记录!!
2019/08/23 17:31:15.518 [D] [ext_timer.go:521]  Count:%!(EXTRA int=286)
2019/08/23 17:31:24.518 [D] [ext_timer.go:39]  准备中
2019/08/23 17:31:24.518 [D] [ext_handlerReconnect.go:156]  用户金币%!(EXTRA int64=154601400)
2019/08/23 17:31:27.519 [D] [ext_timer.go:86]  发牌中
2019/08/23 17:31:30.518 [D] [ext_timer.go:106]  下注中
2019/08/23 17:31:50.518 [D] [ext_timer.go:139]  停止下注
2019/08/23 17:31:50.518 [D] [ext_timer.go:199]  获取玩家胜率：%!(EXTRA float32=-0.12)
2019/08/23 17:31:50.518 [D] [ext_timer.go:214]  点杀概率%!(EXTRA float64=0.5)
2019/08/23 17:31:50.518 [D] [ext_timer.go:246]  库存概率%!(EXTRA float32=0.25)
2019/08/23 17:31:54.520 [D] [ext_timer.go:278]  开牌
2019/08/23 17:32:00.520 [D] [ext_timer.go:346]  派奖中
2019/08/23 17:32:00.520 [D] [ext_timer.go:539]  结算中
2019/08/23 17:32:00.520 [D] [ext_timer.go:458]  真是输赢:%!(EXTRA int64=0)
2019/08/23 17:32:00.520 [D] [hall.go:889]  发送修改金币
2019/08/23 17:32:00.521 [D] [ext_timer.go:507]  该玩家下注，将其记录存入！！
2019/08/23 17:32:00.521 [D] [ext_timer.go:521]  Count:%!(EXTRA int=283)
2019/08/23 17:32:00.607 [D] [hall.go:810]  发送保存记录
2019/08/23 17:32:00.677 [D] [hall.go:857]  发送斗地主的保存记录
2019/08/23 17:32:09.519 [D] [ext_timer.go:39]  准备中
2019/08/23 17:32:09.519 [D] [ext_handlerReconnect.go:156]  用户金币%!(EXTRA int64=154601400)
2019/08/23 17:32:12.520 [D] [ext_timer.go:86]  发牌中
2019/08/23 17:32:15.519 [D] [ext_timer.go:106]  下注中
2019/08/23 17:32:35.520 [D] [ext_timer.go:139]  停止下注
2019/08/23 17:32:35.520 [D] [ext_timer.go:199]  获取玩家胜率：%!(EXTRA float32=-0.12)
2019/08/23 17:32:35.520 [D] [ext_timer.go:214]  点杀概率%!(EXTRA float64=0.5)
2019/08/23 17:32:35.520 [D] [ext_timer.go:246]  库存概率%!(EXTRA float32=0.25)
2019/08/23 17:32:39.520 [D] [ext_timer.go:278]  开牌
2019/08/23 17:32:45.520 [D] [ext_timer.go:346]  派奖中
2019/08/23 17:32:45.520 [D] [ext_timer.go:539]  结算中
2019/08/23 17:32:45.520 [D] [ext_timer.go:458]  真是输赢:%!(EXTRA int64=0)
2019/08/23 17:32:45.520 [D] [ext_timer.go:507]  该玩家下注，将其记录存入！！
2019/08/23 17:32:45.520 [D] [hall.go:889]  发送修改金币
2019/08/23 17:32:45.520 [D] [ext_timer.go:521]  Count:%!(EXTRA int=280)
2019/08/23 17:32:45.588 [D] [hall.go:810]  发送保存记录
2019/08/23 17:32:45.637 [D] [hall.go:857]  发送斗地主的保存记录
2019/08/23 17:32:54.520 [D] [ext_timer.go:39]  准备中
2019/08/23 17:32:54.520 [D] [ext_handlerReconnect.go:156]  用户金币%!(EXTRA int64=154601400)
2019/08/23 17:32:57.520 [D] [ext_timer.go:86]  发牌中
2019/08/23 17:33:00.518 [D] [ext_timer.go:106]  下注中
2019/08/23 17:33:20.519 [D] [ext_timer.go:139]  停止下注
2019/08/23 17:33:20.519 [D] [ext_timer.go:199]  获取玩家胜率：%!(EXTRA float32=-0.12)
2019/08/23 17:33:20.519 [D] [ext_timer.go:214]  点杀概率%!(EXTRA float64=0.5)
2019/08/23 17:33:24.518 [D] [ext_timer.go:278]  开牌
2019/08/23 17:33:30.518 [D] [ext_timer.go:346]  派奖中
2019/08/23 17:33:30.518 [D] [ext_timer.go:539]  结算中
2019/08/23 17:33:30.518 [D] [ext_timer.go:458]  真是输赢:%!(EXTRA int64=0)
2019/08/23 17:33:30.518 [D] [ext_timer.go:510]  该玩家没有下注，不存本局记录!!
2019/08/23 17:33:30.518 [D] [ext_timer.go:521]  Count:%!(EXTRA int=277)
2019/08/23 17:33:39.519 [D] [ext_timer.go:39]  准备中
2019/08/23 17:33:39.519 [D] [ext_handlerReconnect.go:156]  用户金币%!(EXTRA int64=154601400)
2019/08/23 17:33:42.520 [D] [ext_timer.go:86]  发牌中
2019/08/23 17:33:45.519 [D] [ext_timer.go:106]  下注中
2019/08/23 17:34:05.518 [D] [ext_timer.go:139]  停止下注
2019/08/23 17:34:05.518 [D] [ext_timer.go:199]  获取玩家胜率：%!(EXTRA float32=-0.12)
2019/08/23 17:34:05.518 [D] [ext_timer.go:214]  点杀概率%!(EXTRA float64=0.5)
2019/08/23 17:34:09.520 [D] [ext_timer.go:278]  开牌
2019/08/23 17:34:15.518 [D] [ext_timer.go:346]  派奖中
2019/08/23 17:34:15.518 [D] [ext_timer.go:539]  结算中
2019/08/23 17:34:15.518 [D] [ext_timer.go:458]  真是输赢:%!(EXTRA int64=0)
2019/08/23 17:34:15.518 [D] [ext_timer.go:510]  该玩家没有下注，不存本局记录!!
2019/08/23 17:34:15.518 [D] [ext_timer.go:521]  Count:%!(EXTRA int=274)
2019/08/23 17:34:24.519 [D] [ext_timer.go:39]  准备中
2019/08/23 17:34:24.519 [D] [ext_handlerReconnect.go:156]  用户金币%!(EXTRA int64=154601400)
2019/08/23 17:34:27.518 [D] [ext_timer.go:86]  发牌中
2019/08/23 17:34:30.518 [D] [ext_timer.go:106]  下注中
2019/08/23 17:34:50.518 [D] [ext_timer.go:139]  停止下注
2019/08/23 17:34:50.518 [D] [ext_timer.go:199]  获取玩家胜率：%!(EXTRA float32=-0.12)
2019/08/23 17:34:50.518 [D] [ext_timer.go:214]  点杀概率%!(EXTRA float64=0.5)
2019/08/23 17:34:54.518 [D] [ext_timer.go:278]  开牌
2019/08/23 17:35:00.520 [D] [ext_timer.go:346]  派奖中
2019/08/23 17:35:00.520 [D] [ext_timer.go:539]  结算中
2019/08/23 17:35:00.520 [D] [ext_timer.go:458]  真是输赢:%!(EXTRA int64=0)
2019/08/23 17:35:00.520 [D] [ext_timer.go:510]  该玩家没有下注，不存本局记录!!
2019/08/23 17:35:00.520 [D] [ext_timer.go:521]  Count:%!(EXTRA int=271)
2019/08/23 17:35:09.519 [D] [ext_timer.go:39]  准备中
2019/08/23 17:35:09.519 [D] [ext_handlerReconnect.go:156]  用户金币%!(EXTRA int64=154601400)
2019/08/23 17:35:12.520 [D] [ext_timer.go:86]  发牌中
2019/08/23 17:35:15.520 [D] [ext_timer.go:106]  下注中
2019/08/23 17:35:35.518 [D] [ext_timer.go:139]  停止下注
2019/08/23 17:35:35.518 [D] [ext_timer.go:199]  获取玩家胜率：%!(EXTRA float32=-0.12)
2019/08/23 17:35:35.518 [D] [ext_timer.go:214]  点杀概率%!(EXTRA float64=0.5)
2019/08/23 17:35:39.518 [D] [ext_timer.go:278]  开牌
2019/08/23 17:35:45.520 [D] [ext_timer.go:346]  派奖中
2019/08/23 17:35:45.520 [D] [ext_timer.go:539]  结算中
2019/08/23 17:35:45.520 [D] [ext_timer.go:458]  真是输赢:%!(EXTRA int64=0)
2019/08/23 17:35:45.520 [D] [ext_timer.go:510]  该玩家没有下注，不存本局记录!!
2019/08/23 17:35:45.520 [D] [ext_timer.go:521]  Count:%!(EXTRA int=268)
2019/08/23 17:35:54.520 [D] [ext_timer.go:39]  准备中
2019/08/23 17:35:54.520 [D] [ext_handlerReconnect.go:156]  用户金币%!(EXTRA int64=154601400)
2019/08/23 17:35:57.518 [D] [ext_timer.go:86]  发牌中
2019/08/23 17:36:00.519 [D] [ext_timer.go:106]  下注中
2019/08/23 17:36:20.520 [D] [ext_timer.go:139]  停止下注
2019/08/23 17:36:20.520 [D] [ext_timer.go:199]  获取玩家胜率：%!(EXTRA float32=-0.12)
2019/08/23 17:36:20.520 [D] [ext_timer.go:214]  点杀概率%!(EXTRA float64=0.5)
2019/08/23 17:36:24.520 [D] [ext_timer.go:278]  开牌
2019/08/23 17:36:30.518 [D] [ext_timer.go:346]  派奖中
2019/08/23 17:36:30.518 [D] [ext_timer.go:539]  结算中
2019/08/23 17:36:30.518 [D] [ext_timer.go:458]  真是输赢:%!(EXTRA int64=0)
2019/08/23 17:36:30.518 [D] [ext_timer.go:510]  该玩家没有下注，不存本局记录!!
2019/08/23 17:36:30.518 [D] [ext_timer.go:521]  Count:%!(EXTRA int=265)
2019/08/23 17:36:39.518 [D] [ext_timer.go:39]  准备中
2019/08/23 17:36:39.518 [D] [ext_handlerReconnect.go:156]  用户金币%!(EXTRA int64=154601400)
2019/08/23 17:36:42.518 [D] [ext_timer.go:86]  发牌中
2019/08/23 17:36:45.519 [D] [ext_timer.go:106]  下注中
2019/08/23 17:37:05.519 [D] [ext_timer.go:139]  停止下注
2019/08/23 17:37:05.519 [D] [ext_timer.go:214]  点杀概率%!(EXTRA float64=0.5)
2019/08/23 17:37:09.519 [D] [ext_timer.go:278]  开牌
2019/08/23 17:37:15.518 [D] [ext_timer.go:346]  派奖中
2019/08/23 17:37:15.518 [D] [ext_timer.go:539]  结算中
2019/08/23 17:37:15.518 [D] [ext_timer.go:521]  Count:%!(EXTRA int=262)
2019/08/23 17:37:24.520 [D] [ext_timer.go:39]  准备中
2019/08/23 17:37:27.519 [D] [ext_timer.go:86]  发牌中
2019/08/23 17:37:30.518 [D] [ext_timer.go:106]  下注中
2019/08/23 17:37:50.519 [D] [ext_timer.go:139]  停止下注
2019/08/23 17:37:50.519 [D] [ext_timer.go:214]  点杀概率%!(EXTRA float64=0.5)
2019/08/23 17:37:54.518 [D] [ext_timer.go:278]  开牌
2019/08/23 17:38:00.519 [D] [ext_timer.go:346]  派奖中
2019/08/23 17:38:00.519 [D] [ext_timer.go:539]  结算中
2019/08/23 17:38:00.519 [D] [ext_timer.go:521]  Count:%!(EXTRA int=259)
2019/08/23 17:38:09.519 [D] [ext_timer.go:39]  准备中
2019/08/23 17:38:12.520 [D] [ext_timer.go:86]  发牌中
2019/08/23 17:38:15.520 [D] [ext_timer.go:106]  下注中
2019/08/23 17:38:35.518 [D] [ext_timer.go:139]  停止下注
2019/08/23 17:38:35.518 [D] [ext_timer.go:214]  点杀概率%!(EXTRA float64=0.5)
2019/08/23 17:38:39.518 [D] [ext_timer.go:278]  开牌
2019/08/23 17:38:45.520 [D] [ext_timer.go:346]  派奖中
2019/08/23 17:38:45.520 [D] [ext_timer.go:539]  结算中
2019/08/23 17:38:45.520 [D] [ext_timer.go:521]  Count:%!(EXTRA int=256)
2019/08/23 17:38:54.519 [D] [ext_timer.go:39]  准备中
2019/08/23 17:38:57.518 [D] [ext_timer.go:86]  发牌中
2019/08/23 17:39:00.518 [D] [ext_timer.go:106]  下注中
2019/08/23 17:39:20.519 [D] [ext_timer.go:139]  停止下注
2019/08/23 17:39:20.519 [D] [ext_timer.go:214]  点杀概率%!(EXTRA float64=0.5)
2019/08/23 17:39:24.519 [D] [ext_timer.go:278]  开牌
2019/08/23 17:39:30.520 [D] [ext_timer.go:346]  派奖中
2019/08/23 17:39:30.520 [D] [ext_timer.go:539]  结算中
2019/08/23 17:39:30.520 [D] [ext_timer.go:521]  Count:%!(EXTRA int=253)
2019/08/23 17:39:39.519 [D] [ext_timer.go:39]  准备中
2019/08/23 17:39:42.518 [D] [ext_timer.go:86]  发牌中
2019/08/23 17:39:45.520 [D] [ext_timer.go:106]  下注中
2019/08/23 17:40:05.520 [D] [ext_timer.go:139]  停止下注
2019/08/23 17:40:05.520 [D] [ext_timer.go:214]  点杀概率%!(EXTRA float64=0.5)
2019/08/23 17:40:09.520 [D] [ext_timer.go:278]  开牌
2019/08/23 17:40:15.519 [D] [ext_timer.go:346]  派奖中
2019/08/23 17:40:15.519 [D] [ext_timer.go:539]  结算中
2019/08/23 17:40:15.519 [D] [ext_timer.go:521]  Count:%!(EXTRA int=250)
2019/08/23 17:40:24.518 [D] [ext_timer.go:39]  准备中
2019/08/23 17:40:27.518 [D] [ext_timer.go:86]  发牌中
2019/08/23 17:40:30.518 [D] [ext_timer.go:106]  下注中
2019/08/23 17:40:50.519 [D] [ext_timer.go:139]  停止下注
2019/08/23 17:40:50.519 [D] [ext_timer.go:214]  点杀概率%!(EXTRA float64=0.5)
2019/08/23 17:40:54.519 [D] [ext_timer.go:278]  开牌
2019/08/23 17:41:00.519 [D] [ext_timer.go:346]  派奖中
2019/08/23 17:41:00.519 [D] [ext_timer.go:539]  结算中
2019/08/23 17:41:00.519 [D] [ext_timer.go:521]  Count:%!(EXTRA int=247)
2019/08/23 17:41:09.519 [D] [ext_timer.go:39]  准备中
2019/08/23 17:41:12.518 [D] [ext_timer.go:86]  发牌中
2019/08/23 17:41:15.520 [D] [ext_timer.go:106]  下注中
2019/08/23 17:41:35.518 [D] [ext_timer.go:139]  停止下注
2019/08/23 17:41:35.518 [D] [ext_timer.go:214]  点杀概率%!(EXTRA float64=0.5)
2019/08/23 17:41:39.518 [D] [ext_timer.go:278]  开牌
2019/08/23 17:41:45.519 [D] [ext_timer.go:346]  派奖中
2019/08/23 17:41:45.519 [D] [ext_timer.go:539]  结算中
2019/08/23 17:41:45.519 [D] [ext_timer.go:521]  Count:%!(EXTRA int=244)
2019/08/23 17:41:54.518 [D] [ext_timer.go:39]  准备中
2019/08/23 17:41:57.520 [D] [ext_timer.go:86]  发牌中
2019/08/23 17:42:00.518 [D] [ext_timer.go:106]  下注中
2019/08/23 17:42:20.518 [D] [ext_timer.go:139]  停止下注
2019/08/23 17:42:20.518 [D] [ext_timer.go:214]  点杀概率%!(EXTRA float64=0.5)
2019/08/23 17:42:24.520 [D] [ext_timer.go:278]  开牌
2019/08/23 17:42:30.520 [D] [ext_timer.go:346]  派奖中
2019/08/23 17:42:30.520 [D] [ext_timer.go:539]  结算中
2019/08/23 17:42:30.520 [D] [ext_timer.go:521]  Count:%!(EXTRA int=241)
2019/08/23 17:42:39.520 [D] [ext_timer.go:39]  准备中
2019/08/23 17:42:42.518 [D] [ext_timer.go:86]  发牌中
2019/08/23 17:42:45.519 [D] [ext_timer.go:106]  下注中
2019/08/23 17:43:05.520 [D] [ext_timer.go:139]  停止下注
2019/08/23 17:43:05.520 [D] [ext_timer.go:214]  点杀概率%!(EXTRA float64=0.5)
2019/08/23 17:43:09.520 [D] [ext_timer.go:278]  开牌
2019/08/23 17:43:15.520 [D] [ext_timer.go:346]  派奖中
2019/08/23 17:43:15.520 [D] [ext_timer.go:539]  结算中
2019/08/23 17:43:15.520 [D] [ext_timer.go:521]  Count:%!(EXTRA int=238)
2019/08/23 17:43:24.519 [D] [ext_timer.go:39]  准备中
2019/08/23 17:43:27.518 [D] [ext_timer.go:86]  发牌中
2019/08/23 17:43:30.520 [D] [ext_timer.go:106]  下注中
2019/08/23 17:43:50.519 [D] [ext_timer.go:139]  停止下注
2019/08/23 17:43:50.519 [D] [ext_timer.go:214]  点杀概率%!(EXTRA float64=0.5)
2019/08/23 17:43:54.518 [D] [ext_timer.go:278]  开牌
2019/08/23 17:44:00.519 [D] [ext_timer.go:346]  派奖中
2019/08/23 17:44:00.519 [D] [ext_timer.go:539]  结算中
2019/08/23 17:44:00.519 [D] [ext_timer.go:521]  Count:%!(EXTRA int=235)
2019/08/23 17:44:09.518 [D] [ext_timer.go:39]  准备中
2019/08/23 17:44:12.520 [D] [ext_timer.go:86]  发牌中
2019/08/23 17:44:15.518 [D] [ext_timer.go:106]  下注中
2019/08/23 17:44:35.519 [D] [ext_timer.go:139]  停止下注
2019/08/23 17:44:35.519 [D] [ext_timer.go:214]  点杀概率%!(EXTRA float64=0.5)
2019/08/23 17:44:39.520 [D] [ext_timer.go:278]  开牌
2019/08/23 17:44:45.520 [D] [ext_timer.go:346]  派奖中
2019/08/23 17:44:45.520 [D] [ext_timer.go:539]  结算中
2019/08/23 17:44:45.520 [D] [ext_timer.go:521]  Count:%!(EXTRA int=232)
2019/08/23 17:44:54.519 [D] [ext_timer.go:39]  准备中
2019/08/23 17:44:57.519 [D] [ext_timer.go:86]  发牌中
2019/08/23 17:45:00.518 [D] [ext_timer.go:106]  下注中
2019/08/23 17:45:20.518 [D] [ext_timer.go:139]  停止下注
2019/08/23 17:45:20.518 [D] [ext_timer.go:214]  点杀概率%!(EXTRA float64=0.5)
2019/08/23 17:45:24.520 [D] [ext_timer.go:278]  开牌
2019/08/23 17:45:30.520 [D] [ext_timer.go:346]  派奖中
2019/08/23 17:45:30.520 [D] [ext_timer.go:539]  结算中
2019/08/23 17:45:30.520 [D] [ext_timer.go:521]  Count:%!(EXTRA int=229)
2019/08/23 17:45:39.518 [D] [ext_timer.go:39]  准备中
2019/08/23 17:45:42.518 [D] [ext_timer.go:86]  发牌中
2019/08/23 17:45:45.519 [D] [ext_timer.go:106]  下注中
2019/08/23 17:46:05.518 [D] [ext_timer.go:139]  停止下注
2019/08/23 17:46:05.518 [D] [ext_timer.go:214]  点杀概率%!(EXTRA float64=0.5)
2019/08/23 17:46:09.520 [D] [ext_timer.go:278]  开牌
2019/08/23 17:46:15.520 [D] [ext_timer.go:346]  派奖中
2019/08/23 17:46:15.520 [D] [ext_timer.go:539]  结算中
2019/08/23 17:46:15.520 [D] [ext_timer.go:521]  Count:%!(EXTRA int=226)
2019/08/23 17:46:24.520 [D] [ext_timer.go:39]  准备中
2019/08/23 17:46:27.519 [D] [ext_timer.go:86]  发牌中
2019/08/23 17:46:30.520 [D] [ext_timer.go:106]  下注中
2019/08/23 17:46:50.520 [D] [ext_timer.go:139]  停止下注
2019/08/23 17:46:50.520 [D] [ext_timer.go:214]  点杀概率%!(EXTRA float64=0.5)
2019/08/23 17:46:54.518 [D] [ext_timer.go:278]  开牌
2019/08/23 17:47:00.519 [D] [ext_timer.go:346]  派奖中
2019/08/23 17:47:00.519 [D] [ext_timer.go:539]  结算中
2019/08/23 17:47:00.519 [D] [ext_timer.go:521]  Count:%!(EXTRA int=223)
2019/08/23 17:47:09.518 [D] [ext_timer.go:39]  准备中
2019/08/23 17:47:12.518 [D] [ext_timer.go:86]  发牌中
2019/08/23 17:47:15.518 [D] [ext_timer.go:106]  下注中
2019/08/23 17:47:35.519 [D] [ext_timer.go:139]  停止下注
2019/08/23 17:47:35.519 [D] [ext_timer.go:214]  点杀概率%!(EXTRA float64=0.5)
2019/08/23 17:47:39.518 [D] [ext_timer.go:278]  开牌
2019/08/23 17:47:45.518 [D] [ext_timer.go:346]  派奖中
2019/08/23 17:47:45.518 [D] [ext_timer.go:539]  结算中
2019/08/23 17:47:45.518 [D] [ext_timer.go:521]  Count:%!(EXTRA int=220)
2019/08/23 17:47:54.519 [D] [ext_timer.go:39]  准备中
2019/08/23 17:47:57.519 [D] [ext_timer.go:86]  发牌中
2019/08/23 17:48:00.520 [D] [ext_timer.go:106]  下注中
2019/08/23 17:48:20.519 [D] [ext_timer.go:139]  停止下注
2019/08/23 17:48:20.519 [D] [ext_timer.go:214]  点杀概率%!(EXTRA float64=0.5)
2019/08/23 17:48:24.520 [D] [ext_timer.go:278]  开牌
2019/08/23 17:48:30.520 [D] [ext_timer.go:346]  派奖中
2019/08/23 17:48:30.520 [D] [ext_timer.go:539]  结算中
2019/08/23 17:48:30.520 [D] [ext_timer.go:521]  Count:%!(EXTRA int=217)
2019/08/23 17:48:39.519 [D] [ext_timer.go:39]  准备中
2019/08/23 17:48:42.519 [D] [ext_timer.go:86]  发牌中
2019/08/23 17:48:45.520 [D] [ext_timer.go:106]  下注中
2019/08/23 17:49:05.519 [D] [ext_timer.go:139]  停止下注
2019/08/23 17:49:05.519 [D] [ext_timer.go:214]  点杀概率%!(EXTRA float64=0.5)
2019/08/23 17:49:09.519 [D] [ext_timer.go:278]  开牌
2019/08/23 17:49:15.519 [D] [ext_timer.go:346]  派奖中
2019/08/23 17:49:15.519 [D] [ext_timer.go:539]  结算中
2019/08/23 17:49:15.519 [D] [ext_timer.go:521]  Count:%!(EXTRA int=214)
2019/08/23 17:49:24.520 [D] [ext_timer.go:39]  准备中
2019/08/23 17:49:27.519 [D] [ext_timer.go:86]  发牌中
2019/08/23 17:49:30.518 [D] [ext_timer.go:106]  下注中
2019/08/23 17:49:50.520 [D] [ext_timer.go:139]  停止下注
2019/08/23 17:49:50.520 [D] [ext_timer.go:214]  点杀概率%!(EXTRA float64=0.5)
2019/08/23 17:49:54.518 [D] [ext_timer.go:278]  开牌
2019/08/23 17:50:00.520 [D] [ext_timer.go:346]  派奖中
2019/08/23 17:50:00.520 [D] [ext_timer.go:539]  结算中
2019/08/23 17:50:00.520 [D] [ext_timer.go:521]  Count:%!(EXTRA int=211)
2019/08/23 17:50:09.520 [D] [ext_timer.go:39]  准备中
2019/08/23 17:50:12.518 [D] [ext_timer.go:86]  发牌中
2019/08/23 17:50:15.518 [D] [ext_timer.go:106]  下注中
2019/08/23 17:50:35.518 [D] [ext_timer.go:139]  停止下注
2019/08/23 17:50:35.518 [D] [ext_timer.go:214]  点杀概率%!(EXTRA float64=0.5)
2019/08/23 17:50:39.518 [D] [ext_timer.go:278]  开牌
2019/08/23 17:50:45.520 [D] [ext_timer.go:346]  派奖中
2019/08/23 17:50:45.520 [D] [ext_timer.go:539]  结算中
2019/08/23 17:50:45.520 [D] [ext_timer.go:521]  Count:%!(EXTRA int=208)
2019/08/23 17:50:54.518 [D] [ext_timer.go:39]  准备中
2019/08/23 17:50:57.518 [D] [ext_timer.go:86]  发牌中
2019/08/23 17:51:00.519 [D] [ext_timer.go:106]  下注中
2019/08/23 17:51:20.518 [D] [ext_timer.go:139]  停止下注
2019/08/23 17:51:20.518 [D] [ext_timer.go:214]  点杀概率%!(EXTRA float64=0.5)
2019/08/23 17:51:24.518 [D] [ext_timer.go:278]  开牌
2019/08/23 17:51:30.520 [D] [ext_timer.go:346]  派奖中
2019/08/23 17:51:30.520 [D] [ext_timer.go:539]  结算中
2019/08/23 17:51:30.520 [D] [ext_timer.go:521]  Count:%!(EXTRA int=205)
2019/08/23 17:51:39.519 [D] [ext_timer.go:39]  准备中
2019/08/23 17:51:42.518 [D] [ext_timer.go:86]  发牌中
2019/08/23 17:51:45.520 [D] [ext_timer.go:106]  下注中
2019/08/23 17:52:05.518 [D] [ext_timer.go:139]  停止下注
2019/08/23 17:52:05.518 [D] [ext_timer.go:214]  点杀概率%!(EXTRA float64=0.5)
2019/08/23 17:52:09.520 [D] [ext_timer.go:278]  开牌
2019/08/23 17:52:15.518 [D] [ext_timer.go:346]  派奖中
2019/08/23 17:52:15.518 [D] [ext_timer.go:539]  结算中
2019/08/23 17:52:15.518 [D] [ext_timer.go:521]  Count:%!(EXTRA int=202)
2019/08/23 17:52:24.520 [D] [ext_timer.go:39]  准备中
2019/08/23 17:52:27.518 [D] [ext_timer.go:86]  发牌中
2019/08/23 17:52:30.518 [D] [ext_timer.go:106]  下注中
2019/08/23 17:52:50.520 [D] [ext_timer.go:139]  停止下注
2019/08/23 17:52:50.520 [D] [ext_timer.go:214]  点杀概率%!(EXTRA float64=0.5)
2019/08/23 17:52:54.518 [D] [ext_timer.go:278]  开牌
2019/08/23 17:53:00.519 [D] [ext_timer.go:346]  派奖中
2019/08/23 17:53:00.519 [D] [ext_timer.go:539]  结算中
2019/08/23 17:53:00.519 [D] [ext_timer.go:521]  Count:%!(EXTRA int=199)
2019/08/23 17:53:09.519 [D] [ext_timer.go:39]  准备中
2019/08/23 17:53:12.518 [D] [ext_timer.go:86]  发牌中
2019/08/23 17:53:15.518 [D] [ext_timer.go:106]  下注中
2019/08/23 17:53:35.520 [D] [ext_timer.go:139]  停止下注
2019/08/23 17:53:35.520 [D] [ext_timer.go:214]  点杀概率%!(EXTRA float64=0.5)
2019/08/23 17:53:39.520 [D] [ext_timer.go:278]  开牌
2019/08/23 17:53:45.518 [D] [ext_timer.go:346]  派奖中
2019/08/23 17:53:45.518 [D] [ext_timer.go:539]  结算中
2019/08/23 17:53:45.518 [D] [ext_timer.go:521]  Count:%!(EXTRA int=196)
2019/08/23 17:53:54.520 [D] [ext_timer.go:39]  准备中
2019/08/23 17:53:57.520 [D] [ext_timer.go:86]  发牌中
2019/08/23 17:54:00.519 [D] [ext_timer.go:106]  下注中
2019/08/23 17:54:20.518 [D] [ext_timer.go:139]  停止下注
2019/08/23 17:54:20.518 [D] [ext_timer.go:214]  点杀概率%!(EXTRA float64=0.5)
2019/08/23 17:54:24.520 [D] [ext_timer.go:278]  开牌
2019/08/23 17:54:30.520 [D] [ext_timer.go:346]  派奖中
2019/08/23 17:54:30.520 [D] [ext_timer.go:539]  结算中
2019/08/23 17:54:30.520 [D] [ext_timer.go:521]  Count:%!(EXTRA int=193)
2019/08/23 17:54:39.519 [D] [ext_timer.go:39]  准备中
2019/08/23 17:54:42.518 [D] [ext_timer.go:86]  发牌中
2019/08/23 17:54:45.519 [D] [ext_timer.go:106]  下注中
2019/08/23 17:55:05.520 [D] [ext_timer.go:139]  停止下注
2019/08/23 17:55:05.520 [D] [ext_timer.go:214]  点杀概率%!(EXTRA float64=0.5)
2019/08/23 17:55:09.518 [D] [ext_timer.go:278]  开牌
2019/08/23 17:55:15.519 [D] [ext_timer.go:346]  派奖中
2019/08/23 17:55:15.519 [D] [ext_timer.go:539]  结算中
2019/08/23 17:55:15.519 [D] [ext_timer.go:521]  Count:%!(EXTRA int=190)
2019/08/23 17:55:24.519 [D] [ext_timer.go:39]  准备中
2019/08/23 17:55:27.518 [D] [ext_timer.go:86]  发牌中
2019/08/23 17:55:30.519 [D] [ext_timer.go:106]  下注中
2019/08/23 17:55:50.520 [D] [ext_timer.go:139]  停止下注
2019/08/23 17:55:50.520 [D] [ext_timer.go:214]  点杀概率%!(EXTRA float64=0.5)
2019/08/23 17:55:54.519 [D] [ext_timer.go:278]  开牌
2019/08/23 17:56:00.519 [D] [ext_timer.go:346]  派奖中
2019/08/23 17:56:00.519 [D] [ext_timer.go:539]  结算中
2019/08/23 17:56:00.519 [D] [ext_timer.go:521]  Count:%!(EXTRA int=187)
2019/08/23 17:56:09.520 [D] [ext_timer.go:39]  准备中
2019/08/23 17:56:12.518 [D] [ext_timer.go:86]  发牌中
2019/08/23 17:56:15.519 [D] [ext_timer.go:106]  下注中
2019/08/23 17:56:35.518 [D] [ext_timer.go:139]  停止下注
2019/08/23 17:56:35.518 [D] [ext_timer.go:214]  点杀概率%!(EXTRA float64=0.5)
2019/08/23 17:56:39.518 [D] [ext_timer.go:278]  开牌
2019/08/23 17:56:45.518 [D] [ext_timer.go:346]  派奖中
2019/08/23 17:56:45.518 [D] [ext_timer.go:539]  结算中
2019/08/23 17:56:45.518 [D] [ext_timer.go:521]  Count:%!(EXTRA int=184)
