2019/08/22 15:19:46.125 [D] [conf.go:34]  网关配置文件初始化结束...%!(EXTRA main.Config={0 192.168.0.139 6 3 6 8500 1 500 http://10.0.0.148:8089 http://10.0.0.148:8088 http://192.168.0.181:8087})
2019/08/22 15:19:46.138 [D] [hall.go:72]  大厅初始化结束
2019/08/22 15:19:46.138 [D] [hall.go:74]  游服初始化结束
2019/08/22 15:20:07.298 [D] [mgrdesk.go:399]  获取游戏服务器信息失败%!(EXTRA *url.Error=Get http://10.0.0.148:8088/web/gameInfo/gameinfo?gradeId=6&gameId=6&roomId=3: dial tcp 10.0.0.148:8088: connectex: 由于连接方在一段时间后没有正确答复或连接的主机没有反应，连接尝试失败。)
2019/08/22 15:20:25.852 [D] [conf.go:34]  网关配置文件初始化结束...%!(EXTRA main.Config={0 192.168.0.139 6 3 6 8500 1 500 http://10.0.0.88:8089 http://10.0.0.88:8088 http://192.168.0.181:8087})
2019/08/22 15:20:25.860 [D] [hall.go:72]  大厅初始化结束
2019/08/22 15:20:25.860 [D] [hall.go:74]  游服初始化结束
2019/08/22 15:20:25.880 [D] [mgrdesk.go:410]  获取游戏服务器信息成功%!(EXTRA main.DbGetGameServerData={100 true true 6 百人炸金花 6 体验厅 137 999999999999 0 true 0 0 300 100 0 0 3 百人房间 brzjh {[] 0 0 0 0 0 0}})
2019/08/22 15:20:25.894 [D] [mgrdesk.go:436]  获取玩家层级胜率成功%!(EXTRA []main.DbHierarchyGameRate=[{-0.16 9} {-0.35 10} {-0.12 11} {-1 36} {0.8 38} {0.12 39} {0.12 40} {0.12 41} {0.12 42} {0.12 43} {0.12 44} {0.12 45} {0.12 46} {0.12 47} {0.12 48} {0.12 49}])
2019/08/22 15:20:25.894 [D] [main.go:19]  服务器运行开始
2019/08/22 15:21:11.860 [D] [ext_timer.go:575]  体验场
2019/08/22 15:21:11.860 [D] [ext_timer.go:592]  游戏记录：%!(EXTRA main.RecordData={体验厅 0 0 [0 0 0 0 0 0 0 0 0] 1 [2 4 3 4] 2019-08-22 15:21:11 1566458471})
2019/08/22 15:21:11.860 [D] [ext_timer.go:597]  该玩家没有投注，不存游戏记录
2019/08/22 15:22:02.428 [D] [conf.go:34]  网关配置文件初始化结束...%!(EXTRA main.Config={0 192.168.0.139 6 3 1 8500 1 500 http://10.0.0.88:8089 http://10.0.0.88:8088 http://192.168.0.181:8087})
2019/08/22 15:22:02.437 [D] [hall.go:72]  大厅初始化结束
2019/08/22 15:22:02.437 [D] [hall.go:74]  游服初始化结束
2019/08/22 15:22:02.451 [D] [mgrdesk.go:410]  获取游戏服务器信息成功%!(EXTRA main.DbGetGameServerData={100 true true 6 百人炸金花   1 荣耀厅 92 9223372036854776 0 true 0 0 300 100 0 100000 3 百人房间 brzjh {[{0.45 50000000 0} {0.35 20000000 5000000} {0.25 99999999990000 20000000}] 4928500 1 10000 0.1 1 5}})
2019/08/22 15:22:02.496 [D] [mgrdesk.go:436]  获取玩家层级胜率成功%!(EXTRA []main.DbHierarchyGameRate=[{-0.16 9} {-0.35 10} {-0.12 11} {-1 36} {0.8 38} {0.12 39} {0.12 40} {0.12 41} {0.12 42} {0.12 43} {0.12 44} {0.12 45} {0.12 46} {0.12 47} {0.12 48} {0.12 49}])
2019/08/22 15:22:02.496 [D] [main.go:19]  服务器运行开始
2019/08/22 15:22:48.437 [D] [ext_timer.go:565]  游戏记录：%!(EXTRA main.RecordData={荣耀厅 0 0 [0 0 0 0 0 0 0 0 0] 2 [4 3 2 2] 2019-08-22 15:22:48 1566458568})
2019/08/22 15:22:48.437 [D] [ext_timer.go:570]  该玩家没有投注，不存游戏记录
2019/08/22 15:23:42.437 [D] [ext_timer.go:565]  游戏记录：%!(EXTRA main.RecordData={荣耀厅 0 0 [0 0 0 0 0 0 0 0 0] 4 [3 5 3 2] 2019-08-22 15:23:42 1566458622})
2019/08/22 15:23:42.437 [D] [ext_timer.go:570]  该玩家没有投注，不存游戏记录
2019/08/22 15:24:36.437 [D] [ext_timer.go:565]  游戏记录：%!(EXTRA main.RecordData={荣耀厅 0 0 [0 0 0 0 0 0 0 0 0] 2 [2 3 4 3] 2019-08-22 15:24:36 1566458676})
2019/08/22 15:24:36.437 [D] [ext_timer.go:570]  该玩家没有投注，不存游戏记录
2019/08/22 15:25:30.437 [D] [ext_timer.go:565]  游戏记录：%!(EXTRA main.RecordData={荣耀厅 0 0 [0 0 0 0 0 0 0 0 0] 2 [3 4 3 2] 2019-08-22 15:25:30 1566458730})
2019/08/22 15:25:30.437 [D] [ext_timer.go:570]  该玩家没有投注，不存游戏记录
2019/08/22 15:26:24.437 [D] [ext_timer.go:565]  游戏记录：%!(EXTRA main.RecordData={荣耀厅 0 0 [0 0 0 0 0 0 0 0 0] 1 [6 2 6 2] 2019-08-22 15:26:24 1566458784})
2019/08/22 15:26:24.437 [D] [ext_timer.go:570]  该玩家没有投注，不存游戏记录
2019/08/22 15:29:23.144 [D] [conf.go:34]  网关配置文件初始化结束...%!(EXTRA main.Config={0 192.168.0.139 6 3 1 8500 1 500 http://10.0.0.88:8089 http://10.0.0.88:8088 http://192.168.0.181:8087})
2019/08/22 15:29:23.152 [D] [hall.go:72]  大厅初始化结束
2019/08/22 15:29:23.153 [D] [hall.go:74]  游服初始化结束
2019/08/22 15:29:23.170 [D] [mgrdesk.go:410]  获取游戏服务器信息成功%!(EXTRA main.DbGetGameServerData={100 true true 6 百人炸金花   1 荣耀厅 92 9223372036854776 0 true 0 0 300 100 0 100000 3 百人房间 brzjh {[{0.45 50000000 0} {0.35 20000000 5000000} {0.25 99999999990000 20000000}] 4928500 1 10000 0.1 1 5}})
2019/08/22 15:29:23.179 [D] [mgrdesk.go:436]  获取玩家层级胜率成功%!(EXTRA []main.DbHierarchyGameRate=[{-0.16 9} {-0.35 10} {-0.12 11} {-1 36} {0.8 38} {0.12 39} {0.12 40} {0.12 41} {0.12 42} {0.12 43} {0.12 44} {0.12 45} {0.12 46} {0.12 47} {0.12 48} {0.12 49}])
2019/08/22 15:29:23.179 [D] [main.go:19]  服务器运行开始
2019/08/22 15:29:57.818 [D] [conf.go:34]  网关配置文件初始化结束...%!(EXTRA main.Config={0 192.168.0.139 6 3 1 8500 1 500 http://10.0.0.88:8089 http://10.0.0.88:8088 http://192.168.0.181:8087})
2019/08/22 15:29:57.827 [D] [hall.go:72]  大厅初始化结束
2019/08/22 15:29:57.827 [D] [hall.go:74]  游服初始化结束
2019/08/22 15:29:57.840 [D] [mgrdesk.go:410]  获取游戏服务器信息成功%!(EXTRA main.DbGetGameServerData={100 true true 6 百人炸金花   1 荣耀厅 92 9223372036854776 0 true 0 0 300 100 0 100000 3 百人房间 brzjh {[{0.45 50000000 0} {0.35 20000000 5000000} {0.25 99999999990000 20000000}] 4928500 1 10000 0.1 1 5}})
2019/08/22 15:29:57.867 [D] [mgrdesk.go:436]  获取玩家层级胜率成功%!(EXTRA []main.DbHierarchyGameRate=[{-0.16 9} {-0.35 10} {-0.12 11} {-1 36} {0.8 38} {0.12 39} {0.12 40} {0.12 41} {0.12 42} {0.12 43} {0.12 44} {0.12 45} {0.12 46} {0.12 47} {0.12 48} {0.12 49}])
2019/08/22 15:29:57.867 [D] [main.go:19]  服务器运行开始
2019/08/22 15:30:32.827 [D] [ext_timer.go:192]  通杀概率%!(EXTRA float64=0.1)
2019/08/22 15:30:32.827 [D] [ext_timer.go:294]  库存概率%!(EXTRA float32=0.45)
2019/08/22 15:30:32.827 [D] [ext_timer.go:294]  库存概率%!(EXTRA float32=0.45)
2019/08/22 15:30:32.827 [D] [ext_timer.go:294]  库存概率%!(EXTRA float32=0.45)
2019/08/22 15:30:32.827 [D] [ext_timer.go:294]  库存概率%!(EXTRA float32=0.45)
2019/08/22 15:30:32.827 [D] [ext_timer.go:362]  黑名单区域%!(EXTRA []int=[])
2019/08/22 15:30:32.827 [D] [ext_timer.go:373]  按库存区域中奖%!(EXTRA int=0)
2019/08/22 15:30:32.827 [D] [ext_timer.go:373]  按库存区域中奖%!(EXTRA int=1)
2019/08/22 15:30:32.827 [D] [ext_timer.go:373]  按库存区域中奖%!(EXTRA int=2)
2019/08/22 15:30:32.827 [D] [ext_timer.go:373]  按库存区域中奖%!(EXTRA int=3)
2019/08/22 15:30:43.827 [D] [ext_timer.go:565]  游戏记录：%!(EXTRA main.RecordData={荣耀厅 20000 19600 [5000 5000 5000 5000 0 0 0 0 0] 2 [4 4 2 4] 2019-08-22 15:30:43 1566459043})
2019/08/22 15:30:43.827 [D] [ext_timer.go:567]  该玩家有投注，所以存储游戏记录
2019/08/22 15:30:43.827 [D] [hall.go:839]  发送修改金币
2019/08/22 15:30:43.875 [D] [hall.go:760]  发送保存记录
2019/08/22 15:30:43.884 [D] [hall.go:807]  发送斗地主的保存记录
2019/08/22 15:31:26.827 [D] [ext_timer.go:192]  通杀概率%!(EXTRA float64=0.1)
2019/08/22 15:31:26.827 [D] [ext_timer.go:198]  进入通杀
2019/08/22 15:31:26.827 [D] [ext_timer.go:362]  黑名单区域%!(EXTRA []int=[0 1 2 3])
2019/08/22 15:31:37.827 [D] [hall.go:839]  发送修改金币
2019/08/22 15:31:37.827 [D] [ext_timer.go:565]  游戏记录：%!(EXTRA main.RecordData={荣耀厅 45000 -30000 [5000 5000 5000 5000 5000 5000 5000 5000 5000] 4 [2 1 2 3] 2019-08-22 15:31:37 1566459097})
2019/08/22 15:31:37.827 [D] [ext_timer.go:567]  该玩家有投注，所以存储游戏记录
2019/08/22 15:31:37.849 [D] [hall.go:760]  发送保存记录
2019/08/22 15:31:37.858 [D] [hall.go:807]  发送斗地主的保存记录
2019/08/22 15:32:20.827 [D] [ext_timer.go:192]  通杀概率%!(EXTRA float64=0.1)
2019/08/22 15:32:20.827 [D] [ext_timer.go:294]  库存概率%!(EXTRA float32=0.45)
2019/08/22 15:32:20.827 [D] [ext_timer.go:297]  进入库存判断%!(EXTRA int=0)
2019/08/22 15:32:20.827 [D] [ext_timer.go:294]  库存概率%!(EXTRA float32=0.45)
2019/08/22 15:32:20.827 [D] [ext_timer.go:297]  进入库存判断%!(EXTRA int=1)
2019/08/22 15:32:20.827 [D] [ext_timer.go:294]  库存概率%!(EXTRA float32=0.45)
2019/08/22 15:32:20.827 [D] [ext_timer.go:294]  库存概率%!(EXTRA float32=0.45)
2019/08/22 15:32:20.828 [D] [ext_timer.go:362]  黑名单区域%!(EXTRA []int=[0 1])
2019/08/22 15:32:20.828 [D] [ext_timer.go:373]  按库存区域中奖%!(EXTRA int=2)
2019/08/22 15:32:20.828 [D] [ext_timer.go:373]  按库存区域中奖%!(EXTRA int=3)
2019/08/22 15:32:31.829 [D] [ext_timer.go:565]  游戏记录：%!(EXTRA main.RecordData={荣耀厅 20000 -200 [5000 5000 5000 5000 0 0 0 0 0] 4 [3 1 4 4] 2019-08-22 15:32:31 1566459151})
2019/08/22 15:32:31.829 [D] [ext_timer.go:567]  该玩家有投注，所以存储游戏记录
2019/08/22 15:32:31.829 [D] [hall.go:839]  发送修改金币
2019/08/22 15:32:31.888 [D] [hall.go:760]  发送保存记录
2019/08/22 15:32:31.907 [D] [hall.go:807]  发送斗地主的保存记录
2019/08/22 15:33:25.828 [D] [ext_timer.go:565]  游戏记录：%!(EXTRA main.RecordData={荣耀厅 0 0 [0 0 0 0 0 0 0 0 0] 4 [2 6 2 1] 2019-08-22 15:33:25 1566459205})
2019/08/22 15:33:25.828 [D] [ext_timer.go:570]  该玩家没有投注，不存游戏记录
2019/08/22 15:34:19.828 [D] [ext_timer.go:565]  游戏记录：%!(EXTRA main.RecordData={荣耀厅 0 0 [0 0 0 0 0 0 0 0 0] 4 [2 6 3 4] 2019-08-22 15:34:19 1566459259})
2019/08/22 15:34:19.828 [D] [ext_timer.go:570]  该玩家没有投注，不存游戏记录
2019/08/22 15:35:13.827 [D] [ext_timer.go:565]  游戏记录：%!(EXTRA main.RecordData={荣耀厅 0 0 [0 0 0 0 0 0 0 0 0] 1 [1 4 1 2] 2019-08-22 15:35:13 1566459313})
2019/08/22 15:35:13.827 [D] [ext_timer.go:570]  该玩家没有投注，不存游戏记录
2019/08/22 15:36:07.829 [D] [ext_timer.go:565]  游戏记录：%!(EXTRA main.RecordData={荣耀厅 0 0 [0 0 0 0 0 0 0 0 0] 4 [4 2 3 1] 2019-08-22 15:36:07 1566459367})
2019/08/22 15:36:07.829 [D] [ext_timer.go:570]  该玩家没有投注，不存游戏记录
2019/08/22 15:37:01.827 [D] [ext_timer.go:565]  游戏记录：%!(EXTRA main.RecordData={荣耀厅 0 0 [0 0 0 0 0 0 0 0 0] 3 [1 2 2 2] 2019-08-22 15:37:01 1566459421})
2019/08/22 15:37:01.827 [D] [ext_timer.go:570]  该玩家没有投注，不存游戏记录
2019/08/22 15:48:01.796 [D] [conf.go:34]  网关配置文件初始化结束...%!(EXTRA main.Config={0 192.168.0.139 6 3 1 8500 1 500 http://10.0.0.88:8089 http://10.0.0.88:8088 http://192.168.0.181:8087})
2019/08/22 15:48:01.804 [D] [hall.go:72]  大厅初始化结束
2019/08/22 15:48:01.804 [D] [hall.go:74]  游服初始化结束
2019/08/22 15:48:01.845 [D] [mgrdesk.go:410]  获取游戏服务器信息成功%!(EXTRA main.DbGetGameServerData={100 true true 6 百人炸金花   1 荣耀厅 92 9223372036854776 0 true 0 0 300 100 0 100000 3 百人房间 brzjh {[{0.45 50000000 0} {0.35 20000000 5000000} {0.25 99999999990000 20000000}] 4928500 1 10000 0.1 1 5}})
2019/08/22 15:48:01.894 [D] [mgrdesk.go:436]  获取玩家层级胜率成功%!(EXTRA []main.DbHierarchyGameRate=[{-0.16 9} {-0.35 10} {-0.12 11} {-1 36} {0.8 38} {0.12 39} {0.12 40} {0.12 41} {0.12 42} {0.12 43} {0.12 44} {0.12 45} {0.12 46} {0.12 47} {0.12 48} {0.12 49}])
2019/08/22 15:48:01.894 [D] [main.go:19]  服务器运行开始
2019/08/22 16:05:51.532 [D] [conf.go:34]  网关配置文件初始化结束...%!(EXTRA main.Config={0 192.168.0.139 6 3 1 8500 1 500 http://10.0.0.88:8089 http://10.0.0.88:8088 http://192.168.0.181:8087})
2019/08/22 16:05:51.541 [D] [hall.go:72]  大厅初始化结束
2019/08/22 16:05:51.541 [D] [hall.go:74]  游服初始化结束
2019/08/22 16:05:51.557 [D] [mgrdesk.go:410]  获取游戏服务器信息成功%!(EXTRA main.DbGetGameServerData={100 true true 6 百人炸金花   1 荣耀厅 92 9223372036854776 0 true 0 0 300 100 0 100000 3 百人房间 brzjh {[{0.45 50000000 0} {0.35 20000000 5000000} {0.25 99999999990000 20000000}] 4928500 1 10000 0.1 1 5}})
2019/08/22 16:05:51.580 [D] [mgrdesk.go:436]  获取玩家层级胜率成功%!(EXTRA []main.DbHierarchyGameRate=[{-0.16 9} {-0.35 10} {-0.12 11} {-1 36} {0.8 38} {0.12 39} {0.12 40} {0.12 41} {0.12 42} {0.12 43} {0.12 44} {0.12 45} {0.12 46} {0.12 47} {0.12 48} {0.12 49}])
2019/08/22 16:05:51.580 [D] [main.go:19]  服务器运行开始
2019/08/22 16:06:37.543 [D] [ext_timer.go:564]  游戏记录：%!(EXTRA main.RecordData={荣耀厅 0 0 [0 0 0 0 0 0 0 0 0] 6 [1 4 2 4] 2019-08-22 16:06:37 1566461197})
2019/08/22 16:06:37.543 [D] [ext_timer.go:569]  该玩家没有投注，不存游戏记录
2019/08/22 16:07:31.543 [D] [ext_timer.go:564]  游戏记录：%!(EXTRA main.RecordData={荣耀厅 0 0 [0 0 0 0 0 0 0 0 0] 4 [4 1 4 3] 2019-08-22 16:07:31 1566461251})
2019/08/22 16:07:31.543 [D] [ext_timer.go:569]  该玩家没有投注，不存游戏记录
2019/08/22 16:08:02.653 [D] [conf.go:34]  网关配置文件初始化结束...%!(EXTRA main.Config={0 192.168.0.139 6 3 1 8500 1 500 http://10.0.0.88:8089 http://10.0.0.88:8088 http://192.168.0.181:8087})
2019/08/22 16:08:02.661 [D] [hall.go:72]  大厅初始化结束
2019/08/22 16:08:02.661 [D] [hall.go:74]  游服初始化结束
2019/08/22 16:08:02.682 [D] [mgrdesk.go:410]  获取游戏服务器信息成功%!(EXTRA main.DbGetGameServerData={100 true true 6 百人炸金花   1 荣耀厅 92 9223372036854776 0 true 0 0 300 100 0 100000 3 百人房间 brzjh {[{0.45 50000000 0} {0.35 20000000 5000000} {0.25 99999999990000 20000000}] 4928500 1 10000 0.1 1 5}})
2019/08/22 16:08:02.693 [D] [mgrdesk.go:436]  获取玩家层级胜率成功%!(EXTRA []main.DbHierarchyGameRate=[{-0.16 9} {-0.35 10} {-0.12 11} {-1 36} {0.8 38} {0.12 39} {0.12 40} {0.12 41} {0.12 42} {0.12 43} {0.12 44} {0.12 45} {0.12 46} {0.12 47} {0.12 48} {0.12 49}])
2019/08/22 16:08:02.693 [D] [main.go:19]  服务器运行开始
2019/08/22 16:08:37.662 [D] [ext_timer.go:192]  通杀概率%!(EXTRA float64=0.1)
2019/08/22 16:08:37.662 [D] [ext_timer.go:294]  库存概率%!(EXTRA float32=0.45)
2019/08/22 16:08:37.662 [D] [ext_timer.go:294]  库存概率%!(EXTRA float32=0.45)
2019/08/22 16:08:37.662 [D] [ext_timer.go:297]  进入库存判断%!(EXTRA int=1)
2019/08/22 16:08:37.662 [D] [ext_timer.go:294]  库存概率%!(EXTRA float32=0.45)
2019/08/22 16:08:37.662 [D] [ext_timer.go:297]  进入库存判断%!(EXTRA int=2)
2019/08/22 16:08:37.662 [D] [ext_timer.go:294]  库存概率%!(EXTRA float32=0.45)
2019/08/22 16:08:37.662 [D] [ext_timer.go:297]  进入库存判断%!(EXTRA int=3)
2019/08/22 16:08:37.662 [D] [ext_timer.go:362]  黑名单区域%!(EXTRA []int=[1 2 3])
2019/08/22 16:08:37.662 [D] [ext_timer.go:373]  按库存区域中奖%!(EXTRA int=0)
2019/08/22 16:08:48.663 [D] [ext_timer.go:561]  总下注：%!(EXTRA int64=25000)
2019/08/22 16:08:48.663 [D] [hall.go:839]  发送修改金币
2019/08/22 16:08:48.663 [D] [ext_timer.go:565]  游戏记录：%!(EXTRA main.RecordData={荣耀厅 25000 -15100 [5000 5000 5000 5000 0 5000 0 0 0] 4 [4 3 2 2] 2019-08-22 16:08:48 1566461328})
2019/08/22 16:08:48.663 [D] [ext_timer.go:567]  该玩家有投注，所以存储游戏记录
2019/08/22 16:08:48.713 [D] [hall.go:760]  发送保存记录
2019/08/22 16:08:48.724 [D] [hall.go:807]  发送斗地主的保存记录
2019/08/22 16:09:38.456 [D] [conf.go:34]  网关配置文件初始化结束...%!(EXTRA main.Config={0 192.168.0.139 6 3 6 8500 1 500 http://10.0.0.88:8089 http://10.0.0.88:8088 http://192.168.0.181:8087})
2019/08/22 16:09:38.465 [D] [hall.go:72]  大厅初始化结束
2019/08/22 16:09:38.465 [D] [hall.go:74]  游服初始化结束
2019/08/22 16:09:38.514 [D] [mgrdesk.go:410]  获取游戏服务器信息成功%!(EXTRA main.DbGetGameServerData={100 true true 6 百人炸金花 6 体验厅 137 999999999999 0 true 0 0 300 100 0 0 3 百人房间 brzjh {[] 0 0 0 0 0 0}})
2019/08/22 16:09:38.528 [D] [mgrdesk.go:436]  获取玩家层级胜率成功%!(EXTRA []main.DbHierarchyGameRate=[{-0.16 9} {-0.35 10} {-0.12 11} {-1 36} {0.8 38} {0.12 39} {0.12 40} {0.12 41} {0.12 42} {0.12 43} {0.12 44} {0.12 45} {0.12 46} {0.12 47} {0.12 48} {0.12 49}])
2019/08/22 16:09:38.528 [D] [main.go:19]  服务器运行开始
2019/08/22 16:10:24.467 [D] [ext_timer.go:575]  体验场
2019/08/22 16:10:24.467 [D] [ext_timer.go:589]  体验场总下注：%!(EXTRA int64=0)
2019/08/22 16:10:24.467 [D] [ext_timer.go:593]  游戏记录：%!(EXTRA main.RecordData={体验厅 0 0 [0 0 0 0 0 0 0 0 0] 4 [2 1 3 3] 2019-08-22 16:10:24 1566461424})
2019/08/22 16:10:24.467 [D] [ext_timer.go:598]  该玩家没有投注，不存游戏记录
2019/08/22 16:11:18.466 [D] [ext_timer.go:575]  体验场
2019/08/22 16:11:18.466 [D] [ext_timer.go:589]  体验场总下注：%!(EXTRA int64=0)
2019/08/22 16:11:18.466 [D] [ext_timer.go:593]  游戏记录：%!(EXTRA main.RecordData={体验厅 0 0 [0 0 0 0 0 0 0 0 0] 4 [1 3 4 4] 2019-08-22 16:11:18 1566461478})
2019/08/22 16:11:18.466 [D] [ext_timer.go:598]  该玩家没有投注，不存游戏记录
2019/08/22 16:12:12.466 [D] [ext_timer.go:575]  体验场
2019/08/22 16:12:12.466 [D] [ext_timer.go:589]  体验场总下注：%!(EXTRA int64=0)
2019/08/22 16:12:12.466 [D] [ext_timer.go:593]  游戏记录：%!(EXTRA main.RecordData={体验厅 0 0 [0 0 0 0 0 0 0 0 0] 2 [3 4 2 3] 2019-08-22 16:12:12 1566461532})
2019/08/22 16:12:12.466 [D] [ext_timer.go:598]  该玩家没有投注，不存游戏记录
2019/08/22 16:13:06.467 [D] [ext_timer.go:575]  体验场
2019/08/22 16:13:06.467 [D] [ext_timer.go:589]  体验场总下注：%!(EXTRA int64=5000)
2019/08/22 16:13:06.467 [D] [ext_timer.go:593]  游戏记录：%!(EXTRA main.RecordData={体验厅 5000 -5000 [5000 0 0 0 0 0 0 0 0] 3 [1 1 1 4] 2019-08-22 16:13:06 1566461586})
2019/08/22 16:13:06.467 [D] [ext_timer.go:595]  该玩家有投注，所以存储游戏记录
2019/08/22 16:13:06.467 [D] [ext_timer.go:589]  体验场总下注：%!(EXTRA int64=5000)
2019/08/22 16:13:06.467 [D] [ext_timer.go:593]  游戏记录：%!(EXTRA main.RecordData={体验厅 5000 0 [0 0 0 0 0 0 0 0 0] 3 [1 1 1 4] 2019-08-22 16:13:06 1566461586})
2019/08/22 16:13:06.467 [D] [ext_timer.go:595]  该玩家有投注，所以存储游戏记录
2019/08/22 16:14:00.466 [D] [ext_timer.go:575]  体验场
2019/08/22 16:14:00.466 [D] [ext_timer.go:589]  体验场总下注：%!(EXTRA int64=0)
2019/08/22 16:14:00.466 [D] [ext_timer.go:593]  游戏记录：%!(EXTRA main.RecordData={体验厅 0 0 [0 0 0 0 0 0 0 0 0] 3 [1 2 4 4] 2019-08-22 16:14:00 1566461640})
2019/08/22 16:14:00.466 [D] [ext_timer.go:598]  该玩家没有投注，不存游戏记录
2019/08/22 16:14:00.466 [D] [ext_timer.go:589]  体验场总下注：%!(EXTRA int64=0)
2019/08/22 16:14:00.466 [D] [ext_timer.go:593]  游戏记录：%!(EXTRA main.RecordData={体验厅 0 0 [0 0 0 0 0 0 0 0 0] 3 [1 2 4 4] 2019-08-22 16:14:00 1566461640})
2019/08/22 16:14:00.466 [D] [ext_timer.go:598]  该玩家没有投注，不存游戏记录
2019/08/22 16:14:08.962 [D] [conf.go:34]  网关配置文件初始化结束...%!(EXTRA main.Config={0 192.168.0.139 6 3 6 8500 1 500 http://10.0.0.88:8089 http://10.0.0.88:8088 http://192.168.0.181:8087})
2019/08/22 16:14:08.970 [D] [hall.go:72]  大厅初始化结束
2019/08/22 16:14:08.970 [D] [hall.go:74]  游服初始化结束
2019/08/22 16:14:08.988 [D] [mgrdesk.go:410]  获取游戏服务器信息成功%!(EXTRA main.DbGetGameServerData={100 true true 6 百人炸金花 6 体验厅 137 999999999999 0 true 0 0 300 100 0 0 3 百人房间 brzjh {[] 0 0 0 0 0 0}})
2019/08/22 16:14:09.000 [D] [mgrdesk.go:436]  获取玩家层级胜率成功%!(EXTRA []main.DbHierarchyGameRate=[{-0.16 9} {-0.35 10} {-0.12 11} {-1 36} {0.8 38} {0.12 39} {0.12 40} {0.12 41} {0.12 42} {0.12 43} {0.12 44} {0.12 45} {0.12 46} {0.12 47} {0.12 48} {0.12 49}])
2019/08/22 16:14:09.000 [D] [main.go:19]  服务器运行开始
2019/08/22 16:14:54.970 [D] [ext_timer.go:575]  体验场
2019/08/22 16:14:54.970 [D] [ext_timer.go:589]  体验场总下注：%!(EXTRA int64=20000)
2019/08/22 16:14:54.970 [D] [ext_timer.go:593]  游戏记录：%!(EXTRA main.RecordData={体验厅 20000 19600 [10000 10000 0 0 0 0 0 0 0] 4 [4 4 2 4] 2019-08-22 16:14:54 1566461694})
2019/08/22 16:14:54.970 [D] [ext_timer.go:595]  该玩家有投注，所以存储游戏记录
2019/08/22 16:14:54.970 [D] [ext_timer.go:589]  体验场总下注：%!(EXTRA int64=20000)
2019/08/22 16:14:54.970 [D] [ext_timer.go:593]  游戏记录：%!(EXTRA main.RecordData={体验厅 20000 0 [0 0 0 0 0 0 0 0 0] 4 [4 4 2 4] 2019-08-22 16:14:54 1566461694})
2019/08/22 16:14:54.970 [D] [ext_timer.go:595]  该玩家有投注，所以存储游戏记录
2019/08/22 16:15:48.970 [D] [ext_timer.go:575]  体验场
2019/08/22 16:15:48.970 [D] [ext_timer.go:589]  体验场总下注：%!(EXTRA int64=0)
2019/08/22 16:15:48.970 [D] [ext_timer.go:593]  游戏记录：%!(EXTRA main.RecordData={体验厅 0 0 [0 0 0 0 0 0 0 0 0] 1 [1 2 4 3] 2019-08-22 16:15:48 1566461748})
2019/08/22 16:15:48.970 [D] [ext_timer.go:598]  该玩家没有投注，不存游戏记录
2019/08/22 16:15:48.970 [D] [ext_timer.go:589]  体验场总下注：%!(EXTRA int64=0)
2019/08/22 16:15:48.970 [D] [ext_timer.go:593]  游戏记录：%!(EXTRA main.RecordData={体验厅 0 0 [0 0 0 0 0 0 0 0 0] 1 [1 2 4 3] 2019-08-22 16:15:48 1566461748})
2019/08/22 16:15:48.970 [D] [ext_timer.go:598]  该玩家没有投注，不存游戏记录
2019/08/22 16:16:40.939 [D] [conf.go:34]  网关配置文件初始化结束...%!(EXTRA main.Config={0 192.168.0.139 6 3 6 8500 1 500 http://10.0.0.88:8089 http://10.0.0.88:8088 http://192.168.0.181:8087})
2019/08/22 16:16:40.948 [D] [hall.go:72]  大厅初始化结束
2019/08/22 16:16:40.948 [D] [hall.go:74]  游服初始化结束
2019/08/22 16:16:40.962 [D] [mgrdesk.go:410]  获取游戏服务器信息成功%!(EXTRA main.DbGetGameServerData={100 true true 6 百人炸金花 6 体验厅 137 999999999999 0 true 0 0 300 100 0 0 3 百人房间 brzjh {[] 0 0 0 0 0 0}})
2019/08/22 16:16:40.971 [D] [mgrdesk.go:436]  获取玩家层级胜率成功%!(EXTRA []main.DbHierarchyGameRate=[{-0.16 9} {-0.35 10} {-0.12 11} {-1 36} {0.8 38} {0.12 39} {0.12 40} {0.12 41} {0.12 42} {0.12 43} {0.12 44} {0.12 45} {0.12 46} {0.12 47} {0.12 48} {0.12 49}])
2019/08/22 16:16:40.971 [D] [main.go:19]  服务器运行开始
2019/08/22 16:17:26.948 [D] [ext_timer.go:575]  体验场
2019/08/22 16:17:26.948 [D] [ext_timer.go:589]  体验场总下注：%!(EXTRA int64=0)
2019/08/22 16:17:26.948 [D] [ext_timer.go:593]  游戏记录：%!(EXTRA main.RecordData={体验厅 0 0 [0 0 0 0 0 0 0 0 0] 2 [4 2 4 4] 2019-08-22 16:17:26 1566461846})
2019/08/22 16:17:26.948 [D] [ext_timer.go:598]  该玩家没有投注，不存游戏记录
2019/08/22 16:17:26.948 [D] [ext_timer.go:589]  体验场总下注：%!(EXTRA int64=10000)
2019/08/22 16:17:26.948 [D] [ext_timer.go:593]  游戏记录：%!(EXTRA main.RecordData={体验厅 10000 -100 [5000 5000 0 0 0 0 0 0 0] 2 [4 2 4 4] 2019-08-22 16:17:26 1566461846})
2019/08/22 16:17:26.948 [D] [ext_timer.go:595]  该玩家有投注，所以存储游戏记录
2019/08/22 16:18:20.950 [D] [ext_timer.go:575]  体验场
2019/08/22 16:18:20.950 [D] [ext_timer.go:589]  体验场总下注：%!(EXTRA int64=0)
2019/08/22 16:18:20.950 [D] [ext_timer.go:593]  游戏记录：%!(EXTRA main.RecordData={体验厅 0 0 [0 0 0 0 0 0 0 0 0] 4 [4 4 4 2] 2019-08-22 16:18:20 1566461900})
2019/08/22 16:18:20.950 [D] [ext_timer.go:598]  该玩家没有投注，不存游戏记录
2019/08/22 16:18:20.950 [D] [ext_timer.go:589]  体验场总下注：%!(EXTRA int64=20000)
2019/08/22 16:18:20.950 [D] [ext_timer.go:593]  游戏记录：%!(EXTRA main.RecordData={体验厅 20000 -20000 [5000 5000 5000 5000 0 0 0 0 0] 4 [4 4 4 2] 2019-08-22 16:18:20 1566461900})
2019/08/22 16:18:20.950 [D] [ext_timer.go:595]  该玩家有投注，所以存储游戏记录
2019/08/22 16:19:14.981 [D] [ext_timer.go:575]  体验场
2019/08/22 16:19:14.981 [D] [ext_timer.go:589]  体验场总下注：%!(EXTRA int64=0)
2019/08/22 16:19:14.981 [D] [ext_timer.go:593]  游戏记录：%!(EXTRA main.RecordData={体验厅 0 0 [0 0 0 0 0 0 0 0 0] 4 [4 4 5 4] 2019-08-22 16:19:14 1566461954})
2019/08/22 16:19:14.981 [D] [ext_timer.go:598]  该玩家没有投注，不存游戏记录
2019/08/22 16:19:14.981 [D] [ext_timer.go:589]  体验场总下注：%!(EXTRA int64=0)
2019/08/22 16:19:14.981 [D] [ext_timer.go:593]  游戏记录：%!(EXTRA main.RecordData={体验厅 0 0 [0 0 0 0 0 0 0 0 0] 4 [4 4 5 4] 2019-08-22 16:19:14 1566461954})
2019/08/22 16:19:14.981 [D] [ext_timer.go:598]  该玩家没有投注，不存游戏记录
2019/08/22 16:20:08.948 [D] [ext_timer.go:575]  体验场
2019/08/22 16:20:08.948 [D] [ext_timer.go:589]  体验场总下注：%!(EXTRA int64=0)
2019/08/22 16:20:08.948 [D] [ext_timer.go:593]  游戏记录：%!(EXTRA main.RecordData={体验厅 0 0 [0 0 0 0 0 0 0 0 0] 4 [4 4 3 2] 2019-08-22 16:20:08 1566462008})
2019/08/22 16:20:08.948 [D] [ext_timer.go:598]  该玩家没有投注，不存游戏记录
2019/08/22 16:20:08.948 [D] [ext_timer.go:589]  体验场总下注：%!(EXTRA int64=0)
2019/08/22 16:20:08.948 [D] [ext_timer.go:593]  游戏记录：%!(EXTRA main.RecordData={体验厅 0 0 [0 0 0 0 0 0 0 0 0] 4 [4 4 3 2] 2019-08-22 16:20:08 1566462008})
2019/08/22 16:20:08.948 [D] [ext_timer.go:598]  该玩家没有投注，不存游戏记录
2019/08/22 16:21:02.948 [D] [ext_timer.go:575]  体验场
2019/08/22 16:21:02.948 [D] [ext_timer.go:589]  体验场总下注：%!(EXTRA int64=0)
2019/08/22 16:21:02.948 [D] [ext_timer.go:593]  游戏记录：%!(EXTRA main.RecordData={体验厅 0 0 [0 0 0 0 0 0 0 0 0] 3 [4 3 6 3] 2019-08-22 16:21:02 1566462062})
2019/08/22 16:21:02.948 [D] [ext_timer.go:598]  该玩家没有投注，不存游戏记录
2019/08/22 16:21:02.948 [D] [ext_timer.go:589]  体验场总下注：%!(EXTRA int64=0)
2019/08/22 16:21:02.948 [D] [ext_timer.go:593]  游戏记录：%!(EXTRA main.RecordData={体验厅 0 0 [0 0 0 0 0 0 0 0 0] 3 [4 3 6 3] 2019-08-22 16:21:02 1566462062})
2019/08/22 16:21:02.948 [D] [ext_timer.go:598]  该玩家没有投注，不存游戏记录
2019/08/22 16:21:56.949 [D] [ext_timer.go:575]  体验场
2019/08/22 16:21:56.949 [D] [ext_timer.go:589]  体验场总下注：%!(EXTRA int64=0)
2019/08/22 16:21:56.949 [D] [ext_timer.go:593]  游戏记录：%!(EXTRA main.RecordData={体验厅 0 0 [0 0 0 0 0 0 0 0 0] 2 [2 4 3 2] 2019-08-22 16:21:56 1566462116})
2019/08/22 16:21:56.949 [D] [ext_timer.go:598]  该玩家没有投注，不存游戏记录
2019/08/22 16:21:56.949 [D] [ext_timer.go:589]  体验场总下注：%!(EXTRA int64=0)
2019/08/22 16:21:56.949 [D] [ext_timer.go:593]  游戏记录：%!(EXTRA main.RecordData={体验厅 0 0 [0 0 0 0 0 0 0 0 0] 2 [2 4 3 2] 2019-08-22 16:21:56 1566462116})
2019/08/22 16:21:56.949 [D] [ext_timer.go:598]  该玩家没有投注，不存游戏记录
2019/08/22 16:22:50.948 [D] [ext_timer.go:575]  体验场
2019/08/22 16:22:50.948 [D] [ext_timer.go:589]  体验场总下注：%!(EXTRA int64=0)
2019/08/22 16:22:50.948 [D] [ext_timer.go:593]  游戏记录：%!(EXTRA main.RecordData={体验厅 0 0 [0 0 0 0 0 0 0 0 0] 3 [3 4 1 4] 2019-08-22 16:22:50 1566462170})
2019/08/22 16:22:50.948 [D] [ext_timer.go:598]  该玩家没有投注，不存游戏记录
2019/08/22 16:22:58.789 [D] [conf.go:34]  网关配置文件初始化结束...%!(EXTRA main.Config={0 192.168.0.139 6 3 1 8500 1 500 http://10.0.0.88:8089 http://10.0.0.88:8088 http://192.168.0.181:8087})
2019/08/22 16:22:58.798 [D] [hall.go:72]  大厅初始化结束
2019/08/22 16:22:58.798 [D] [hall.go:74]  游服初始化结束
2019/08/22 16:22:58.815 [D] [mgrdesk.go:410]  获取游戏服务器信息成功%!(EXTRA main.DbGetGameServerData={100 true true 6 百人炸金花   1 荣耀厅 92 9223372036854776 0 true 0 0 300 100 0 100000 3 百人房间 brzjh {[{0.45 50000000 0} {0.35 20000000 5000000} {0.25 99999999990000 20000000}] 4928500 1 10000 0.1 1 5}})
2019/08/22 16:22:58.824 [D] [mgrdesk.go:436]  获取玩家层级胜率成功%!(EXTRA []main.DbHierarchyGameRate=[{-0.16 9} {-0.35 10} {-0.12 11} {-1 36} {0.8 38} {0.12 39} {0.12 40} {0.12 41} {0.12 42} {0.12 43} {0.12 44} {0.12 45} {0.12 46} {0.12 47} {0.12 48} {0.12 49}])
2019/08/22 16:22:58.824 [D] [main.go:19]  服务器运行开始
2019/08/22 16:23:44.798 [D] [ext_timer.go:561]  总下注：%!(EXTRA int64=0)
2019/08/22 16:23:44.798 [D] [ext_timer.go:565]  游戏记录：%!(EXTRA main.RecordData={荣耀厅 0 0 [0 0 0 0 0 0 0 0 0] 4 [4 4 1 1] 2019-08-22 16:23:44 1566462224})
2019/08/22 16:23:44.798 [D] [ext_timer.go:570]  该玩家没有投注，不存游戏记录
2019/08/22 16:24:38.799 [D] [ext_timer.go:561]  总下注：%!(EXTRA int64=0)
2019/08/22 16:24:38.799 [D] [ext_timer.go:565]  游戏记录：%!(EXTRA main.RecordData={荣耀厅 0 0 [0 0 0 0 0 0 0 0 0] 3 [4 4 4 1] 2019-08-22 16:24:38 1566462278})
2019/08/22 16:24:38.799 [D] [ext_timer.go:570]  该玩家没有投注，不存游戏记录
2019/08/22 16:25:32.798 [D] [ext_timer.go:561]  总下注：%!(EXTRA int64=0)
2019/08/22 16:25:32.798 [D] [ext_timer.go:565]  游戏记录：%!(EXTRA main.RecordData={荣耀厅 0 0 [0 0 0 0 0 0 0 0 0] 4 [4 1 1 2] 2019-08-22 16:25:32 1566462332})
2019/08/22 16:25:32.798 [D] [ext_timer.go:570]  该玩家没有投注，不存游戏记录
2019/08/22 16:26:26.798 [D] [ext_timer.go:561]  总下注：%!(EXTRA int64=0)
2019/08/22 16:26:26.798 [D] [ext_timer.go:565]  游戏记录：%!(EXTRA main.RecordData={荣耀厅 0 0 [0 0 0 0 0 0 0 0 0] 2 [2 2 4 1] 2019-08-22 16:26:26 1566462386})
2019/08/22 16:26:26.798 [D] [ext_timer.go:570]  该玩家没有投注，不存游戏记录
2019/08/22 16:27:09.799 [D] [ext_timer.go:192]  通杀概率%!(EXTRA float64=0.1)
2019/08/22 16:27:09.799 [D] [ext_timer.go:210]  进入点杀名单
2019/08/22 16:27:09.799 [D] [ext_timer.go:256]  区域组合%!(EXTRA [][]int=[[0 0 1 1] [0 1 0 1] [0 1 1 0] [0 1 1 1] [1 0 0 1] [1 0 1 0] [1 0 1 1] [1 1 0 0] [1 1 0 1] [1 1 1 0] [1 1 1 1]])
2019/08/22 16:27:09.799 [D] [ext_timer.go:272]  点杀区域组合%!(EXTRA [][]int=[[2 3] [1 3] [1 2] [0 3] [0 2] [0 1]])
2019/08/22 16:27:09.799 [D] [ext_timer.go:276]  黑名单区域%!(EXTRA []int=[0 3])
2019/08/22 16:27:09.799 [D] [ext_timer.go:294]  库存概率%!(EXTRA float32=0.45)
2019/08/22 16:27:09.799 [D] [ext_timer.go:297]  进入库存判断%!(EXTRA int=1)
2019/08/22 16:27:09.799 [D] [ext_timer.go:294]  库存概率%!(EXTRA float32=0.45)
2019/08/22 16:27:09.799 [D] [ext_timer.go:362]  黑名单区域%!(EXTRA []int=[0 3 1])
2019/08/22 16:27:09.799 [D] [ext_timer.go:373]  按库存区域中奖%!(EXTRA int=2)
2019/08/22 16:27:20.798 [D] [ext_timer.go:561]  总下注：%!(EXTRA int64=10000)
2019/08/22 16:27:20.798 [D] [ext_timer.go:565]  游戏记录：%!(EXTRA main.RecordData={荣耀厅 10000 -10000 [5000 5000 0 0 0 0 0 0 0] 4 [1 2 4 1] 2019-08-22 16:27:20 1566462440})
2019/08/22 16:27:20.798 [D] [ext_timer.go:567]  该玩家有投注，所以存储游戏记录
2019/08/22 16:27:20.798 [D] [hall.go:839]  发送修改金币
2019/08/22 16:27:20.798 [D] [ext_timer.go:561]  总下注：%!(EXTRA int64=30000)
2019/08/22 16:27:20.798 [D] [ext_timer.go:565]  游戏记录：%!(EXTRA main.RecordData={荣耀厅 30000 -10100 [5000 5000 5000 5000 0 0 0 0 0] 4 [1 2 4 1] 2019-08-22 16:27:20 1566462440})
2019/08/22 16:27:20.798 [D] [ext_timer.go:567]  该玩家有投注，所以存储游戏记录
2019/08/22 16:27:20.838 [D] [hall.go:760]  发送保存记录
2019/08/22 16:27:20.847 [D] [hall.go:807]  发送斗地主的保存记录
2019/08/22 16:27:20.861 [D] [hall.go:839]  发送修改金币
2019/08/22 16:27:20.866 [D] [hall.go:760]  发送保存记录
2019/08/22 16:27:20.877 [D] [hall.go:807]  发送斗地主的保存记录
2019/08/22 16:28:03.798 [D] [ext_timer.go:192]  通杀概率%!(EXTRA float64=0.1)
2019/08/22 16:28:03.798 [D] [ext_timer.go:210]  进入点杀名单
2019/08/22 16:28:03.798 [D] [ext_timer.go:294]  库存概率%!(EXTRA float32=0.45)
2019/08/22 16:28:03.798 [D] [ext_timer.go:294]  库存概率%!(EXTRA float32=0.45)
2019/08/22 16:28:03.798 [D] [ext_timer.go:362]  黑名单区域%!(EXTRA []int=[])
2019/08/22 16:28:03.798 [D] [ext_timer.go:373]  按库存区域中奖%!(EXTRA int=0)
2019/08/22 16:28:03.798 [D] [ext_timer.go:373]  按库存区域中奖%!(EXTRA int=1)
2019/08/22 16:28:03.798 [D] [ext_timer.go:392]  随机开奖%!(EXTRA int=2)
2019/08/22 16:28:03.798 [D] [ext_timer.go:392]  随机开奖%!(EXTRA int=3)
2019/08/22 16:28:14.798 [D] [ext_timer.go:561]  总下注：%!(EXTRA int64=10000)
2019/08/22 16:28:14.798 [D] [ext_timer.go:565]  游戏记录：%!(EXTRA main.RecordData={荣耀厅 10000 9800 [5000 5000 0 0 0 0 0 0 0] 4 [4 4 2 4] 2019-08-22 16:28:14 1566462494})
2019/08/22 16:28:14.798 [D] [hall.go:839]  发送修改金币
2019/08/22 16:28:14.798 [D] [ext_timer.go:567]  该玩家有投注，所以存储游戏记录
2019/08/22 16:28:14.798 [D] [ext_timer.go:561]  总下注：%!(EXTRA int64=10000)
2019/08/22 16:28:14.798 [D] [ext_timer.go:565]  游戏记录：%!(EXTRA main.RecordData={荣耀厅 10000 0 [0 0 0 0 0 0 0 0 0] 4 [4 4 2 4] 2019-08-22 16:28:14 1566462494})
2019/08/22 16:28:14.798 [D] [ext_timer.go:567]  该玩家有投注，所以存储游戏记录
2019/08/22 16:28:14.862 [D] [hall.go:760]  发送保存记录
2019/08/22 16:28:14.879 [D] [hall.go:807]  发送斗地主的保存记录
2019/08/22 16:28:57.799 [D] [ext_timer.go:192]  通杀概率%!(EXTRA float64=0.1)
2019/08/22 16:28:57.799 [D] [ext_timer.go:210]  进入点杀名单
2019/08/22 16:28:57.799 [D] [ext_timer.go:256]  区域组合%!(EXTRA [][]int=[[0 1 0 1] [0 1 1 1] [1 0 0 1] [1 0 1 1] [1 1 0 0] [1 1 0 1] [1 1 1 0] [1 1 1 1]])
2019/08/22 16:28:57.799 [D] [ext_timer.go:272]  点杀区域组合%!(EXTRA [][]int=[[1 3] [0 3] [0 1]])
2019/08/22 16:28:57.799 [D] [ext_timer.go:276]  黑名单区域%!(EXTRA []int=[0 3])
2019/08/22 16:28:57.799 [D] [ext_timer.go:294]  库存概率%!(EXTRA float32=0.45)
2019/08/22 16:28:57.799 [D] [ext_timer.go:362]  黑名单区域%!(EXTRA []int=[0 3])
2019/08/22 16:28:57.799 [D] [ext_timer.go:373]  按库存区域中奖%!(EXTRA int=1)
2019/08/22 16:28:57.799 [D] [ext_timer.go:392]  随机开奖%!(EXTRA int=2)
2019/08/22 16:29:08.799 [D] [ext_timer.go:561]  总下注：%!(EXTRA int64=0)
2019/08/22 16:29:08.799 [D] [ext_timer.go:565]  游戏记录：%!(EXTRA main.RecordData={荣耀厅 0 0 [0 0 0 0 0 0 0 0 0] 4 [1 4 6 1] 2019-08-22 16:29:08 1566462548})
2019/08/22 16:29:08.799 [D] [ext_timer.go:570]  该玩家没有投注，不存游戏记录
2019/08/22 16:29:08.799 [D] [ext_timer.go:561]  总下注：%!(EXTRA int64=15000)
2019/08/22 16:29:08.799 [D] [ext_timer.go:565]  游戏记录：%!(EXTRA main.RecordData={荣耀厅 15000 -5100 [5000 5000 0 5000 0 0 0 0 0] 4 [1 4 6 1] 2019-08-22 16:29:08 1566462548})
2019/08/22 16:29:08.799 [D] [ext_timer.go:567]  该玩家有投注，所以存储游戏记录
2019/08/22 16:29:08.799 [D] [hall.go:839]  发送修改金币
2019/08/22 16:29:08.904 [D] [hall.go:760]  发送保存记录
2019/08/22 16:29:08.912 [D] [hall.go:807]  发送斗地主的保存记录
2019/08/22 16:30:02.799 [D] [ext_timer.go:561]  总下注：%!(EXTRA int64=0)
2019/08/22 16:30:02.799 [D] [ext_timer.go:565]  游戏记录：%!(EXTRA main.RecordData={荣耀厅 0 0 [0 0 0 0 0 0 0 0 0] 3 [2 4 1 4] 2019-08-22 16:30:02 1566462602})
2019/08/22 16:30:02.799 [D] [ext_timer.go:570]  该玩家没有投注，不存游戏记录
2019/08/22 16:30:56.799 [D] [ext_timer.go:561]  总下注：%!(EXTRA int64=0)
2019/08/22 16:30:56.799 [D] [ext_timer.go:565]  游戏记录：%!(EXTRA main.RecordData={荣耀厅 0 0 [0 0 0 0 0 0 0 0 0] 5 [4 4 1 4] 2019-08-22 16:30:56 1566462656})
2019/08/22 16:30:56.799 [D] [ext_timer.go:570]  该玩家没有投注，不存游戏记录
2019/08/22 16:31:50.799 [D] [ext_timer.go:561]  总下注：%!(EXTRA int64=0)
2019/08/22 16:31:50.799 [D] [ext_timer.go:565]  游戏记录：%!(EXTRA main.RecordData={荣耀厅 0 0 [0 0 0 0 0 0 0 0 0] 2 [4 3 4 4] 2019-08-22 16:31:50 1566462710})
2019/08/22 16:31:50.799 [D] [ext_timer.go:570]  该玩家没有投注，不存游戏记录
2019/08/22 16:31:50.799 [D] [ext_timer.go:561]  总下注：%!(EXTRA int64=0)
2019/08/22 16:31:50.799 [D] [ext_timer.go:565]  游戏记录：%!(EXTRA main.RecordData={荣耀厅 0 0 [0 0 0 0 0 0 0 0 0] 2 [4 3 4 4] 2019-08-22 16:31:50 1566462710})
2019/08/22 16:31:50.799 [D] [ext_timer.go:570]  该玩家没有投注，不存游戏记录
2019/08/22 16:32:33.798 [D] [ext_timer.go:192]  通杀概率%!(EXTRA float64=0.1)
2019/08/22 16:32:33.798 [D] [ext_timer.go:294]  库存概率%!(EXTRA float32=0.45)
2019/08/22 16:32:33.798 [D] [ext_timer.go:297]  进入库存判断%!(EXTRA int=0)
2019/08/22 16:32:33.798 [D] [ext_timer.go:294]  库存概率%!(EXTRA float32=0.45)
2019/08/22 16:32:33.798 [D] [ext_timer.go:297]  进入库存判断%!(EXTRA int=1)
2019/08/22 16:32:33.798 [D] [ext_timer.go:362]  黑名单区域%!(EXTRA []int=[0 1])
2019/08/22 16:32:33.798 [D] [ext_timer.go:392]  随机开奖%!(EXTRA int=2)
2019/08/22 16:32:33.798 [D] [ext_timer.go:392]  随机开奖%!(EXTRA int=3)
2019/08/22 16:32:44.798 [D] [ext_timer.go:561]  总下注：%!(EXTRA int64=10000)
2019/08/22 16:32:44.798 [D] [ext_timer.go:565]  游戏记录：%!(EXTRA main.RecordData={荣耀厅 10000 -10000 [5000 5000 0 0 0 0 0 0 0] 3 [3 1 2 1] 2019-08-22 16:32:44 1566462764})
2019/08/22 16:32:44.798 [D] [hall.go:839]  发送修改金币
2019/08/22 16:32:44.798 [D] [ext_timer.go:567]  该玩家有投注，所以存储游戏记录
2019/08/22 16:32:44.798 [D] [ext_timer.go:561]  总下注：%!(EXTRA int64=10000)
2019/08/22 16:32:44.798 [D] [ext_timer.go:565]  游戏记录：%!(EXTRA main.RecordData={荣耀厅 10000 0 [0 0 0 0 0 0 0 0 0] 3 [3 1 2 1] 2019-08-22 16:32:44 1566462764})
2019/08/22 16:32:44.798 [D] [ext_timer.go:567]  该玩家有投注，所以存储游戏记录
2019/08/22 16:32:44.902 [D] [hall.go:760]  发送保存记录
2019/08/22 16:32:44.911 [D] [hall.go:807]  发送斗地主的保存记录
2019/08/22 16:33:38.798 [D] [ext_timer.go:561]  总下注：%!(EXTRA int64=0)
2019/08/22 16:33:38.798 [D] [ext_timer.go:565]  游戏记录：%!(EXTRA main.RecordData={荣耀厅 0 0 [0 0 0 0 0 0 0 0 0] 4 [4 4 1 2] 2019-08-22 16:33:38 1566462818})
2019/08/22 16:33:38.798 [D] [ext_timer.go:570]  该玩家没有投注，不存游戏记录
2019/08/22 16:33:38.798 [D] [ext_timer.go:561]  总下注：%!(EXTRA int64=0)
2019/08/22 16:33:38.798 [D] [ext_timer.go:565]  游戏记录：%!(EXTRA main.RecordData={荣耀厅 0 0 [0 0 0 0 0 0 0 0 0] 4 [4 4 1 2] 2019-08-22 16:33:38 1566462818})
2019/08/22 16:33:38.798 [D] [ext_timer.go:570]  该玩家没有投注，不存游戏记录
2019/08/22 16:34:32.798 [D] [ext_timer.go:561]  总下注：%!(EXTRA int64=0)
2019/08/22 16:34:32.798 [D] [ext_timer.go:565]  游戏记录：%!(EXTRA main.RecordData={荣耀厅 0 0 [0 0 0 0 0 0 0 0 0] 4 [1 1 4 4] 2019-08-22 16:34:32 1566462872})
2019/08/22 16:34:32.798 [D] [ext_timer.go:570]  该玩家没有投注，不存游戏记录
2019/08/22 16:34:32.798 [D] [ext_timer.go:561]  总下注：%!(EXTRA int64=0)
2019/08/22 16:34:32.798 [D] [ext_timer.go:565]  游戏记录：%!(EXTRA main.RecordData={荣耀厅 0 0 [0 0 0 0 0 0 0 0 0] 4 [1 1 4 4] 2019-08-22 16:34:32 1566462872})
2019/08/22 16:34:32.798 [D] [ext_timer.go:570]  该玩家没有投注，不存游戏记录
2019/08/22 16:35:16.350 [D] [conf.go:34]  网关配置文件初始化结束...%!(EXTRA main.Config={0 192.168.0.139 6 3 1 8500 1 500 http://10.0.0.88:8089 http://10.0.0.88:8088 http://192.168.0.181:8087})
2019/08/22 16:35:16.359 [D] [hall.go:72]  大厅初始化结束
2019/08/22 16:35:16.359 [D] [hall.go:74]  游服初始化结束
2019/08/22 16:35:16.376 [D] [mgrdesk.go:410]  获取游戏服务器信息成功%!(EXTRA main.DbGetGameServerData={100 true true 6 百人炸金花   1 荣耀厅 92 9223372036854776 0 true 0 0 300 100 0 100000 3 百人房间 brzjh {[{0.45 50000000 0} {0.35 20000000 5000000} {0.25 99999999990000 20000000}] 4928500 1 10000 0.1 1 5}})
2019/08/22 16:35:16.388 [D] [mgrdesk.go:436]  获取玩家层级胜率成功%!(EXTRA []main.DbHierarchyGameRate=[{-0.16 9} {-0.35 10} {-0.12 11} {-1 36} {0.8 38} {0.12 39} {0.12 40} {0.12 41} {0.12 42} {0.12 43} {0.12 44} {0.12 45} {0.12 46} {0.12 47} {0.12 48} {0.12 49}])
2019/08/22 16:35:16.388 [D] [main.go:19]  服务器运行开始
2019/08/22 16:35:51.360 [D] [ext_timer.go:192]  通杀概率%!(EXTRA float64=0.1)
2019/08/22 16:35:51.360 [D] [ext_timer.go:294]  库存概率%!(EXTRA float32=0.45)
2019/08/22 16:35:51.360 [D] [ext_timer.go:294]  库存概率%!(EXTRA float32=0.45)
2019/08/22 16:35:51.360 [D] [ext_timer.go:297]  进入库存判断%!(EXTRA int=1)
2019/08/22 16:35:51.360 [D] [ext_timer.go:362]  黑名单区域%!(EXTRA []int=[1])
2019/08/22 16:35:51.360 [D] [ext_timer.go:373]  按库存区域中奖%!(EXTRA int=0)
2019/08/22 16:35:51.360 [D] [ext_timer.go:392]  随机开奖%!(EXTRA int=2)
2019/08/22 16:35:51.360 [D] [ext_timer.go:392]  随机开奖%!(EXTRA int=3)
2019/08/22 16:36:02.359 [D] [ext_timer.go:561]  总下注：%!(EXTRA int64=0)
2019/08/22 16:36:02.359 [D] [ext_timer.go:565]  游戏记录：%!(EXTRA main.RecordData={荣耀厅 0 0 [0 0 0 0 0 0 0 0 0] 1 [4 1 2 2] 2019-08-22 16:36:02 1566462962})
2019/08/22 16:36:02.359 [D] [ext_timer.go:570]  该玩家没有投注，不存游戏记录
2019/08/22 16:36:02.359 [D] [ext_timer.go:561]  总下注：%!(EXTRA int64=10000)
2019/08/22 16:36:02.359 [D] [ext_timer.go:565]  游戏记录：%!(EXTRA main.RecordData={荣耀厅 10000 -100 [5000 5000 0 0 0 0 0 0 0] 1 [4 1 2 2] 2019-08-22 16:36:02 1566462962})
2019/08/22 16:36:02.359 [D] [ext_timer.go:567]  该玩家有投注，所以存储游戏记录
2019/08/22 16:36:02.359 [D] [hall.go:839]  发送修改金币
2019/08/22 16:36:02.392 [D] [hall.go:760]  发送保存记录
2019/08/22 16:36:02.403 [D] [hall.go:807]  发送斗地主的保存记录
2019/08/22 16:36:45.359 [D] [ext_timer.go:192]  通杀概率%!(EXTRA float64=0.1)
2019/08/22 16:36:45.359 [D] [ext_timer.go:294]  库存概率%!(EXTRA float32=0.45)
2019/08/22 16:36:45.359 [D] [ext_timer.go:297]  进入库存判断%!(EXTRA int=0)
2019/08/22 16:36:45.359 [D] [ext_timer.go:294]  库存概率%!(EXTRA float32=0.45)
2019/08/22 16:36:45.359 [D] [ext_timer.go:297]  进入库存判断%!(EXTRA int=1)
2019/08/22 16:36:45.359 [D] [ext_timer.go:362]  黑名单区域%!(EXTRA []int=[0 1])
2019/08/22 16:36:45.359 [D] [ext_timer.go:392]  随机开奖%!(EXTRA int=2)
2019/08/22 16:36:45.359 [D] [ext_timer.go:392]  随机开奖%!(EXTRA int=3)
2019/08/22 16:36:56.359 [D] [ext_timer.go:561]  总下注：%!(EXTRA int64=0)
2019/08/22 16:36:56.359 [D] [ext_timer.go:565]  游戏记录：%!(EXTRA main.RecordData={荣耀厅 0 0 [0 0 0 0 0 0 0 0 0] 4 [3 1 1 1] 2019-08-22 16:36:56 1566463016})
2019/08/22 16:36:56.359 [D] [ext_timer.go:570]  该玩家没有投注，不存游戏记录
2019/08/22 16:36:56.359 [D] [ext_timer.go:561]  总下注：%!(EXTRA int64=20000)
2019/08/22 16:36:56.359 [D] [ext_timer.go:565]  游戏记录：%!(EXTRA main.RecordData={荣耀厅 20000 -20000 [10000 10000 0 0 0 0 0 0 0] 4 [3 1 1 1] 2019-08-22 16:36:56 1566463016})
2019/08/22 16:36:56.359 [D] [ext_timer.go:567]  该玩家有投注，所以存储游戏记录
2019/08/22 16:36:56.359 [D] [hall.go:839]  发送修改金币
2019/08/22 16:36:56.412 [D] [hall.go:760]  发送保存记录
2019/08/22 16:36:56.434 [D] [hall.go:807]  发送斗地主的保存记录
2019/08/22 16:37:40.491 [D] [conf.go:34]  网关配置文件初始化结束...%!(EXTRA main.Config={0 192.168.0.139 6 3 2 8500 1 500 http://10.0.0.88:8089 http://10.0.0.88:8088 http://192.168.0.181:8087})
2019/08/22 16:37:40.499 [D] [hall.go:72]  大厅初始化结束
2019/08/22 16:37:40.499 [D] [hall.go:74]  游服初始化结束
2019/08/22 16:37:40.517 [D] [mgrdesk.go:410]  获取游戏服务器信息成功%!(EXTRA main.DbGetGameServerData={100 true true 6 百人炸金花 2 王牌厅 93 9223372036854776 0 true 0 0 300 100 0 1000000 3 百人房间 brzjh {[{0.45 5000000 0} {0.35 20000000 5000000} {0.25 999999990000 20000000}] 20200000 1 10000 0.1 1 5}})
2019/08/22 16:37:40.526 [D] [mgrdesk.go:436]  获取玩家层级胜率成功%!(EXTRA []main.DbHierarchyGameRate=[{-0.16 9} {-0.35 10} {-0.12 11} {-1 36} {0.8 38} {0.12 39} {0.12 40} {0.12 41} {0.12 42} {0.12 43} {0.12 44} {0.12 45} {0.12 46} {0.12 47} {0.12 48} {0.12 49}])
2019/08/22 16:37:40.527 [D] [main.go:19]  服务器运行开始
2019/08/22 16:46:21.500 [D] [ext_timer.go:192]  通杀概率%!(EXTRA float64=0.1)
2019/08/22 16:46:21.500 [D] [ext_timer.go:294]  库存概率%!(EXTRA float32=0.25)
2019/08/22 16:46:21.500 [D] [ext_timer.go:297]  进入库存判断%!(EXTRA int=0)
2019/08/22 16:46:21.500 [D] [ext_timer.go:294]  库存概率%!(EXTRA float32=0.25)
2019/08/22 16:46:21.500 [D] [ext_timer.go:297]  进入库存判断%!(EXTRA int=1)
2019/08/22 16:46:21.500 [D] [ext_timer.go:362]  黑名单区域%!(EXTRA []int=[0 1])
2019/08/22 16:46:21.500 [D] [ext_timer.go:392]  随机开奖%!(EXTRA int=2)
2019/08/22 16:46:21.500 [D] [ext_timer.go:392]  随机开奖%!(EXTRA int=3)
2019/08/22 16:46:32.500 [D] [ext_timer.go:561]  总下注：%!(EXTRA int64=400000)
2019/08/22 16:46:32.500 [D] [hall.go:839]  发送修改金币
2019/08/22 16:46:32.500 [D] [ext_timer.go:565]  游戏记录：%!(EXTRA main.RecordData={王牌厅 400000 -400000 [200000 200000 0 0 0 0 0 0 0] 4 [1 1 2 1] 2019-08-22 16:46:32 1566463592})
2019/08/22 16:46:32.500 [D] [ext_timer.go:567]  该玩家有投注，所以存储游戏记录
2019/08/22 16:46:32.500 [D] [ext_timer.go:561]  总下注：%!(EXTRA int64=400000)
2019/08/22 16:46:32.500 [D] [ext_timer.go:565]  游戏记录：%!(EXTRA main.RecordData={王牌厅 400000 0 [0 0 0 0 0 0 0 0 0] 4 [1 1 2 1] 2019-08-22 16:46:32 1566463592})
2019/08/22 16:46:32.500 [D] [ext_timer.go:567]  该玩家有投注，所以存储游戏记录
2019/08/22 16:46:32.568 [D] [hall.go:760]  发送保存记录
2019/08/22 16:46:32.580 [D] [hall.go:807]  发送斗地主的保存记录
2019/08/22 16:47:15.500 [D] [ext_timer.go:192]  通杀概率%!(EXTRA float64=0.1)
2019/08/22 16:47:15.500 [D] [ext_timer.go:294]  库存概率%!(EXTRA float32=0.25)
2019/08/22 16:47:15.500 [D] [ext_timer.go:294]  库存概率%!(EXTRA float32=0.25)
2019/08/22 16:47:15.500 [D] [ext_timer.go:362]  黑名单区域%!(EXTRA []int=[])
2019/08/22 16:47:15.500 [D] [ext_timer.go:373]  按库存区域中奖%!(EXTRA int=0)
2019/08/22 16:47:15.501 [D] [ext_timer.go:373]  按库存区域中奖%!(EXTRA int=1)
2019/08/22 16:47:15.501 [D] [ext_timer.go:392]  随机开奖%!(EXTRA int=2)
2019/08/22 16:47:15.501 [D] [ext_timer.go:392]  随机开奖%!(EXTRA int=3)
2019/08/22 16:47:26.501 [D] [ext_timer.go:561]  总下注：%!(EXTRA int64=400000)
2019/08/22 16:47:26.501 [D] [ext_timer.go:565]  游戏记录：%!(EXTRA main.RecordData={王牌厅 400000 392000 [200000 200000 0 0 0 0 0 0 0] 4 [6 4 2 2] 2019-08-22 16:47:26 1566463646})
2019/08/22 16:47:26.501 [D] [ext_timer.go:567]  该玩家有投注，所以存储游戏记录
2019/08/22 16:47:26.501 [D] [hall.go:839]  发送修改金币
2019/08/22 16:47:26.501 [D] [ext_timer.go:561]  总下注：%!(EXTRA int64=400000)
2019/08/22 16:47:26.501 [D] [ext_timer.go:565]  游戏记录：%!(EXTRA main.RecordData={王牌厅 400000 0 [0 0 0 0 0 0 0 0 0] 4 [6 4 2 2] 2019-08-22 16:47:26 1566463646})
2019/08/22 16:47:26.501 [D] [ext_timer.go:567]  该玩家有投注，所以存储游戏记录
2019/08/22 16:47:26.536 [D] [hall.go:760]  发送保存记录
2019/08/22 16:47:26.548 [D] [hall.go:807]  发送斗地主的保存记录
2019/08/22 16:48:20.500 [D] [ext_timer.go:561]  总下注：%!(EXTRA int64=0)
2019/08/22 16:48:20.500 [D] [ext_timer.go:565]  游戏记录：%!(EXTRA main.RecordData={王牌厅 0 0 [0 0 0 0 0 0 0 0 0] 2 [1 2 2 4] 2019-08-22 16:48:20 1566463700})
2019/08/22 16:48:20.500 [D] [ext_timer.go:570]  该玩家没有投注，不存游戏记录
2019/08/22 16:48:20.500 [D] [ext_timer.go:561]  总下注：%!(EXTRA int64=0)
2019/08/22 16:48:20.500 [D] [ext_timer.go:565]  游戏记录：%!(EXTRA main.RecordData={王牌厅 0 0 [0 0 0 0 0 0 0 0 0] 2 [1 2 2 4] 2019-08-22 16:48:20 1566463700})
2019/08/22 16:48:20.500 [D] [ext_timer.go:570]  该玩家没有投注，不存游戏记录
2019/08/22 16:49:03.500 [D] [ext_timer.go:192]  通杀概率%!(EXTRA float64=0.1)
2019/08/22 16:49:03.500 [D] [ext_timer.go:294]  库存概率%!(EXTRA float32=0.25)
2019/08/22 16:49:03.500 [D] [ext_timer.go:362]  黑名单区域%!(EXTRA []int=[])
2019/08/22 16:49:03.500 [D] [ext_timer.go:373]  按库存区域中奖%!(EXTRA int=0)
2019/08/22 16:49:03.500 [D] [ext_timer.go:392]  随机开奖%!(EXTRA int=1)
2019/08/22 16:49:03.500 [D] [ext_timer.go:392]  随机开奖%!(EXTRA int=2)
2019/08/22 16:49:03.500 [D] [ext_timer.go:392]  随机开奖%!(EXTRA int=3)
2019/08/22 16:49:14.501 [D] [ext_timer.go:561]  总下注：%!(EXTRA int64=200000)
2019/08/22 16:49:14.501 [D] [ext_timer.go:565]  游戏记录：%!(EXTRA main.RecordData={王牌厅 200000 196000 [200000 0 0 0 0 0 0 0 0] 3 [4 4 1 2] 2019-08-22 16:49:14 1566463754})
2019/08/22 16:49:14.501 [D] [ext_timer.go:567]  该玩家有投注，所以存储游戏记录
2019/08/22 16:49:14.501 [D] [hall.go:839]  发送修改金币
2019/08/22 16:49:14.501 [D] [ext_timer.go:561]  总下注：%!(EXTRA int64=200000)
2019/08/22 16:49:14.501 [D] [ext_timer.go:565]  游戏记录：%!(EXTRA main.RecordData={王牌厅 200000 0 [0 0 0 0 0 0 0 0 0] 3 [4 4 1 2] 2019-08-22 16:49:14 1566463754})
2019/08/22 16:49:14.501 [D] [ext_timer.go:567]  该玩家有投注，所以存储游戏记录
2019/08/22 16:49:14.553 [D] [hall.go:760]  发送保存记录
2019/08/22 16:49:14.565 [D] [hall.go:807]  发送斗地主的保存记录
2019/08/22 16:50:08.501 [D] [ext_timer.go:561]  总下注：%!(EXTRA int64=0)
2019/08/22 16:50:08.501 [D] [ext_timer.go:565]  游戏记录：%!(EXTRA main.RecordData={王牌厅 0 0 [0 0 0 0 0 0 0 0 0] 2 [1 4 2 1] 2019-08-22 16:50:08 1566463808})
2019/08/22 16:50:08.501 [D] [ext_timer.go:570]  该玩家没有投注，不存游戏记录
2019/08/22 16:50:08.501 [D] [ext_timer.go:561]  总下注：%!(EXTRA int64=0)
2019/08/22 16:50:08.501 [D] [ext_timer.go:565]  游戏记录：%!(EXTRA main.RecordData={王牌厅 0 0 [0 0 0 0 0 0 0 0 0] 2 [1 4 2 1] 2019-08-22 16:50:08 1566463808})
2019/08/22 16:50:08.501 [D] [ext_timer.go:570]  该玩家没有投注，不存游戏记录
2019/08/22 16:51:02.501 [D] [ext_timer.go:561]  总下注：%!(EXTRA int64=0)
2019/08/22 16:51:02.501 [D] [ext_timer.go:565]  游戏记录：%!(EXTRA main.RecordData={王牌厅 0 0 [0 0 0 0 0 0 0 0 0] 2 [3 1 2 2] 2019-08-22 16:51:02 1566463862})
2019/08/22 16:51:02.501 [D] [ext_timer.go:570]  该玩家没有投注，不存游戏记录
2019/08/22 16:51:56.501 [D] [ext_timer.go:561]  总下注：%!(EXTRA int64=0)
2019/08/22 16:51:56.501 [D] [ext_timer.go:565]  游戏记录：%!(EXTRA main.RecordData={王牌厅 0 0 [0 0 0 0 0 0 0 0 0] 4 [5 1 4 4] 2019-08-22 16:51:56 1566463916})
2019/08/22 16:51:56.501 [D] [ext_timer.go:570]  该玩家没有投注，不存游戏记录
2019/08/22 16:52:39.501 [D] [ext_timer.go:192]  通杀概率%!(EXTRA float64=0.1)
2019/08/22 16:52:39.501 [D] [ext_timer.go:294]  库存概率%!(EXTRA float32=0.25)
2019/08/22 16:52:39.501 [D] [ext_timer.go:294]  库存概率%!(EXTRA float32=0.25)
2019/08/22 16:52:39.501 [D] [ext_timer.go:362]  黑名单区域%!(EXTRA []int=[])
2019/08/22 16:52:39.501 [D] [ext_timer.go:373]  按库存区域中奖%!(EXTRA int=0)
2019/08/22 16:52:39.501 [D] [ext_timer.go:373]  按库存区域中奖%!(EXTRA int=1)
2019/08/22 16:52:39.501 [D] [ext_timer.go:392]  随机开奖%!(EXTRA int=2)
2019/08/22 16:52:39.501 [D] [ext_timer.go:392]  随机开奖%!(EXTRA int=3)
2019/08/22 16:52:50.501 [D] [ext_timer.go:561]  总下注：%!(EXTRA int64=400000)
2019/08/22 16:52:50.501 [D] [ext_timer.go:565]  游戏记录：%!(EXTRA main.RecordData={王牌厅 400000 392000 [200000 200000 0 0 0 0 0 0 0] 2 [3 4 4 4] 2019-08-22 16:52:50 1566463970})
2019/08/22 16:52:50.501 [D] [ext_timer.go:567]  该玩家有投注，所以存储游戏记录
2019/08/22 16:52:50.501 [D] [hall.go:839]  发送修改金币
2019/08/22 16:52:50.501 [D] [ext_timer.go:561]  总下注：%!(EXTRA int64=400000)
2019/08/22 16:52:50.501 [D] [ext_timer.go:565]  游戏记录：%!(EXTRA main.RecordData={王牌厅 400000 0 [0 0 0 0 0 0 0 0 0] 2 [3 4 4 4] 2019-08-22 16:52:50 1566463970})
2019/08/22 16:52:50.501 [D] [ext_timer.go:567]  该玩家有投注，所以存储游戏记录
2019/08/22 16:52:50.551 [D] [hall.go:760]  发送保存记录
2019/08/22 16:52:50.560 [D] [hall.go:807]  发送斗地主的保存记录
2019/08/22 16:53:44.500 [D] [ext_timer.go:561]  总下注：%!(EXTRA int64=0)
2019/08/22 16:53:44.500 [D] [ext_timer.go:565]  游戏记录：%!(EXTRA main.RecordData={王牌厅 0 0 [0 0 0 0 0 0 0 0 0] 4 [2 4 4 4] 2019-08-22 16:53:44 1566464024})
2019/08/22 16:53:44.500 [D] [ext_timer.go:570]  该玩家没有投注，不存游戏记录
2019/08/22 16:53:44.500 [D] [ext_timer.go:561]  总下注：%!(EXTRA int64=0)
2019/08/22 16:53:44.500 [D] [ext_timer.go:565]  游戏记录：%!(EXTRA main.RecordData={王牌厅 0 0 [0 0 0 0 0 0 0 0 0] 4 [2 4 4 4] 2019-08-22 16:53:44 1566464024})
2019/08/22 16:53:44.500 [D] [ext_timer.go:570]  该玩家没有投注，不存游戏记录
2019/08/22 16:54:25.308 [D] [conf.go:34]  网关配置文件初始化结束...%!(EXTRA main.Config={0 192.168.0.139 6 3 2 8500 1 500 http://10.0.0.88:8089 http://10.0.0.88:8088 http://192.168.0.181:8087})
2019/08/22 16:54:25.316 [D] [hall.go:72]  大厅初始化结束
2019/08/22 16:54:25.316 [D] [hall.go:74]  游服初始化结束
2019/08/22 16:54:25.340 [D] [mgrdesk.go:410]  获取游戏服务器信息成功%!(EXTRA main.DbGetGameServerData={100 true true 6 百人炸金花 2 王牌厅 93 9223372036854776 0 true 0 0 300 100 0 1000000 3 百人房间 brzjh {[{0.45 5000000 0} {0.35 20000000 5000000} {0.25 999999990000 20000000}] 20200000 1 10000 0.1 1 5}})
2019/08/22 16:54:25.351 [D] [mgrdesk.go:436]  获取玩家层级胜率成功%!(EXTRA []main.DbHierarchyGameRate=[{-0.16 9} {-0.35 10} {-0.12 11} {-1 36} {0.8 38} {0.12 39} {0.12 40} {0.12 41} {0.12 42} {0.12 43} {0.12 44} {0.12 45} {0.12 46} {0.12 47} {0.12 48} {0.12 49}])
2019/08/22 16:54:25.351 [D] [main.go:19]  服务器运行开始
2019/08/22 16:55:00.317 [D] [ext_timer.go:192]  通杀概率%!(EXTRA float64=0.1)
2019/08/22 16:55:00.317 [D] [ext_timer.go:198]  进入通杀
2019/08/22 16:55:00.317 [D] [ext_timer.go:362]  黑名单区域%!(EXTRA []int=[0 1 2 3])
2019/08/22 16:55:11.316 [D] [ext_timer.go:558]  玩家总下注：%!(EXTRA int64=538389, []int64=[0 0 0 0 0 0 0 0 0])
2019/08/22 16:55:11.316 [D] [ext_timer.go:562]  总下注：%!(EXTRA int64=0)
2019/08/22 16:55:11.316 [D] [ext_timer.go:566]  游戏记录：%!(EXTRA main.RecordData={王牌厅 0 0 [0 0 0 0 0 0 0 0 0] 3 [3 2 2 3] 2019-08-22 16:55:11 1566464111})
2019/08/22 16:55:11.316 [D] [ext_timer.go:571]  该玩家没有投注，不存游戏记录
2019/08/22 16:55:11.316 [D] [ext_timer.go:558]  玩家总下注：%!(EXTRA int64=538430, []int64=[200000 0 0 0 0 0 0 0 0])
2019/08/22 16:55:11.316 [D] [ext_timer.go:562]  总下注：%!(EXTRA int64=200000)
2019/08/22 16:55:11.316 [D] [hall.go:839]  发送修改金币
2019/08/22 16:55:11.316 [D] [ext_timer.go:566]  游戏记录：%!(EXTRA main.RecordData={王牌厅 200000 -200000 [200000 0 0 0 0 0 0 0 0] 3 [3 2 2 3] 2019-08-22 16:55:11 1566464111})
2019/08/22 16:55:11.316 [D] [ext_timer.go:568]  该玩家有投注，所以存储游戏记录
2019/08/22 16:55:11.345 [D] [hall.go:760]  发送保存记录
2019/08/22 16:55:11.353 [D] [hall.go:807]  发送斗地主的保存记录
2019/08/22 16:56:05.317 [D] [ext_timer.go:558]  玩家总下注：%!(EXTRA int64=538430, []int64=[0 0 0 0 0 0 0 0 0])
2019/08/22 16:56:05.317 [D] [ext_timer.go:562]  总下注：%!(EXTRA int64=0)
2019/08/22 16:56:05.317 [D] [ext_timer.go:566]  游戏记录：%!(EXTRA main.RecordData={王牌厅 0 0 [0 0 0 0 0 0 0 0 0] 4 [3 3 3 4] 2019-08-22 16:56:05 1566464165})
2019/08/22 16:56:05.317 [D] [ext_timer.go:571]  该玩家没有投注，不存游戏记录
2019/08/22 16:56:05.317 [D] [ext_timer.go:558]  玩家总下注：%!(EXTRA int64=538389, []int64=[0 0 0 0 0 0 0 0 0])
2019/08/22 16:56:05.317 [D] [ext_timer.go:562]  总下注：%!(EXTRA int64=0)
2019/08/22 16:56:05.317 [D] [ext_timer.go:566]  游戏记录：%!(EXTRA main.RecordData={王牌厅 0 0 [0 0 0 0 0 0 0 0 0] 4 [3 3 3 4] 2019-08-22 16:56:05 1566464165})
2019/08/22 16:56:05.317 [D] [ext_timer.go:571]  该玩家没有投注，不存游戏记录
2019/08/22 16:56:35.128 [D] [conf.go:34]  网关配置文件初始化结束...%!(EXTRA main.Config={0 192.168.0.139 6 3 2 8500 1 500 http://10.0.0.88:8089 http://10.0.0.88:8088 http://192.168.0.181:8087})
2019/08/22 16:56:35.141 [D] [hall.go:72]  大厅初始化结束
2019/08/22 16:56:35.141 [D] [hall.go:74]  游服初始化结束
2019/08/22 16:56:35.178 [D] [mgrdesk.go:410]  获取游戏服务器信息成功%!(EXTRA main.DbGetGameServerData={100 true true 6 百人炸金花 2 王牌厅 93 9223372036854776 0 true 0 0 300 100 0 1000000 3 百人房间 brzjh {[{0.45 5000000 0} {0.35 20000000 5000000} {0.25 999999990000 20000000}] 20200000 1 10000 0.1 1 5}})
2019/08/22 16:56:35.189 [D] [mgrdesk.go:436]  获取玩家层级胜率成功%!(EXTRA []main.DbHierarchyGameRate=[{-0.16 9} {-0.35 10} {-0.12 11} {-1 36} {0.8 38} {0.12 39} {0.12 40} {0.12 41} {0.12 42} {0.12 43} {0.12 44} {0.12 45} {0.12 46} {0.12 47} {0.12 48} {0.12 49}])
2019/08/22 16:56:35.189 [D] [main.go:19]  服务器运行开始
2019/08/22 16:57:21.141 [D] [ext_timer.go:562]  总下注：%!(EXTRA int64=538430, int64=0)
2019/08/22 16:57:21.141 [D] [ext_timer.go:566]  游戏记录：%!(EXTRA main.RecordData={王牌厅 0 0 [0 0 0 0 0 0 0 0 0] 3 [1 2 6 4] 2019-08-22 16:57:21 1566464241})
2019/08/22 16:57:21.141 [D] [ext_timer.go:571]  该玩家没有投注，不存游戏记录
2019/08/22 16:57:21.141 [D] [ext_timer.go:562]  总下注：%!(EXTRA int64=538389, int64=0)
2019/08/22 16:57:21.141 [D] [ext_timer.go:566]  游戏记录：%!(EXTRA main.RecordData={王牌厅 0 0 [0 0 0 0 0 0 0 0 0] 3 [1 2 6 4] 2019-08-22 16:57:21 1566464241})
2019/08/22 16:57:21.141 [D] [ext_timer.go:571]  该玩家没有投注，不存游戏记录
2019/08/22 16:57:53.239 [D] [conf.go:34]  网关配置文件初始化结束...%!(EXTRA main.Config={0 192.168.0.139 6 3 2 8500 1 500 http://10.0.0.88:8089 http://10.0.0.88:8088 http://192.168.0.181:8087})
2019/08/22 16:57:53.248 [D] [hall.go:72]  大厅初始化结束
2019/08/22 16:57:53.248 [D] [hall.go:74]  游服初始化结束
2019/08/22 16:57:53.265 [D] [mgrdesk.go:410]  获取游戏服务器信息成功%!(EXTRA main.DbGetGameServerData={100 true true 6 百人炸金花 2 王牌厅 93 9223372036854776 0 true 0 0 300 100 0 1000000 3 百人房间 brzjh {[{0.45 5000000 0} {0.35 20000000 5000000} {0.25 999999990000 20000000}] 20200000 1 10000 0.1 1 5}})
2019/08/22 16:57:53.278 [D] [mgrdesk.go:436]  获取玩家层级胜率成功%!(EXTRA []main.DbHierarchyGameRate=[{-0.16 9} {-0.35 10} {-0.12 11} {-1 36} {0.8 38} {0.12 39} {0.12 40} {0.12 41} {0.12 42} {0.12 43} {0.12 44} {0.12 45} {0.12 46} {0.12 47} {0.12 48} {0.12 49}])
2019/08/22 16:57:53.278 [D] [main.go:19]  服务器运行开始
2019/08/22 16:58:28.251 [D] [ext_timer.go:192]  通杀概率%!(EXTRA float64=0.1)
2019/08/22 16:58:28.251 [D] [ext_timer.go:294]  库存概率%!(EXTRA float32=0.25)
2019/08/22 16:58:28.251 [D] [ext_timer.go:362]  黑名单区域%!(EXTRA []int=[])
2019/08/22 16:58:28.251 [D] [ext_timer.go:373]  按库存区域中奖%!(EXTRA int=0)
2019/08/22 16:58:28.251 [D] [ext_timer.go:392]  随机开奖%!(EXTRA int=1)
2019/08/22 16:58:28.251 [D] [ext_timer.go:392]  随机开奖%!(EXTRA int=2)
2019/08/22 16:58:28.251 [D] [ext_timer.go:392]  随机开奖%!(EXTRA int=3)
2019/08/22 16:58:39.251 [D] [ext_timer.go:563]  总下注：%!(EXTRA int64=538430, int64=200000)
2019/08/22 16:58:39.251 [D] [hall.go:839]  发送修改金币
2019/08/22 16:58:39.251 [D] [ext_timer.go:567]  游戏记录：%!(EXTRA main.RecordData={王牌厅 200000 196000 [200000 0 0 0 0 0 0 0 0] 3 [6 2 5 2] 2019-08-22 16:58:39 1566464319})
2019/08/22 16:58:39.251 [D] [ext_timer.go:569]  该玩家有投注，所以存储游戏记录
2019/08/22 16:58:39.275 [D] [hall.go:760]  发送保存记录
2019/08/22 16:58:39.293 [D] [hall.go:807]  发送斗地主的保存记录
2019/08/22 16:59:22.251 [D] [ext_timer.go:192]  通杀概率%!(EXTRA float64=0.1)
2019/08/22 16:59:22.251 [D] [ext_timer.go:294]  库存概率%!(EXTRA float32=0.25)
2019/08/22 16:59:22.251 [D] [ext_timer.go:362]  黑名单区域%!(EXTRA []int=[])
2019/08/22 16:59:22.251 [D] [ext_timer.go:373]  按库存区域中奖%!(EXTRA int=0)
2019/08/22 16:59:22.251 [D] [ext_timer.go:392]  随机开奖%!(EXTRA int=1)
2019/08/22 16:59:22.251 [D] [ext_timer.go:392]  随机开奖%!(EXTRA int=2)
2019/08/22 16:59:22.251 [D] [ext_timer.go:392]  随机开奖%!(EXTRA int=3)
2019/08/22 16:59:33.249 [D] [ext_timer.go:563]  总下注：%!(EXTRA int64=538430, int64=200000)
2019/08/22 16:59:33.249 [D] [hall.go:839]  发送修改金币
2019/08/22 16:59:33.249 [D] [ext_timer.go:567]  游戏记录：%!(EXTRA main.RecordData={王牌厅 200000 196000 [200000 0 0 0 0 0 0 0 0] 2 [4 4 4 1] 2019-08-22 16:59:33 1566464373})
2019/08/22 16:59:33.249 [D] [ext_timer.go:569]  该玩家有投注，所以存储游戏记录
2019/08/22 16:59:33.249 [D] [ext_timer.go:563]  总下注：%!(EXTRA int64=538389, int64=200000)
2019/08/22 16:59:33.249 [D] [ext_timer.go:567]  游戏记录：%!(EXTRA main.RecordData={王牌厅 200000 0 [0 0 0 0 0 0 0 0 0] 2 [4 4 4 1] 2019-08-22 16:59:33 1566464373})
2019/08/22 16:59:33.249 [D] [ext_timer.go:569]  该玩家有投注，所以存储游戏记录
2019/08/22 16:59:33.300 [D] [hall.go:760]  发送保存记录
2019/08/22 16:59:33.309 [D] [hall.go:807]  发送斗地主的保存记录
2019/08/22 17:00:27.251 [D] [ext_timer.go:563]  总下注：%!(EXTRA int64=538430, int64=0)
2019/08/22 17:00:27.251 [D] [ext_timer.go:567]  游戏记录：%!(EXTRA main.RecordData={王牌厅 0 0 [0 0 0 0 0 0 0 0 0] 2 [1 2 2 2] 2019-08-22 17:00:27 1566464427})
2019/08/22 17:00:27.251 [D] [ext_timer.go:572]  该玩家没有投注，不存游戏记录
2019/08/22 17:00:27.251 [D] [ext_timer.go:563]  总下注：%!(EXTRA int64=538389, int64=0)
2019/08/22 17:00:27.251 [D] [ext_timer.go:567]  游戏记录：%!(EXTRA main.RecordData={王牌厅 0 0 [0 0 0 0 0 0 0 0 0] 2 [1 2 2 2] 2019-08-22 17:00:27 1566464427})
2019/08/22 17:00:27.251 [D] [ext_timer.go:572]  该玩家没有投注，不存游戏记录
2019/08/22 17:01:21.249 [D] [ext_timer.go:563]  总下注：%!(EXTRA int64=538430, int64=0)
2019/08/22 17:01:21.249 [D] [ext_timer.go:567]  游戏记录：%!(EXTRA main.RecordData={王牌厅 0 0 [0 0 0 0 0 0 0 0 0] 3 [6 2 2 3] 2019-08-22 17:01:21 1566464481})
2019/08/22 17:01:21.249 [D] [ext_timer.go:572]  该玩家没有投注，不存游戏记录
2019/08/22 17:01:21.249 [D] [ext_timer.go:563]  总下注：%!(EXTRA int64=538389, int64=0)
2019/08/22 17:01:21.249 [D] [ext_timer.go:567]  游戏记录：%!(EXTRA main.RecordData={王牌厅 0 0 [0 0 0 0 0 0 0 0 0] 3 [6 2 2 3] 2019-08-22 17:01:21 1566464481})
2019/08/22 17:01:21.249 [D] [ext_timer.go:572]  该玩家没有投注，不存游戏记录
2019/08/22 17:02:04.249 [D] [ext_timer.go:192]  通杀概率%!(EXTRA float64=0.1)
2019/08/22 17:02:04.249 [D] [ext_timer.go:294]  库存概率%!(EXTRA float32=0.35)
2019/08/22 17:02:04.249 [D] [ext_timer.go:297]  进入库存判断%!(EXTRA int=0)
2019/08/22 17:02:04.249 [D] [ext_timer.go:362]  黑名单区域%!(EXTRA []int=[0])
2019/08/22 17:02:04.249 [D] [ext_timer.go:392]  随机开奖%!(EXTRA int=1)
2019/08/22 17:02:04.249 [D] [ext_timer.go:392]  随机开奖%!(EXTRA int=2)
2019/08/22 17:02:04.249 [D] [ext_timer.go:392]  随机开奖%!(EXTRA int=3)
2019/08/22 17:02:15.249 [D] [ext_timer.go:563]  总下注：%!(EXTRA int64=538430, int64=200000)
2019/08/22 17:02:15.249 [D] [hall.go:839]  发送修改金币
2019/08/22 17:02:15.249 [D] [ext_timer.go:567]  游戏记录：%!(EXTRA main.RecordData={王牌厅 200000 -200000 [200000 0 0 0 0 0 0 0 0] 6 [1 4 2 1] 2019-08-22 17:02:15 1566464535})
2019/08/22 17:02:15.249 [D] [ext_timer.go:569]  该玩家有投注，所以存储游戏记录
2019/08/22 17:02:15.249 [D] [ext_timer.go:563]  总下注：%!(EXTRA int64=538389, int64=200000)
2019/08/22 17:02:15.249 [D] [ext_timer.go:567]  游戏记录：%!(EXTRA main.RecordData={王牌厅 200000 0 [0 0 0 0 0 0 0 0 0] 6 [1 4 2 1] 2019-08-22 17:02:15 1566464535})
2019/08/22 17:02:15.249 [D] [ext_timer.go:569]  该玩家有投注，所以存储游戏记录
2019/08/22 17:02:15.361 [D] [hall.go:760]  发送保存记录
2019/08/22 17:02:15.380 [D] [hall.go:807]  发送斗地主的保存记录
2019/08/22 17:03:09.249 [D] [ext_timer.go:563]  总下注：%!(EXTRA int64=538430, int64=0)
2019/08/22 17:03:09.249 [D] [ext_timer.go:567]  游戏记录：%!(EXTRA main.RecordData={王牌厅 0 0 [0 0 0 0 0 0 0 0 0] 2 [2 4 3 4] 2019-08-22 17:03:09 1566464589})
2019/08/22 17:03:09.249 [D] [ext_timer.go:572]  该玩家没有投注，不存游戏记录
2019/08/22 17:03:09.249 [D] [ext_timer.go:563]  总下注：%!(EXTRA int64=538389, int64=0)
2019/08/22 17:03:09.249 [D] [ext_timer.go:567]  游戏记录：%!(EXTRA main.RecordData={王牌厅 0 0 [0 0 0 0 0 0 0 0 0] 2 [2 4 3 4] 2019-08-22 17:03:09 1566464589})
2019/08/22 17:03:09.249 [D] [ext_timer.go:572]  该玩家没有投注，不存游戏记录
2019/08/22 17:04:03.249 [D] [ext_timer.go:563]  总下注：%!(EXTRA int64=538430, int64=0)
2019/08/22 17:04:03.249 [D] [ext_timer.go:567]  游戏记录：%!(EXTRA main.RecordData={王牌厅 0 0 [0 0 0 0 0 0 0 0 0] 4 [1 3 4 6] 2019-08-22 17:04:03 1566464643})
2019/08/22 17:04:03.249 [D] [ext_timer.go:572]  该玩家没有投注，不存游戏记录
2019/08/22 17:04:57.249 [D] [ext_timer.go:563]  总下注：%!(EXTRA int64=538430, int64=0)
2019/08/22 17:04:57.249 [D] [ext_timer.go:567]  游戏记录：%!(EXTRA main.RecordData={王牌厅 0 0 [0 0 0 0 0 0 0 0 0] 1 [1 3 2 4] 2019-08-22 17:04:57 1566464697})
2019/08/22 17:04:57.249 [D] [ext_timer.go:572]  该玩家没有投注，不存游戏记录
2019/08/22 17:05:51.249 [D] [ext_timer.go:563]  总下注：%!(EXTRA int64=538430, int64=0)
2019/08/22 17:05:51.249 [D] [ext_timer.go:567]  游戏记录：%!(EXTRA main.RecordData={王牌厅 0 0 [0 0 0 0 0 0 0 0 0] 5 [4 4 3 4] 2019-08-22 17:05:51 1566464751})
2019/08/22 17:05:51.249 [D] [ext_timer.go:572]  该玩家没有投注，不存游戏记录
2019/08/22 17:06:45.251 [D] [ext_timer.go:563]  总下注：%!(EXTRA int64=538430, int64=0)
2019/08/22 17:06:45.251 [D] [ext_timer.go:567]  游戏记录：%!(EXTRA main.RecordData={王牌厅 0 0 [0 0 0 0 0 0 0 0 0] 3 [2 1 2 4] 2019-08-22 17:06:45 1566464805})
2019/08/22 17:06:45.251 [D] [ext_timer.go:572]  该玩家没有投注，不存游戏记录
2019/08/22 17:06:45.251 [D] [ext_timer.go:563]  总下注：%!(EXTRA int64=538389, int64=0)
2019/08/22 17:06:45.251 [D] [ext_timer.go:567]  游戏记录：%!(EXTRA main.RecordData={王牌厅 0 0 [0 0 0 0 0 0 0 0 0] 3 [2 1 2 4] 2019-08-22 17:06:45 1566464805})
2019/08/22 17:06:45.251 [D] [ext_timer.go:572]  该玩家没有投注，不存游戏记录
2019/08/22 17:07:39.249 [D] [ext_timer.go:563]  总下注：%!(EXTRA int64=538389, int64=0)
2019/08/22 17:07:39.249 [D] [ext_timer.go:567]  游戏记录：%!(EXTRA main.RecordData={王牌厅 0 0 [0 0 0 0 0 0 0 0 0] 4 [1 2 4 4] 2019-08-22 17:07:39 1566464859})
2019/08/22 17:07:39.249 [D] [ext_timer.go:572]  该玩家没有投注，不存游戏记录
2019/08/22 17:08:33.251 [D] [ext_timer.go:563]  总下注：%!(EXTRA int64=538389, int64=0)
2019/08/22 17:08:33.251 [D] [ext_timer.go:567]  游戏记录：%!(EXTRA main.RecordData={王牌厅 0 0 [0 0 0 0 0 0 0 0 0] 4 [3 3 4 3] 2019-08-22 17:08:33 1566464913})
2019/08/22 17:08:33.251 [D] [ext_timer.go:572]  该玩家没有投注，不存游戏记录
2019/08/22 17:09:27.251 [D] [ext_timer.go:563]  总下注：%!(EXTRA int64=538389, int64=0)
2019/08/22 17:09:27.251 [D] [ext_timer.go:567]  游戏记录：%!(EXTRA main.RecordData={王牌厅 0 0 [0 0 0 0 0 0 0 0 0] 3 [5 2 3 2] 2019-08-22 17:09:27 1566464967})
2019/08/22 17:09:27.251 [D] [ext_timer.go:572]  该玩家没有投注，不存游戏记录
2019/08/22 17:09:27.251 [D] [ext_timer.go:563]  总下注：%!(EXTRA int64=538430, int64=0)
2019/08/22 17:09:27.251 [D] [ext_timer.go:567]  游戏记录：%!(EXTRA main.RecordData={王牌厅 0 0 [0 0 0 0 0 0 0 0 0] 3 [5 2 3 2] 2019-08-22 17:09:27 1566464967})
2019/08/22 17:09:27.251 [D] [ext_timer.go:572]  该玩家没有投注，不存游戏记录
2019/08/22 17:10:21.250 [D] [ext_timer.go:563]  总下注：%!(EXTRA int64=538389, int64=0)
2019/08/22 17:10:21.250 [D] [ext_timer.go:567]  游戏记录：%!(EXTRA main.RecordData={王牌厅 0 0 [0 0 0 0 0 0 0 0 0] 1 [4 4 2 4] 2019-08-22 17:10:21 1566465021})
2019/08/22 17:10:21.250 [D] [ext_timer.go:572]  该玩家没有投注，不存游戏记录
2019/08/22 17:10:21.250 [D] [ext_timer.go:563]  总下注：%!(EXTRA int64=538430, int64=0)
2019/08/22 17:10:21.250 [D] [ext_timer.go:567]  游戏记录：%!(EXTRA main.RecordData={王牌厅 0 0 [0 0 0 0 0 0 0 0 0] 1 [4 4 2 4] 2019-08-22 17:10:21 1566465021})
2019/08/22 17:10:21.250 [D] [ext_timer.go:572]  该玩家没有投注，不存游戏记录
2019/08/22 17:10:36.993 [D] [conf.go:34]  网关配置文件初始化结束...%!(EXTRA main.Config={0 192.168.0.139 6 3 2 8500 1 500 http://10.0.0.88:8089 http://10.0.0.88:8088 http://192.168.0.181:8087})
2019/08/22 17:10:37.001 [D] [hall.go:72]  大厅初始化结束
2019/08/22 17:10:37.001 [D] [hall.go:74]  游服初始化结束
2019/08/22 17:10:37.023 [D] [mgrdesk.go:410]  获取游戏服务器信息成功%!(EXTRA main.DbGetGameServerData={100 true true 6 百人炸金花 2 王牌厅 93 9223372036854776 0 true 0 0 300 100 0 1000000 3 百人房间 brzjh {[{0.45 5000000 0} {0.35 20000000 5000000} {0.25 999999990000 20000000}] 20200000 1 10000 0.1 1 5}})
2019/08/22 17:10:37.046 [D] [mgrdesk.go:436]  获取玩家层级胜率成功%!(EXTRA []main.DbHierarchyGameRate=[{-0.16 9} {-0.35 10} {-0.12 11} {-1 36} {0.8 38} {0.12 39} {0.12 40} {0.12 41} {0.12 42} {0.12 43} {0.12 44} {0.12 45} {0.12 46} {0.12 47} {0.12 48} {0.12 49}])
2019/08/22 17:10:37.046 [D] [main.go:19]  服务器运行开始
2019/08/22 17:11:12.002 [D] [ext_timer.go:192]  通杀概率%!(EXTRA float64=0.1)
2019/08/22 17:11:12.002 [D] [ext_timer.go:294]  库存概率%!(EXTRA float32=0.25)
2019/08/22 17:11:12.002 [D] [ext_timer.go:362]  黑名单区域%!(EXTRA []int=[])
2019/08/22 17:11:12.002 [D] [ext_timer.go:373]  按库存区域中奖%!(EXTRA int=0)
2019/08/22 17:11:12.002 [D] [ext_timer.go:392]  随机开奖%!(EXTRA int=1)
2019/08/22 17:11:12.002 [D] [ext_timer.go:392]  随机开奖%!(EXTRA int=2)
2019/08/22 17:11:12.002 [D] [ext_timer.go:392]  随机开奖%!(EXTRA int=3)
2019/08/22 17:11:23.001 [D] [ext_timer.go:564]  总下注：%!(EXTRA int64=538430, int64=200000)
2019/08/22 17:11:23.001 [D] [hall.go:839]  发送修改金币
2019/08/22 17:11:23.001 [D] [ext_timer.go:567]  游戏记录：%!(EXTRA main.RecordData={王牌厅 200000 196000 [200000 0 0 0 0 0 0 0 0] 2 [4 1 4 4] 2019-08-22 17:11:23 1566465083})
2019/08/22 17:11:23.001 [D] [ext_timer.go:569]  该玩家有投注，所以存储游戏记录
2019/08/22 17:11:23.001 [D] [ext_timer.go:564]  总下注：%!(EXTRA int64=538389, int64=200000)
2019/08/22 17:11:23.001 [D] [ext_timer.go:567]  游戏记录：%!(EXTRA main.RecordData={王牌厅 200000 0 [0 0 0 0 0 0 0 0 0] 2 [4 1 4 4] 2019-08-22 17:11:23 1566465083})
2019/08/22 17:11:23.001 [D] [ext_timer.go:569]  该玩家有投注，所以存储游戏记录
2019/08/22 17:11:23.075 [D] [hall.go:760]  发送保存记录
2019/08/22 17:11:23.105 [D] [hall.go:807]  发送斗地主的保存记录
2019/08/22 17:12:17.003 [D] [ext_timer.go:564]  总下注：%!(EXTRA int64=538430, int64=0)
2019/08/22 17:12:17.003 [D] [ext_timer.go:567]  游戏记录：%!(EXTRA main.RecordData={王牌厅 0 0 [0 0 0 0 0 0 0 0 0] 1 [4 3 4 1] 2019-08-22 17:12:17 1566465137})
2019/08/22 17:12:17.003 [D] [ext_timer.go:572]  该玩家没有投注，不存游戏记录
2019/08/22 17:12:17.003 [D] [ext_timer.go:564]  总下注：%!(EXTRA int64=538389, int64=0)
2019/08/22 17:12:17.003 [D] [ext_timer.go:567]  游戏记录：%!(EXTRA main.RecordData={王牌厅 0 0 [0 0 0 0 0 0 0 0 0] 1 [4 3 4 1] 2019-08-22 17:12:17 1566465137})
2019/08/22 17:12:17.003 [D] [ext_timer.go:572]  该玩家没有投注，不存游戏记录
2019/08/22 17:16:04.345 [D] [conf.go:34]  网关配置文件初始化结束...%!(EXTRA main.Config={0 192.168.0.139 6 3 2 8500 1 500 http://10.0.0.88:8089 http://10.0.0.88:8088 http://192.168.0.181:8087})
2019/08/22 17:16:04.354 [D] [hall.go:72]  大厅初始化结束
2019/08/22 17:16:04.354 [D] [hall.go:74]  游服初始化结束
2019/08/22 17:16:04.375 [D] [mgrdesk.go:410]  获取游戏服务器信息成功%!(EXTRA main.DbGetGameServerData={100 true true 6 百人炸金花 2 王牌厅 93 9223372036854776 0 true 0 0 300 100 0 1000000 3 百人房间 brzjh {[{0.45 5000000 0} {0.35 20000000 5000000} {0.25 999999990000 20000000}] 20200000 1 10000 0.1 1 5}})
2019/08/22 17:16:04.404 [D] [mgrdesk.go:436]  获取玩家层级胜率成功%!(EXTRA []main.DbHierarchyGameRate=[{-0.16 9} {-0.35 10} {-0.12 11} {-1 36} {0.8 38} {0.12 39} {0.12 40} {0.12 41} {0.12 42} {0.12 43} {0.12 44} {0.12 45} {0.12 46} {0.12 47} {0.12 48} {0.12 49}])
2019/08/22 17:16:04.404 [D] [main.go:19]  服务器运行开始
2019/08/22 17:16:39.356 [D] [ext_timer.go:192]  通杀概率%!(EXTRA float64=0.1)
2019/08/22 17:16:39.356 [D] [ext_timer.go:294]  库存概率%!(EXTRA float32=0.25)
2019/08/22 17:16:39.356 [D] [ext_timer.go:297]  进入库存判断%!(EXTRA int=0)
2019/08/22 17:16:39.356 [D] [ext_timer.go:362]  黑名单区域%!(EXTRA []int=[0])
2019/08/22 17:16:39.356 [D] [ext_timer.go:392]  随机开奖%!(EXTRA int=1)
2019/08/22 17:16:39.356 [D] [ext_timer.go:392]  随机开奖%!(EXTRA int=2)
2019/08/22 17:16:39.356 [D] [ext_timer.go:392]  随机开奖%!(EXTRA int=3)
2019/08/22 17:16:50.356 [D] [ext_timer.go:564]  总下注：%!(EXTRA int64=538430, int64=0)
2019/08/22 17:16:50.356 [D] [ext_timer.go:567]  游戏记录：%!(EXTRA main.RecordData={王牌厅 0 0 [0 0 0 0 0 0 0 0 0] 2 [2 4 2 5] 2019-08-22 17:16:50 1566465410})
2019/08/22 17:16:50.356 [D] [ext_timer.go:572]  该玩家没有投注，不存游戏记录
2019/08/22 17:16:50.356 [D] [hall.go:839]  发送修改金币
2019/08/22 17:16:50.356 [D] [ext_timer.go:564]  总下注：%!(EXTRA int64=538389, int64=200000)
2019/08/22 17:16:50.356 [D] [ext_timer.go:567]  游戏记录：%!(EXTRA main.RecordData={王牌厅 200000 -200000 [200000 0 0 0 0 0 0 0 0] 2 [2 4 2 5] 2019-08-22 17:16:50 1566465410})
2019/08/22 17:16:50.356 [D] [ext_timer.go:569]  该玩家有投注，所以存储游戏记录
2019/08/22 17:16:50.452 [D] [hall.go:760]  发送保存记录
2019/08/22 17:16:50.461 [D] [hall.go:807]  发送斗地主的保存记录
2019/08/22 17:17:33.355 [D] [ext_timer.go:192]  通杀概率%!(EXTRA float64=0.1)
2019/08/22 17:17:33.355 [D] [ext_timer.go:294]  库存概率%!(EXTRA float32=0.25)
2019/08/22 17:17:33.355 [D] [ext_timer.go:362]  黑名单区域%!(EXTRA []int=[])
2019/08/22 17:17:33.355 [D] [ext_timer.go:373]  按库存区域中奖%!(EXTRA int=0)
2019/08/22 17:17:33.355 [D] [ext_timer.go:392]  随机开奖%!(EXTRA int=1)
2019/08/22 17:17:33.355 [D] [ext_timer.go:392]  随机开奖%!(EXTRA int=2)
2019/08/22 17:17:33.355 [D] [ext_timer.go:392]  随机开奖%!(EXTRA int=3)
2019/08/22 17:17:44.356 [D] [ext_timer.go:564]  总下注：%!(EXTRA int64=538389, int64=0)
2019/08/22 17:17:44.356 [D] [ext_timer.go:567]  游戏记录：%!(EXTRA main.RecordData={王牌厅 0 0 [0 0 0 0 0 0 0 0 0] 1 [6 4 1 2] 2019-08-22 17:17:44 1566465464})
2019/08/22 17:17:44.356 [D] [ext_timer.go:572]  该玩家没有投注，不存游戏记录
2019/08/22 17:17:44.356 [D] [ext_timer.go:564]  总下注：%!(EXTRA int64=538430, int64=200000)
2019/08/22 17:17:44.356 [D] [ext_timer.go:567]  游戏记录：%!(EXTRA main.RecordData={王牌厅 200000 196000 [200000 0 0 0 0 0 0 0 0] 1 [6 4 1 2] 2019-08-22 17:17:44 1566465464})
2019/08/22 17:17:44.356 [D] [ext_timer.go:569]  该玩家有投注，所以存储游戏记录
2019/08/22 17:17:44.356 [D] [hall.go:839]  发送修改金币
2019/08/22 17:17:44.437 [D] [hall.go:760]  发送保存记录
2019/08/22 17:17:44.466 [D] [hall.go:807]  发送斗地主的保存记录
2019/08/22 17:18:27.355 [D] [ext_timer.go:192]  通杀概率%!(EXTRA float64=0.1)
2019/08/22 17:18:27.355 [D] [ext_timer.go:294]  库存概率%!(EXTRA float32=0.25)
2019/08/22 17:18:27.355 [D] [ext_timer.go:362]  黑名单区域%!(EXTRA []int=[])
2019/08/22 17:18:27.355 [D] [ext_timer.go:373]  按库存区域中奖%!(EXTRA int=0)
2019/08/22 17:18:27.355 [D] [ext_timer.go:392]  随机开奖%!(EXTRA int=1)
2019/08/22 17:18:27.355 [D] [ext_timer.go:392]  随机开奖%!(EXTRA int=2)
2019/08/22 17:18:27.355 [D] [ext_timer.go:392]  随机开奖%!(EXTRA int=3)
2019/08/22 17:18:38.355 [D] [ext_timer.go:564]  总下注：%!(EXTRA int64=538389, int64=0)
2019/08/22 17:18:38.355 [D] [ext_timer.go:567]  游戏记录：%!(EXTRA main.RecordData={王牌厅 0 0 [0 0 0 0 0 0 0 0 0] 3 [4 3 2 2] 2019-08-22 17:18:38 1566465518})
2019/08/22 17:18:38.355 [D] [ext_timer.go:572]  该玩家没有投注，不存游戏记录
2019/08/22 17:18:38.355 [D] [hall.go:839]  发送修改金币
2019/08/22 17:18:38.355 [D] [ext_timer.go:564]  总下注：%!(EXTRA int64=538430, int64=200000)
2019/08/22 17:18:38.355 [D] [ext_timer.go:567]  游戏记录：%!(EXTRA main.RecordData={王牌厅 200000 196000 [200000 0 0 0 0 0 0 0 0] 3 [4 3 2 2] 2019-08-22 17:18:38 1566465518})
2019/08/22 17:18:38.355 [D] [ext_timer.go:569]  该玩家有投注，所以存储游戏记录
2019/08/22 17:18:39.417 [D] [hall.go:760]  发送保存记录
2019/08/22 17:18:39.425 [D] [hall.go:807]  发送斗地主的保存记录
2019/08/22 17:19:32.355 [D] [ext_timer.go:564]  总下注：%!(EXTRA int64=538430, int64=0)
2019/08/22 17:19:32.355 [D] [ext_timer.go:567]  游戏记录：%!(EXTRA main.RecordData={王牌厅 0 0 [0 0 0 0 0 0 0 0 0] 2 [4 4 4 2] 2019-08-22 17:19:32 1566465572})
2019/08/22 17:19:32.355 [D] [ext_timer.go:572]  该玩家没有投注，不存游戏记录
2019/08/22 17:19:32.355 [D] [ext_timer.go:564]  总下注：%!(EXTRA int64=538389, int64=0)
2019/08/22 17:19:32.355 [D] [ext_timer.go:567]  游戏记录：%!(EXTRA main.RecordData={王牌厅 0 0 [0 0 0 0 0 0 0 0 0] 2 [4 4 4 2] 2019-08-22 17:19:32 1566465572})
2019/08/22 17:19:32.355 [D] [ext_timer.go:572]  该玩家没有投注，不存游戏记录
2019/08/22 17:19:58.625 [D] [conf.go:34]  网关配置文件初始化结束...%!(EXTRA main.Config={0 192.168.0.139 6 3 2 8500 1 500 http://10.0.0.88:8089 http://10.0.0.88:8088 http://192.168.0.181:8087})
2019/08/22 17:19:58.633 [D] [hall.go:72]  大厅初始化结束
2019/08/22 17:19:58.633 [D] [hall.go:74]  游服初始化结束
2019/08/22 17:19:58.649 [D] [mgrdesk.go:410]  获取游戏服务器信息成功%!(EXTRA main.DbGetGameServerData={100 true true 6 百人炸金花 2 王牌厅 93 9223372036854776 0 true 0 0 300 100 0 1000000 3 百人房间 brzjh {[{0.45 5000000 0} {0.35 20000000 5000000} {0.25 999999990000 20000000}] 20200000 1 10000 0.1 1 5}})
2019/08/22 17:19:58.658 [D] [mgrdesk.go:436]  获取玩家层级胜率成功%!(EXTRA []main.DbHierarchyGameRate=[{-0.16 9} {-0.35 10} {-0.12 11} {-1 36} {0.8 38} {0.12 39} {0.12 40} {0.12 41} {0.12 42} {0.12 43} {0.12 44} {0.12 45} {0.12 46} {0.12 47} {0.12 48} {0.12 49}])
2019/08/22 17:19:58.658 [D] [main.go:19]  服务器运行开始
2019/08/22 17:20:33.634 [D] [ext_timer.go:192]  通杀概率%!(EXTRA float64=0.1)
2019/08/22 17:20:33.634 [D] [ext_timer.go:294]  库存概率%!(EXTRA float32=0.25)
2019/08/22 17:20:33.634 [D] [ext_timer.go:362]  黑名单区域%!(EXTRA []int=[])
2019/08/22 17:20:33.634 [D] [ext_timer.go:373]  按库存区域中奖%!(EXTRA int=0)
2019/08/22 17:20:33.634 [D] [ext_timer.go:392]  随机开奖%!(EXTRA int=1)
2019/08/22 17:20:33.634 [D] [ext_timer.go:392]  随机开奖%!(EXTRA int=2)
2019/08/22 17:20:33.634 [D] [ext_timer.go:392]  随机开奖%!(EXTRA int=3)
2019/08/22 17:20:44.633 [D] [ext_timer.go:564]  总下注：%!(EXTRA string=15770877758, int64=200000)
2019/08/22 17:20:44.633 [D] [hall.go:839]  发送修改金币
2019/08/22 17:20:44.633 [D] [ext_timer.go:567]  游戏记录：%!(EXTRA main.RecordData={王牌厅 200000 196000 [200000 0 0 0 0 0 0 0 0] 1 [3 2 2 2] 2019-08-22 17:20:44 1566465644})
2019/08/22 17:20:44.633 [D] [ext_timer.go:569]  该玩家有投注，所以存储游戏记录
2019/08/22 17:20:44.695 [D] [hall.go:760]  发送保存记录
2019/08/22 17:20:44.701 [D] [hall.go:807]  发送斗地主的保存记录
2019/08/22 17:21:27.633 [D] [ext_timer.go:192]  通杀概率%!(EXTRA float64=0.1)
2019/08/22 17:21:27.633 [D] [ext_timer.go:294]  库存概率%!(EXTRA float32=0.25)
2019/08/22 17:21:27.633 [D] [ext_timer.go:362]  黑名单区域%!(EXTRA []int=[])
2019/08/22 17:21:27.633 [D] [ext_timer.go:373]  按库存区域中奖%!(EXTRA int=0)
2019/08/22 17:21:27.633 [D] [ext_timer.go:392]  随机开奖%!(EXTRA int=1)
2019/08/22 17:21:27.633 [D] [ext_timer.go:392]  随机开奖%!(EXTRA int=2)
2019/08/22 17:21:27.633 [D] [ext_timer.go:392]  随机开奖%!(EXTRA int=3)
2019/08/22 17:21:38.633 [D] [ext_timer.go:564]  总下注：%!(EXTRA string=15770877758, int64=200000)
2019/08/22 17:21:38.633 [D] [hall.go:839]  发送修改金币
2019/08/22 17:21:38.633 [D] [ext_timer.go:567]  游戏记录：%!(EXTRA main.RecordData={王牌厅 200000 196000 [200000 0 0 0 0 0 0 0 0] 3 [4 1 1 1] 2019-08-22 17:21:38 1566465698})
2019/08/22 17:21:38.633 [D] [ext_timer.go:569]  该玩家有投注，所以存储游戏记录
2019/08/22 17:21:38.633 [D] [ext_timer.go:564]  总下注：%!(EXTRA string=ahao102, int64=0)
2019/08/22 17:21:38.633 [D] [ext_timer.go:567]  游戏记录：%!(EXTRA main.RecordData={王牌厅 0 0 [0 0 0 0 0 0 0 0 0] 3 [4 1 1 1] 2019-08-22 17:21:38 1566465698})
2019/08/22 17:21:38.633 [D] [ext_timer.go:572]  该玩家没有投注，不存游戏记录
2019/08/22 17:21:38.731 [D] [hall.go:760]  发送保存记录
2019/08/22 17:21:38.758 [D] [hall.go:807]  发送斗地主的保存记录
2019/08/22 17:22:32.634 [D] [ext_timer.go:564]  总下注：%!(EXTRA string=15770877758, int64=0)
2019/08/22 17:22:32.634 [D] [ext_timer.go:567]  游戏记录：%!(EXTRA main.RecordData={王牌厅 0 0 [0 0 0 0 0 0 0 0 0] 2 [2 4 4 4] 2019-08-22 17:22:32 1566465752})
2019/08/22 17:22:32.634 [D] [ext_timer.go:572]  该玩家没有投注，不存游戏记录
2019/08/22 17:22:32.634 [D] [ext_timer.go:564]  总下注：%!(EXTRA string=ahao102, int64=0)
2019/08/22 17:22:32.634 [D] [ext_timer.go:567]  游戏记录：%!(EXTRA main.RecordData={王牌厅 0 0 [0 0 0 0 0 0 0 0 0] 2 [2 4 4 4] 2019-08-22 17:22:32 1566465752})
2019/08/22 17:22:32.634 [D] [ext_timer.go:572]  该玩家没有投注，不存游戏记录
2019/08/22 17:23:26.634 [D] [ext_timer.go:564]  总下注：%!(EXTRA string=15770877758, int64=0)
2019/08/22 17:23:26.634 [D] [ext_timer.go:567]  游戏记录：%!(EXTRA main.RecordData={王牌厅 0 0 [0 0 0 0 0 0 0 0 0] 3 [4 1 4 2] 2019-08-22 17:23:26 1566465806})
2019/08/22 17:23:26.634 [D] [ext_timer.go:572]  该玩家没有投注，不存游戏记录
2019/08/22 17:23:39.526 [D] [conf.go:34]  网关配置文件初始化结束...%!(EXTRA main.Config={0 192.168.0.139 6 3 6 8500 1 500 http://10.0.0.88:8089 http://10.0.0.88:8088 http://192.168.0.181:8087})
2019/08/22 17:23:39.534 [D] [hall.go:72]  大厅初始化结束
2019/08/22 17:23:39.534 [D] [hall.go:74]  游服初始化结束
2019/08/22 17:23:39.573 [D] [mgrdesk.go:410]  获取游戏服务器信息成功%!(EXTRA main.DbGetGameServerData={100 true true 6 百人炸金花 6 体验厅 137 999999999999 0 true 0 0 300 100 0 0 3 百人房间 brzjh {[] 0 0 0 0 0 0}})
2019/08/22 17:23:39.583 [D] [mgrdesk.go:436]  获取玩家层级胜率成功%!(EXTRA []main.DbHierarchyGameRate=[{-0.16 9} {-0.35 10} {-0.12 11} {-1 36} {0.8 38} {0.12 39} {0.12 40} {0.12 41} {0.12 42} {0.12 43} {0.12 44} {0.12 45} {0.12 46} {0.12 47} {0.12 48} {0.12 49}])
2019/08/22 17:23:39.583 [D] [main.go:19]  服务器运行开始
2019/08/22 17:24:25.564 [D] [ext_timer.go:577]  体验场
2019/08/22 17:25:19.536 [D] [ext_timer.go:577]  体验场
2019/08/22 17:25:19.536 [D] [ext_timer.go:592]  体验场总下注：%!(EXTRA string=15770877758, int64=5000)
2019/08/22 17:25:19.536 [D] [ext_timer.go:596]  游戏记录：%!(EXTRA main.RecordData={体验厅 5000 4900 [5000 0 0 0 0 0 0 0 0] 2 [2 2 4 4] 2019-08-22 17:25:19 1566465919})
2019/08/22 17:25:19.536 [D] [ext_timer.go:598]  该玩家有投注，所以存储游戏记录
2019/08/22 17:25:19.536 [D] [ext_timer.go:592]  体验场总下注：%!(EXTRA string=ahao102, int64=0)
2019/08/22 17:25:19.536 [D] [ext_timer.go:596]  游戏记录：%!(EXTRA main.RecordData={体验厅 0 0 [0 0 0 0 0 0 0 0 0] 2 [2 2 4 4] 2019-08-22 17:25:19 1566465919})
2019/08/22 17:25:19.536 [D] [ext_timer.go:601]  该玩家没有投注，不存游戏记录
2019/08/22 17:26:13.536 [D] [ext_timer.go:577]  体验场
2019/08/22 17:26:13.536 [D] [ext_timer.go:592]  体验场总下注：%!(EXTRA string=15770877758, int64=0)
2019/08/22 17:26:13.536 [D] [ext_timer.go:596]  游戏记录：%!(EXTRA main.RecordData={体验厅 0 0 [0 0 0 0 0 0 0 0 0] 4 [3 3 1 3] 2019-08-22 17:26:13 1566465973})
2019/08/22 17:26:13.536 [D] [ext_timer.go:601]  该玩家没有投注，不存游戏记录
2019/08/22 17:26:13.536 [D] [ext_timer.go:592]  体验场总下注：%!(EXTRA string=ahao102, int64=5000)
2019/08/22 17:26:13.536 [D] [ext_timer.go:596]  游戏记录：%!(EXTRA main.RecordData={体验厅 5000 -5000 [0 5000 0 0 0 0 0 0 0] 4 [3 3 1 3] 2019-08-22 17:26:13 1566465973})
2019/08/22 17:26:13.536 [D] [ext_timer.go:598]  该玩家有投注，所以存储游戏记录
2019/08/22 17:27:07.536 [D] [ext_timer.go:577]  体验场
2019/08/22 17:27:07.536 [D] [ext_timer.go:592]  体验场总下注：%!(EXTRA string=15770877758, int64=0)
2019/08/22 17:27:07.536 [D] [ext_timer.go:596]  游戏记录：%!(EXTRA main.RecordData={体验厅 0 0 [0 0 0 0 0 0 0 0 0] 1 [1 4 4 3] 2019-08-22 17:27:07 1566466027})
2019/08/22 17:27:07.536 [D] [ext_timer.go:601]  该玩家没有投注，不存游戏记录
2019/08/22 17:27:07.536 [D] [ext_timer.go:592]  体验场总下注：%!(EXTRA string=ahao102, int64=0)
2019/08/22 17:27:07.536 [D] [ext_timer.go:596]  游戏记录：%!(EXTRA main.RecordData={体验厅 0 0 [0 0 0 0 0 0 0 0 0] 1 [1 4 4 3] 2019-08-22 17:27:07 1566466027})
2019/08/22 17:27:07.536 [D] [ext_timer.go:601]  该玩家没有投注，不存游戏记录
2019/08/22 17:28:01.535 [D] [ext_timer.go:577]  体验场
2019/08/22 17:28:01.535 [D] [ext_timer.go:592]  体验场总下注：%!(EXTRA string=15770877758, int64=0)
2019/08/22 17:28:01.535 [D] [ext_timer.go:596]  游戏记录：%!(EXTRA main.RecordData={体验厅 0 0 [0 0 0 0 0 0 0 0 0] 1 [2 3 1 1] 2019-08-22 17:28:01 1566466081})
2019/08/22 17:28:01.535 [D] [ext_timer.go:601]  该玩家没有投注，不存游戏记录
2019/08/22 17:28:01.535 [D] [ext_timer.go:592]  体验场总下注：%!(EXTRA string=ahao102, int64=0)
2019/08/22 17:28:01.535 [D] [ext_timer.go:596]  游戏记录：%!(EXTRA main.RecordData={体验厅 0 0 [0 0 0 0 0 0 0 0 0] 1 [2 3 1 1] 2019-08-22 17:28:01 1566466081})
2019/08/22 17:28:01.535 [D] [ext_timer.go:601]  该玩家没有投注，不存游戏记录
2019/08/22 17:28:55.535 [D] [ext_timer.go:577]  体验场
2019/08/22 17:28:55.535 [D] [ext_timer.go:592]  体验场总下注：%!(EXTRA string=15770877758, int64=0)
2019/08/22 17:28:55.535 [D] [ext_timer.go:596]  游戏记录：%!(EXTRA main.RecordData={体验厅 0 0 [0 0 0 0 0 0 0 0 0] 4 [2 1 3 1] 2019-08-22 17:28:55 1566466135})
2019/08/22 17:28:55.535 [D] [ext_timer.go:601]  该玩家没有投注，不存游戏记录
2019/08/22 17:28:55.535 [D] [ext_timer.go:592]  体验场总下注：%!(EXTRA string=ahao102, int64=0)
2019/08/22 17:28:55.535 [D] [ext_timer.go:596]  游戏记录：%!(EXTRA main.RecordData={体验厅 0 0 [0 0 0 0 0 0 0 0 0] 4 [2 1 3 1] 2019-08-22 17:28:55 1566466135})
2019/08/22 17:28:55.535 [D] [ext_timer.go:601]  该玩家没有投注，不存游戏记录
2019/08/22 17:29:49.535 [D] [ext_timer.go:577]  体验场
2019/08/22 17:29:49.535 [D] [ext_timer.go:592]  体验场总下注：%!(EXTRA string=15770877758, int64=0)
2019/08/22 17:29:49.535 [D] [ext_timer.go:596]  游戏记录：%!(EXTRA main.RecordData={体验厅 0 0 [0 0 0 0 0 0 0 0 0] 4 [2 3 2 1] 2019-08-22 17:29:49 1566466189})
2019/08/22 17:29:49.535 [D] [ext_timer.go:601]  该玩家没有投注，不存游戏记录
2019/08/22 17:29:49.535 [D] [ext_timer.go:592]  体验场总下注：%!(EXTRA string=ahao102, int64=0)
2019/08/22 17:29:49.535 [D] [ext_timer.go:596]  游戏记录：%!(EXTRA main.RecordData={体验厅 0 0 [0 0 0 0 0 0 0 0 0] 4 [2 3 2 1] 2019-08-22 17:29:49 1566466189})
2019/08/22 17:29:49.535 [D] [ext_timer.go:601]  该玩家没有投注，不存游戏记录
2019/08/22 17:30:43.535 [D] [ext_timer.go:577]  体验场
2019/08/22 17:30:43.535 [D] [ext_timer.go:592]  体验场总下注：%!(EXTRA string=ahao102, int64=0)
2019/08/22 17:30:43.535 [D] [ext_timer.go:596]  游戏记录：%!(EXTRA main.RecordData={体验厅 0 0 [0 0 0 0 0 0 0 0 0] 4 [4 1 2 4] 2019-08-22 17:30:43 1566466243})
2019/08/22 17:30:43.535 [D] [ext_timer.go:601]  该玩家没有投注，不存游戏记录
2019/08/22 17:31:37.536 [D] [ext_timer.go:577]  体验场
2019/08/22 17:32:31.536 [D] [ext_timer.go:577]  体验场
2019/08/22 17:33:25.535 [D] [ext_timer.go:577]  体验场
2019/08/22 17:34:19.535 [D] [ext_timer.go:577]  体验场
2019/08/22 17:35:13.536 [D] [ext_timer.go:577]  体验场
2019/08/22 17:36:07.536 [D] [ext_timer.go:577]  体验场
2019/08/22 17:37:01.535 [D] [ext_timer.go:577]  体验场
2019/08/22 17:37:55.535 [D] [ext_timer.go:577]  体验场
2019/08/22 17:38:49.536 [D] [ext_timer.go:577]  体验场
2019/08/22 17:39:43.535 [D] [ext_timer.go:577]  体验场
2019/08/22 17:40:37.535 [D] [ext_timer.go:577]  体验场
2019/08/22 17:41:31.536 [D] [ext_timer.go:577]  体验场
2019/08/22 17:42:25.535 [D] [ext_timer.go:577]  体验场
2019/08/22 17:43:19.535 [D] [ext_timer.go:577]  体验场
