2019/08/27 17:29:05 [hall.go:871][E] 保存游戏详情错误%!(EXTRA struct { Msg string "json:\"msg\""; Code int "json:\"code\"" }={游戏id不正确 17000})
2019/08/27 17:47:48 [hall.go:871][E] 保存游戏详情错误%!(EXTRA struct { Msg string "json:\"msg\""; Code int "json:\"code\"" }={游戏id不正确 17000})
2019/08/27 19:34:21 [hall.go:871][E] 保存游戏详情错误%!(EXTRA struct { Msg string "json:\"msg\""; Code int "json:\"code\"" }={游戏id不正确 17000})
2019/08/27 19:40:10 [hall.go:871][E] 保存游戏详情错误%!(EXTRA struct { Msg string "json:\"msg\""; Code int "json:\"code\"" }={游戏id不正确 17000})
2019/08/27 19:42:42 [hall.go:871][E] 保存游戏详情错误%!(EXTRA struct { Msg string "json:\"msg\""; Code int "json:\"code\"" }={游戏id不正确 17000})
2019/08/27 19:43:57 [hall.go:871][E] 保存游戏详情错误%!(EXTRA struct { Msg string "json:\"msg\""; Code int "json:\"code\"" }={游戏id不正确 17000})
2019/08/28 09:39:43 [hall.go:871][E] 保存游戏详情错误%!(EXTRA struct { Msg string "json:\"msg\""; Code int "json:\"code\"" }={游戏id不正确 17000})
2019/08/28 09:42:15 [hall.go:871][E] 保存游戏详情错误%!(EXTRA struct { Msg string "json:\"msg\""; Code int "json:\"code\"" }={游戏id不正确 17000})
2019/08/28 09:43:40 [ext_mgrdesk.go:13][E] get game config faild! err:#yaml: line 38: did not find expected key
2019/08/28 09:44:17 [ext_mgrdesk.go:13][E] get game config faild! err:#yaml: line 38: did not find expected key
2019/08/28 09:46:54 [hall.go:871][E] 保存游戏详情错误%!(EXTRA struct { Msg string "json:\"msg\""; Code int "json:\"code\"" }={游戏id不正确 17000})
2019/08/28 09:47:32 [hall.go:871][E] 保存游戏详情错误%!(EXTRA struct { Msg string "json:\"msg\""; Code int "json:\"code\"" }={游戏id不正确 17000})
2019/08/28 09:48:10 [hall.go:871][E] 保存游戏详情错误%!(EXTRA struct { Msg string "json:\"msg\""; Code int "json:\"code\"" }={游戏id不正确 17000})
2019/08/28 09:49:26 [hall.go:871][E] 保存游戏详情错误%!(EXTRA struct { Msg string "json:\"msg\""; Code int "json:\"code\"" }={游戏id不正确 17000})
2019/08/28 09:50:42 [hall.go:871][E] 保存游戏详情错误%!(EXTRA struct { Msg string "json:\"msg\""; Code int "json:\"code\"" }={游戏id不正确 17000})
2019/08/28 09:51:58 [hall.go:871][E] 保存游戏详情错误%!(EXTRA struct { Msg string "json:\"msg\""; Code int "json:\"code\"" }={游戏id不正确 17000})
2019/08/28 09:57:02 [hall.go:871][E] 保存游戏详情错误%!(EXTRA struct { Msg string "json:\"msg\""; Code int "json:\"code\"" }={游戏id不正确 17000})
2019/08/28 09:57:40 [hall.go:871][E] 保存游戏详情错误%!(EXTRA struct { Msg string "json:\"msg\""; Code int "json:\"code\"" }={游戏id不正确 17000})
2019/08/28 09:58:18 [hall.go:871][E] 保存游戏详情错误%!(EXTRA struct { Msg string "json:\"msg\""; Code int "json:\"code\"" }={游戏id不正确 17000})
2019/08/28 10:08:07 [hall.go:871][E] 保存游戏详情错误%!(EXTRA struct { Msg string "json:\"msg\""; Code int "json:\"code\"" }={游戏id不正确 17000})
2019/08/28 10:09:33 [hall.go:871][E] 保存游戏详情错误%!(EXTRA struct { Msg string "json:\"msg\""; Code int "json:\"code\"" }={游戏id不正确 17000})
2019/08/28 10:10:49 [hall.go:871][E] 保存游戏详情错误%!(EXTRA struct { Msg string "json:\"msg\""; Code int "json:\"code\"" }={游戏id不正确 17000})
2019/08/28 10:12:05 [hall.go:871][E] 保存游戏详情错误%!(EXTRA struct { Msg string "json:\"msg\""; Code int "json:\"code\"" }={游戏id不正确 17000})
2019/08/28 10:13:23 [hall.go:871][E] 保存游戏详情错误%!(EXTRA struct { Msg string "json:\"msg\""; Code int "json:\"code\"" }={游戏id不正确 17000})
2019/08/28 10:14:04 [hall.go:871][E] 保存游戏详情错误%!(EXTRA struct { Msg string "json:\"msg\""; Code int "json:\"code\"" }={游戏id不正确 17000})
2019/08/28 10:14:42 [hall.go:871][E] 保存游戏详情错误%!(EXTRA struct { Msg string "json:\"msg\""; Code int "json:\"code\"" }={游戏id不正确 17000})
2019/08/28 10:15:58 [hall.go:871][E] 保存游戏详情错误%!(EXTRA struct { Msg string "json:\"msg\""; Code int "json:\"code\"" }={游戏id不正确 17000})
2019/08/28 10:16:36 [hall.go:871][E] 保存游戏详情错误%!(EXTRA struct { Msg string "json:\"msg\""; Code int "json:\"code\"" }={游戏id不正确 17000})
2019/08/28 10:17:14 [hall.go:871][E] 保存游戏详情错误%!(EXTRA struct { Msg string "json:\"msg\""; Code int "json:\"code\"" }={游戏id不正确 17000})
2019/08/28 10:20:42 [hall.go:871][E] 保存游戏详情错误%!(EXTRA struct { Msg string "json:\"msg\""; Code int "json:\"code\"" }={游戏id不正确 17000})
2019/08/28 10:24:23 [hall.go:871][E] 保存游戏详情错误%!(EXTRA struct { Msg string "json:\"msg\""; Code int "json:\"code\"" }={游戏id不正确 17000})
2019/08/28 10:29:41 [hall.go:871][E] 保存游戏详情错误%!(EXTRA struct { Msg string "json:\"msg\""; Code int "json:\"code\"" }={游戏id不正确 17000})
2019/08/28 10:33:00 [hall.go:871][E] 保存游戏详情错误%!(EXTRA struct { Msg string "json:\"msg\""; Code int "json:\"code\"" }={游戏id不正确 17000})
2019/08/28 10:34:33 [hall.go:871][E] 保存游戏详情错误%!(EXTRA struct { Msg string "json:\"msg\""; Code int "json:\"code\"" }={游戏id不正确 17000})
2019/08/28 10:37:05 [hall.go:871][E] 保存游戏详情错误%!(EXTRA struct { Msg string "json:\"msg\""; Code int "json:\"code\"" }={游戏id不正确 17000})
2019/08/28 10:38:22 [hall.go:871][E] 保存游戏详情错误%!(EXTRA struct { Msg string "json:\"msg\""; Code int "json:\"code\"" }={游戏id不正确 17000})
2019/08/28 10:43:29 [hall.go:871][E] 保存游戏详情错误%!(EXTRA struct { Msg string "json:\"msg\""; Code int "json:\"code\"" }={游戏id不正确 17000})
2019/08/28 10:47:10 [hall.go:871][E] 保存游戏详情错误%!(EXTRA struct { Msg string "json:\"msg\""; Code int "json:\"code\"" }={游戏id不正确 17000})
2019/08/28 10:50:09 [hall.go:871][E] 保存游戏详情错误%!(EXTRA struct { Msg string "json:\"msg\""; Code int "json:\"code\"" }={游戏id不正确 17000})
2019/08/28 10:51:25 [hall.go:871][E] 保存游戏详情错误%!(EXTRA struct { Msg string "json:\"msg\""; Code int "json:\"code\"" }={游戏id不正确 17000})
2019/08/28 10:55:51 [hall.go:871][E] 保存游戏详情错误%!(EXTRA struct { Msg string "json:\"msg\""; Code int "json:\"code\"" }={游戏id不正确 17000})
2019/08/28 10:56:29 [hall.go:871][E] 保存游戏详情错误%!(EXTRA struct { Msg string "json:\"msg\""; Code int "json:\"code\"" }={游戏id不正确 17000})
2019/08/28 10:59:39 [hall.go:871][E] 保存游戏详情错误%!(EXTRA struct { Msg string "json:\"msg\""; Code int "json:\"code\"" }={ 17000})
2019/08/29 11:00:41 [hall.go:871][E] 保存游戏详情错误%!(EXTRA struct { Msg string "json:\"msg\""; Code int "json:\"code\"" }={游戏id不正确 17000})
2019/08/29 14:37:55 [hall.go:871][E] 保存游戏详情错误%!(EXTRA struct { Msg string "json:\"msg\""; Code int "json:\"code\"" }={游戏id不正确 17000})
2019/08/29 14:40:27 [hall.go:871][E] 保存游戏详情错误%!(EXTRA struct { Msg string "json:\"msg\""; Code int "json:\"code\"" }={游戏id不正确 17000})
2019/08/29 14:42:21 [hall.go:871][E] 保存游戏详情错误%!(EXTRA struct { Msg string "json:\"msg\""; Code int "json:\"code\"" }={游戏id不正确 17000})
2019/08/29 15:13:23 [hall.go:871][E] 保存游戏详情错误%!(EXTRA struct { Msg string "json:\"msg\""; Code int "json:\"code\"" }={游戏id不正确 17000})
2019/08/29 15:14:39 [hall.go:871][E] 保存游戏详情错误%!(EXTRA struct { Msg string "json:\"msg\""; Code int "json:\"code\"" }={游戏id不正确 17000})
2019/08/29 15:39:09 [hall.go:871][E] 保存游戏详情错误%!(EXTRA struct { Msg string "json:\"msg\""; Code int "json:\"code\"" }={游戏id不正确 17000})
2019/08/29 16:43:18 [hall.go:893][E] 保存游戏信息失败
2019/08/29 16:43:19 [hall.go:815][E] 保存游戏记录失败
2019/08/29 16:43:20 [hall.go:862][E] 保存游戏详情失败
2019/08/29 19:13:57 [hall.go:871][E] 保存游戏详情错误%!(EXTRA struct { Msg string "json:\"msg\""; Code int "json:\"code\"" }={游戏id不正确 17000})
2019/08/29 19:24:05 [hall.go:871][E] 保存游戏详情错误%!(EXTRA struct { Msg string "json:\"msg\""; Code int "json:\"code\"" }={游戏id不正确 17000})
2019/08/29 19:24:43 [hall.go:871][E] 保存游戏详情错误%!(EXTRA struct { Msg string "json:\"msg\""; Code int "json:\"code\"" }={游戏id不正确 17000})
2019/08/29 19:25:21 [hall.go:871][E] 保存游戏详情错误%!(EXTRA struct { Msg string "json:\"msg\""; Code int "json:\"code\"" }={游戏id不正确 17000})
2019/08/29 19:28:31 [hall.go:871][E] 保存游戏详情错误%!(EXTRA struct { Msg string "json:\"msg\""; Code int "json:\"code\"" }={游戏id不正确 17000})
2019/08/29 19:29:47 [hall.go:871][E] 保存游戏详情错误%!(EXTRA struct { Msg string "json:\"msg\""; Code int "json:\"code\"" }={游戏id不正确 17000})
2019/08/29 19:31:41 [hall.go:871][E] 保存游戏详情错误%!(EXTRA struct { Msg string "json:\"msg\""; Code int "json:\"code\"" }={游戏id不正确 17000})
2019/08/29 19:32:19 [hall.go:871][E] 保存游戏详情错误%!(EXTRA struct { Msg string "json:\"msg\""; Code int "json:\"code\"" }={游戏id不正确 17000})
2019/08/29 19:36:45 [hall.go:871][E] 保存游戏详情错误%!(EXTRA struct { Msg string "json:\"msg\""; Code int "json:\"code\"" }={游戏id不正确 17000})
2019/08/29 19:37:23 [hall.go:871][E] 保存游戏详情错误%!(EXTRA struct { Msg string "json:\"msg\""; Code int "json:\"code\"" }={游戏id不正确 17000})
2019/08/29 19:38:01 [hall.go:871][E] 保存游戏详情错误%!(EXTRA struct { Msg string "json:\"msg\""; Code int "json:\"code\"" }={游戏id不正确 17000})
2019/08/29 19:41:11 [hall.go:871][E] 保存游戏详情错误%!(EXTRA struct { Msg string "json:\"msg\""; Code int "json:\"code\"" }={游戏id不正确 17000})
2019/08/29 21:04:57 [hall.go:871][E] 保存游戏详情错误%!(EXTRA struct { Msg string "json:\"msg\""; Code int "json:\"code\"" }={游戏id不正确 17000})
2019/08/30 09:08:58 [hall.go:871][E] 保存游戏详情错误%!(EXTRA struct { Msg string "json:\"msg\""; Code int "json:\"code\"" }={游戏id不正确 17000})
2019/08/30 09:09:36 [hall.go:871][E] 保存游戏详情错误%!(EXTRA struct { Msg string "json:\"msg\""; Code int "json:\"code\"" }={游戏id不正确 17000})
2019/08/30 09:10:14 [hall.go:871][E] 保存游戏详情错误%!(EXTRA struct { Msg string "json:\"msg\""; Code int "json:\"code\"" }={游戏id不正确 17000})
2019/08/30 09:10:14 [hall.go:871][E] 保存游戏详情错误%!(EXTRA struct { Msg string "json:\"msg\""; Code int "json:\"code\"" }={游戏id不正确 17000})
2019/08/31 15:27:26 [hall.go:745][E] 保存游戏信息失败%!(EXTRA string=eyJhbGciOiJIUzI1NiJ9.eyJqdGkiOiJoYWxscmVxdWVzdGhvbWUiLCJpYXQiOjE1NTA4MTYxOTR9.m8zSOaTzkXKTKoUuEISF-fKryM2KDKPO-_YwEXizN54)
2019/09/07 16:04:21 [hall.go:745][E] 保存游戏信息失败%!(EXTRA string=eyJhbGciOiJIUzI1NiJ9.eyJqdGkiOiJoYWxscmVxdWVzdGhvbWUiLCJpYXQiOjE1NTA4MTYxOTR9.m8zSOaTzkXKTKoUuEISF-fKryM2KDKPO-_YwEXizN54)
2019/09/19 16:11:04 [hall.go:902][E] 保存游戏信息失败%!(EXTRA struct { Msg string "json:\"msg\""; Code int "json:\"code\"" }={用户金币不足 5014})
2019/09/19 16:11:42 [hall.go:902][E] 保存游戏信息失败%!(EXTRA struct { Msg string "json:\"msg\""; Code int "json:\"code\"" }={用户金币不足 5014})
2019/09/19 16:12:20 [hall.go:902][E] 保存游戏信息失败%!(EXTRA struct { Msg string "json:\"msg\""; Code int "json:\"code\"" }={用户金币不足 5014})
2019/09/19 16:13:36 [hall.go:902][E] 保存游戏信息失败%!(EXTRA struct { Msg string "json:\"msg\""; Code int "json:\"code\"" }={用户金币不足 5014})
2019/09/19 16:18:01 [hall.go:902][E] 保存游戏信息失败%!(EXTRA struct { Msg string "json:\"msg\""; Code int "json:\"code\"" }={用户金币不足 5014})
