2019/09/29 11:10:50 [conf.go:35][D] 网关配置文件初始化结束...%!(EXTRA main.Config={0 127.0.0.1 24 1 6 1 8500 500 4 http://10.0.0.200:8089 http://10.0.0.88:8088 http://10.0.0.222:8087})
2019/09/29 11:10:50 [hall.go:72][D] 大厅初始化结束
2019/09/29 11:10:50 [hall.go:74][D] 游服初始化结束
2019/09/29 11:10:50 [mgrdesk.go:479][D] ...............1%!(EXTRA string={
	"msg":"success",
	"code":200,
	"data":{
		"game":[
			{
				"bscore":100,
				"display":true,
				"enable":true,
				"gameConfig":{},
				"gameId":24,
				"gameName":"抢庄三公",
				"gradeId":6,
				"gradeName":"体验厅",
				"id":189,
				"limitHigh":9223372036854776,
				"limitLower":0,
				"maintenance":true,
				"maxLines":0,
				"maxTimes":10,
				"onlineMax":300,
				"onlineMin":100,
				"rate":0.00,
				"restrict":0,
				"roomId":1,
				"roomName":"匹配房间",
				"sence":"qzsg"
			}
		]
	}
})
2019/09/29 11:10:50 [mgrdesk.go:488][D] 获取游戏服务器信息成功%!(EXTRA main.DbGetGameServerData={100 true true 24 抢庄三公 6 体验厅 189 9223372036854776 0 true 0 10 300 100 0 0 1 匹配房间 qzsg {[] 0 0 0 0 0 0 0 0 0 0 [] 0 0 []}})
2019/09/29 11:11:11 [mgrdesk.go:504][D] 获取玩家胜率列表失败%!(EXTRA *url.Error=Get http://10.0.0.200:8089/V1.0/App/hierarchy/rateList: dial tcp 10.0.0.200:8089: connectex: 由于连接方在一段时间后没有正确答复或连接的主机没有反应，连接尝试失败。)
2019/09/29 11:11:30 [conf.go:35][D] 网关配置文件初始化结束...%!(EXTRA main.Config={0 127.0.0.1 24 1 6 1 8500 500 4 http://10.0.0.88:8089 http://10.0.0.88:8088 http://10.0.0.222:8087})
2019/09/29 11:11:30 [hall.go:72][D] 大厅初始化结束
2019/09/29 11:11:30 [hall.go:74][D] 游服初始化结束
2019/09/29 11:11:30 [mgrdesk.go:479][D] ...............1%!(EXTRA string={
	"msg":"success",
	"code":200,
	"data":{
		"game":[
			{
				"bscore":100,
				"display":true,
				"enable":true,
				"gameConfig":{},
				"gameId":24,
				"gameName":"抢庄三公",
				"gradeId":6,
				"gradeName":"体验厅",
				"id":189,
				"limitHigh":9223372036854776,
				"limitLower":0,
				"maintenance":true,
				"maxLines":0,
				"maxTimes":10,
				"onlineMax":300,
				"onlineMin":100,
				"rate":0.00,
				"restrict":0,
				"roomId":1,
				"roomName":"匹配房间",
				"sence":"qzsg"
			}
		]
	}
})
2019/09/29 11:11:30 [mgrdesk.go:488][D] 获取游戏服务器信息成功%!(EXTRA main.DbGetGameServerData={100 true true 24 抢庄三公 6 体验厅 189 9223372036854776 0 true 0 10 300 100 0 0 1 匹配房间 qzsg {[] 0 0 0 0 0 0 0 0 0 0 [] 0 0 []}})
2019/09/29 11:11:30 [mgrdesk.go:514][D] 获取玩家层级胜率成功%!(EXTRA []main.DbHierarchyGameRate=[{-0.16 9} {-0.35 10} {-0.12 11} {-1 36} {0.8 38} {0.12 39} {0.12 40} {0.12 41} {0.12 42} {0.12 43} {0.12 44} {0.12 45} {0.12 46} {0.12 47} {0.12 48} {0.12 49}])
2019/09/29 11:11:30 [main.go:19][D] 服务器运行开始
2019/09/29 15:06:42 [conf.go:35][D] 网关配置文件初始化结束...%!(EXTRA main.Config={0 127.0.0.1 24 1 6 1 8500 500 4 http://10.0.0.88:8089 http://10.0.0.88:8088 http://10.0.0.222:8087})
2019/09/29 15:06:42 [hall.go:72][D] 大厅初始化结束
2019/09/29 15:06:42 [hall.go:74][D] 游服初始化结束
2019/09/29 15:06:42 [mgrdesk.go:479][D] ...............1%!(EXTRA string={
	"msg":"success",
	"code":200,
	"data":{
		"game":[
			{
				"bscore":100,
				"display":true,
				"enable":true,
				"gameConfig":{},
				"gameId":24,
				"gameName":"抢庄三公",
				"gradeId":6,
				"gradeName":"体验厅",
				"id":189,
				"limitHigh":9223372036854776,
				"limitLower":0,
				"maintenance":true,
				"maxLines":0,
				"maxTimes":10,
				"onlineMax":300,
				"onlineMin":100,
				"rate":0.00,
				"restrict":0,
				"roomId":1,
				"roomName":"匹配房间",
				"sence":"qzsg"
			}
		]
	}
})
2019/09/29 15:06:42 [mgrdesk.go:488][D] 获取游戏服务器信息成功%!(EXTRA main.DbGetGameServerData={100 true true 24 抢庄三公 6 体验厅 189 9223372036854776 0 true 0 10 300 100 0 0 1 匹配房间 qzsg {[] 0 0 0 0 0 0 0 0 0 0 [] 0 0 []}})
2019/09/29 15:06:42 [mgrdesk.go:514][D] 获取玩家层级胜率成功%!(EXTRA []main.DbHierarchyGameRate=[{-0.16 9} {-0.35 10} {-0.12 11} {-1 36} {0.8 38} {0.12 39} {0.12 40} {0.12 41} {0.12 42} {0.12 43} {0.12 44} {0.12 45} {0.12 46} {0.12 47} {0.12 48} {0.12 49}])
2019/09/29 15:06:42 [main.go:19][D] 服务器运行开始
2019/09/29 15:24:46 [conf.go:35][D] 网关配置文件初始化结束...%!(EXTRA main.Config={0 127.0.0.1 24 1 6 1 8500 500 4 http://10.0.0.200:8089 http://10.0.0.88:8088 http://10.0.0.222:8087})
2019/09/29 15:24:46 [hall.go:72][D] 大厅初始化结束
2019/09/29 15:24:46 [hall.go:74][D] 游服初始化结束
2019/09/29 15:24:46 [mgrdesk.go:479][D] ...............1%!(EXTRA string={
	"msg":"success",
	"code":200,
	"data":{
		"game":[
			{
				"bscore":100,
				"display":true,
				"enable":true,
				"gameConfig":{},
				"gameId":24,
				"gameName":"抢庄三公",
				"gradeId":6,
				"gradeName":"体验厅",
				"id":189,
				"limitHigh":9223372036854776,
				"limitLower":0,
				"maintenance":true,
				"maxLines":0,
				"maxTimes":10,
				"onlineMax":300,
				"onlineMin":100,
				"rate":0.00,
				"restrict":0,
				"roomId":1,
				"roomName":"匹配房间",
				"sence":"qzsg"
			}
		]
	}
})
2019/09/29 15:24:46 [mgrdesk.go:488][D] 获取游戏服务器信息成功%!(EXTRA main.DbGetGameServerData={100 true true 24 抢庄三公 6 体验厅 189 9223372036854776 0 true 0 10 300 100 0 0 1 匹配房间 qzsg {[] 0 0 0 0 0 0 0 0 0 0 [] 0 0 []}})
2019/09/29 15:25:07 [mgrdesk.go:504][D] 获取玩家胜率列表失败%!(EXTRA *url.Error=Get http://10.0.0.200:8089/V1.0/App/hierarchy/rateList: dial tcp 10.0.0.200:8089: connectex: 由于连接方在一段时间后没有正确答复或连接的主机没有反应，连接尝试失败。)
2019/09/29 15:29:21 [conf.go:35][D] 网关配置文件初始化结束...%!(EXTRA main.Config={0 127.0.0.1 24 1 6 1 8500 500 4 http://10.0.0.200:8089 http://10.0.0.88:8088 http://10.0.0.222:8087})
2019/09/29 15:29:21 [hall.go:72][D] 大厅初始化结束
2019/09/29 15:29:21 [hall.go:74][D] 游服初始化结束
2019/09/29 15:29:21 [mgrdesk.go:479][D] ...............1%!(EXTRA string={
	"msg":"success",
	"code":200,
	"data":{
		"game":[
			{
				"bscore":100,
				"display":true,
				"enable":true,
				"gameConfig":{},
				"gameId":24,
				"gameName":"抢庄三公",
				"gradeId":6,
				"gradeName":"体验厅",
				"id":189,
				"limitHigh":9223372036854776,
				"limitLower":0,
				"maintenance":true,
				"maxLines":0,
				"maxTimes":10,
				"onlineMax":300,
				"onlineMin":100,
				"rate":0.00,
				"restrict":0,
				"roomId":1,
				"roomName":"匹配房间",
				"sence":"qzsg"
			}
		]
	}
})
2019/09/29 15:29:21 [mgrdesk.go:488][D] 获取游戏服务器信息成功%!(EXTRA main.DbGetGameServerData={100 true true 24 抢庄三公 6 体验厅 189 9223372036854776 0 true 0 10 300 100 0 0 1 匹配房间 qzsg {[] 0 0 0 0 0 0 0 0 0 0 [] 0 0 []}})
2019/09/29 17:49:13 [conf.go:35][D] 网关配置文件初始化结束...%!(EXTRA main.Config={0 127.0.0.1 24 1 6 1 8500 500 4 http://10.0.0.200:8089 http://10.0.0.88:8088 http://10.0.0.222:8087})
2019/09/29 17:49:13 [hall.go:72][D] 大厅初始化结束
2019/09/29 17:49:13 [hall.go:74][D] 游服初始化结束
2019/09/29 17:49:13 [mgrdesk.go:479][D] ...............1%!(EXTRA string={
	"msg":"success",
	"code":200,
	"data":{
		"game":[
			{
				"bscore":100,
				"display":true,
				"enable":true,
				"gameConfig":{},
				"gameId":24,
				"gameName":"抢庄三公",
				"gradeId":6,
				"gradeName":"体验厅",
				"id":189,
				"limitHigh":9223372036854776,
				"limitLower":0,
				"maintenance":true,
				"maxLines":0,
				"maxTimes":10,
				"onlineMax":300,
				"onlineMin":100,
				"rate":0.00,
				"restrict":0,
				"roomId":1,
				"roomName":"匹配房间",
				"sence":"qzsg"
			}
		]
	}
})
2019/09/29 17:49:13 [mgrdesk.go:488][D] 获取游戏服务器信息成功%!(EXTRA main.DbGetGameServerData={100 true true 24 抢庄三公 6 体验厅 189 9223372036854776 0 true 0 10 300 100 0 0 1 匹配房间 qzsg {[] 0 0 0 0 0 0 0 0 0 0 [] 0 0 []}})
